<?xml version="1.0" encoding="UTF-8" ?>
<testsuite failures="0" time="7.8" errors="1" skipped="0" tests="1" name="com.ulearning.ulms.appbackend.dao.UserDaoTest">
  <properties>
    <property name="java.runtime.name" value="Java(TM) SE Runtime Environment"/>
    <property name="sun.boot.library.path" value="D:\projects\tools\jdk1.6.0_34\jre\bin"/>
    <property name="java.vm.version" value="20.9-b04"/>
    <property name="java.vm.vendor" value="Sun Microsystems Inc."/>
    <property name="java.vendor.url" value="http://java.sun.com/"/>
    <property name="path.separator" value=";"/>
    <property name="guice.disable.misplaced.annotation.check" value="true"/>
    <property name="java.vm.name" value="Java HotSpot(TM) 64-Bit Server VM"/>
    <property name="file.encoding.pkg" value="sun.io"/>
    <property name="user.country" value="CN"/>
    <property name="sun.java.launcher" value="SUN_STANDARD"/>
    <property name="sun.os.patch.level" value="Service Pack 1"/>
    <property name="java.vm.specification.name" value="Java Virtual Machine Specification"/>
    <property name="user.dir" value="D:\projects\appbackend"/>
    <property name="java.runtime.version" value="1.6.0_34-b04"/>
    <property name="java.awt.graphicsenv" value="sun.awt.Win32GraphicsEnvironment"/>
    <property name="java.endorsed.dirs" value="D:\projects\tools\jdk1.6.0_34\jre\lib\endorsed"/>
    <property name="os.arch" value="amd64"/>
    <property name="java.io.tmpdir" value="C:\Users\heshuai\AppData\Local\Temp\"/>
    <property name="line.separator" value="
"/>
    <property name="java.vm.specification.vendor" value="Sun Microsystems Inc."/>
    <property name="user.variant" value=""/>
    <property name="os.name" value="Windows 7"/>
    <property name="classworlds.conf" value="D:\projects\tools\apache-maven-3.0.4\bin\m2.conf"/>
    <property name="sun.jnu.encoding" value="GBK"/>
    <property name="java.library.path" value="D:\projects\tools\jdk1.6.0_34\bin;C:\Windows\Sun\Java\bin;C:\Windows\system32;C:\Windows;C:\Program Files\Common Files\Microsoft Shared\Windows Live;C:\Program Files (x86)\Common Files\Microsoft Shared\Windows Live;C:\Windows\system32;C:\Windows;C:\Windows\System32\Wbem;C:\Windows\System32\WindowsPowerShell\v1.0\;C:\Program Files\TortoiseSVN\bin;D:\projects\tools\jdk-6-31\bin;D:\projects\tools\android-sdk-windows\tools;C:\Program Files (x86)\Windows Live\Shared;D:\projects\tools\apache-maven-3.0.4\bin;D:\projects\tools\jdk1.6.0_34\bin;D:\projects\tools\apache-ant-1.8.3\bin;D:\projects\tools\jdk1.6.0_34\bin;D:\projects\tools\android-sdk-windows\tools;C:\Program Files (x86)\SSH Communications Security\SSH Secure Shell;."/>
    <property name="java.specification.name" value="Java Platform API Specification"/>
    <property name="java.class.version" value="50.0"/>
    <property name="sun.management.compiler" value="HotSpot 64-Bit Tiered Compilers"/>
    <property name="os.version" value="6.1"/>
    <property name="user.home" value="C:\Users\heshuai"/>
    <property name="user.timezone" value="Asia/Shanghai"/>
    <property name="java.awt.printerjob" value="sun.awt.windows.WPrinterJob"/>
    <property name="file.encoding" value="GBK"/>
    <property name="java.specification.version" value="1.6"/>
    <property name="user.name" value="heshuai"/>
    <property name="java.class.path" value="D:\projects\tools\apache-maven-3.0.4\boot\plexus-classworlds-2.4.jar"/>
    <property name="java.vm.specification.version" value="1.0"/>
    <property name="sun.arch.data.model" value="64"/>
    <property name="java.home" value="D:\projects\tools\jdk1.6.0_34\jre"/>
    <property name="sun.java.command" value="org.codehaus.plexus.classworlds.launcher.Launcher test"/>
    <property name="java.specification.vendor" value="Sun Microsystems Inc."/>
    <property name="user.language" value="zh"/>
    <property name="awt.toolkit" value="sun.awt.windows.WToolkit"/>
    <property name="java.vm.info" value="mixed mode"/>
    <property name="java.version" value="1.6.0_34"/>
    <property name="java.ext.dirs" value="D:\projects\tools\jdk1.6.0_34\jre\lib\ext;C:\Windows\Sun\Java\lib\ext"/>
    <property name="sun.boot.class.path" value="D:\projects\tools\jdk1.6.0_34\jre\lib\resources.jar;D:\projects\tools\jdk1.6.0_34\jre\lib\rt.jar;D:\projects\tools\jdk1.6.0_34\jre\lib\sunrsasign.jar;D:\projects\tools\jdk1.6.0_34\jre\lib\jsse.jar;D:\projects\tools\jdk1.6.0_34\jre\lib\jce.jar;D:\projects\tools\jdk1.6.0_34\jre\lib\charsets.jar;D:\projects\tools\jdk1.6.0_34\jre\lib\modules\jdk.boot.jar;D:\projects\tools\jdk1.6.0_34\jre\classes"/>
    <property name="java.vendor" value="Sun Microsystems Inc."/>
    <property name="maven.home" value="D:\projects\tools\apache-maven-3.0.4"/>
    <property name="file.separator" value="\"/>
    <property name="java.vendor.url.bug" value="http://java.sun.com/cgi-bin/bugreport.cgi"/>
    <property name="sun.cpu.endian" value="little"/>
    <property name="sun.io.unicode.encoding" value="UnicodeLittle"/>
    <property name="sun.desktop" value="windows"/>
    <property name="sun.cpu.isalist" value="amd64"/>
  </properties>
  <testcase time="6.942" classname="com.ulearning.ulms.appbackend.dao.UserDaoTest" name="checkUser">
    <error message="Failed to load ApplicationContext" type="java.lang.IllegalStateException">java.lang.IllegalStateException: Failed to load ApplicationContext
	at org.springframework.test.context.TestContext.getApplicationContext(TestContext.java:157)
	at org.springframework.test.context.support.DependencyInjectionTestExecutionListener.injectDependencies(DependencyInjectionTestExecutionListener.java:109)
	at org.springframework.test.context.support.DependencyInjectionTestExecutionListener.prepareTestInstance(DependencyInjectionTestExecutionListener.java:75)
	at org.springframework.test.context.TestContextManager.prepareTestInstance(TestContextManager.java:321)
	at org.springframework.test.context.junit4.SpringJUnit4ClassRunner.createTest(SpringJUnit4ClassRunner.java:211)
	at org.springframework.test.context.junit4.SpringJUnit4ClassRunner$1.runReflectiveCall(SpringJUnit4ClassRunner.java:288)
	at org.junit.internal.runners.model.ReflectiveCallable.run(ReflectiveCallable.java:15)
	at org.springframework.test.context.junit4.SpringJUnit4ClassRunner.methodBlock(SpringJUnit4ClassRunner.java:290)
	at org.springframework.test.context.junit4.SpringJUnit4ClassRunner.runChild(SpringJUnit4ClassRunner.java:231)
	at org.junit.runners.BlockJUnit4ClassRunner.runChild(BlockJUnit4ClassRunner.java:48)
	at org.junit.runners.ParentRunner$3.run(ParentRunner.java:231)
	at org.junit.runners.ParentRunner$1.schedule(ParentRunner.java:60)
	at org.junit.runners.ParentRunner.runChildren(ParentRunner.java:229)
	at org.junit.runners.ParentRunner.access$000(ParentRunner.java:50)
	at org.junit.runners.ParentRunner$2.evaluate(ParentRunner.java:222)
	at org.springframework.test.context.junit4.statements.RunBeforeTestClassCallbacks.evaluate(RunBeforeTestClassCallbacks.java:61)
	at org.springframework.test.context.junit4.statements.RunAfterTestClassCallbacks.evaluate(RunAfterTestClassCallbacks.java:71)
	at org.junit.runners.ParentRunner.run(ParentRunner.java:292)
	at org.springframework.test.context.junit4.SpringJUnit4ClassRunner.run(SpringJUnit4ClassRunner.java:174)
	at org.apache.maven.surefire.junit4.JUnit4TestSet.execute(JUnit4TestSet.java:53)
	at org.apache.maven.surefire.junit4.JUnit4Provider.executeTestSet(JUnit4Provider.java:123)
	at org.apache.maven.surefire.junit4.JUnit4Provider.invoke(JUnit4Provider.java:104)
	at sun.reflect.NativeMethodAccessorImpl.invoke0(Native Method)
	at sun.reflect.NativeMethodAccessorImpl.invoke(NativeMethodAccessorImpl.java:39)
	at sun.reflect.DelegatingMethodAccessorImpl.invoke(DelegatingMethodAccessorImpl.java:25)
	at java.lang.reflect.Method.invoke(Method.java:597)
	at org.apache.maven.surefire.util.ReflectionUtils.invokeMethodWithArray(ReflectionUtils.java:164)
	at org.apache.maven.surefire.booter.ProviderFactory$ProviderProxy.invoke(ProviderFactory.java:110)
	at org.apache.maven.surefire.booter.SurefireStarter.invokeProvider(SurefireStarter.java:175)
	at org.apache.maven.surefire.booter.SurefireStarter.runSuitesInProcessWhenForked(SurefireStarter.java:107)
	at org.apache.maven.surefire.booter.ForkedBooter.main(ForkedBooter.java:68)
Caused by: org.springframework.beans.factory.BeanCreationException: Error creating bean with name &apos;feedRepositoryImpl&apos;: Injection of autowired dependencies failed; nested exception is org.springframework.beans.factory.BeanCreationException: Could not autowire field: protected org.springframework.data.mongodb.core.MongoTemplate com.ulearning.ulms.appbackend.repository.impl.MongoRepositoryImpl.mongoTemplate; nested exception is org.springframework.beans.factory.NoSuchBeanDefinitionException: No matching bean of type [org.springframework.data.mongodb.core.MongoTemplate] found for dependency: expected at least 1 bean which qualifies as autowire candidate for this dependency. Dependency annotations: {@org.springframework.beans.factory.annotation.Autowired(required=true)}
	at org.springframework.beans.factory.annotation.AutowiredAnnotationBeanPostProcessor.postProcessPropertyValues(AutowiredAnnotationBeanPostProcessor.java:287)
	at org.springframework.beans.factory.support.AbstractAutowireCapableBeanFactory.populateBean(AbstractAutowireCapableBeanFactory.java:1106)
	at org.springframework.beans.factory.support.AbstractAutowireCapableBeanFactory.doCreateBean(AbstractAutowireCapableBeanFactory.java:517)
	at org.springframework.beans.factory.support.AbstractAutowireCapableBeanFactory.createBean(AbstractAutowireCapableBeanFactory.java:456)
	at org.springframework.beans.factory.support.AbstractBeanFactory$1.getObject(AbstractBeanFactory.java:294)
	at org.springframework.beans.factory.support.DefaultSingletonBeanRegistry.getSingleton(DefaultSingletonBeanRegistry.java:225)
	at org.springframework.beans.factory.support.AbstractBeanFactory.doGetBean(AbstractBeanFactory.java:291)
	at org.springframework.beans.factory.support.AbstractBeanFactory.getBean(AbstractBeanFactory.java:193)
	at org.springframework.beans.factory.support.DefaultListableBeanFactory.preInstantiateSingletons(DefaultListableBeanFactory.java:609)
	at org.springframework.context.support.AbstractApplicationContext.finishBeanFactoryInitialization(AbstractApplicationContext.java:918)
	at org.springframework.context.support.AbstractApplicationContext.refresh(AbstractApplicationContext.java:469)
	at org.springframework.test.context.support.AbstractGenericContextLoader.loadContext(AbstractGenericContextLoader.java:103)
	at org.springframework.test.context.support.AbstractGenericContextLoader.loadContext(AbstractGenericContextLoader.java:1)
	at org.springframework.test.context.support.DelegatingSmartContextLoader.loadContext(DelegatingSmartContextLoader.java:228)
	at org.springframework.test.context.TestContext.loadApplicationContext(TestContext.java:124)
	at org.springframework.test.context.TestContext.getApplicationContext(TestContext.java:148)
	... 30 more
Caused by: org.springframework.beans.factory.BeanCreationException: Could not autowire field: protected org.springframework.data.mongodb.core.MongoTemplate com.ulearning.ulms.appbackend.repository.impl.MongoRepositoryImpl.mongoTemplate; nested exception is org.springframework.beans.factory.NoSuchBeanDefinitionException: No matching bean of type [org.springframework.data.mongodb.core.MongoTemplate] found for dependency: expected at least 1 bean which qualifies as autowire candidate for this dependency. Dependency annotations: {@org.springframework.beans.factory.annotation.Autowired(required=true)}
	at org.springframework.beans.factory.annotation.AutowiredAnnotationBeanPostProcessor$AutowiredFieldElement.inject(AutowiredAnnotationBeanPostProcessor.java:506)
	at org.springframework.beans.factory.annotation.InjectionMetadata.inject(InjectionMetadata.java:87)
	at org.springframework.beans.factory.annotation.AutowiredAnnotationBeanPostProcessor.postProcessPropertyValues(AutowiredAnnotationBeanPostProcessor.java:284)
	... 45 more
Caused by: org.springframework.beans.factory.NoSuchBeanDefinitionException: No matching bean of type [org.springframework.data.mongodb.core.MongoTemplate] found for dependency: expected at least 1 bean which qualifies as autowire candidate for this dependency. Dependency annotations: {@org.springframework.beans.factory.annotation.Autowired(required=true)}
	at org.springframework.beans.factory.support.DefaultListableBeanFactory.raiseNoSuchBeanDefinitionException(DefaultListableBeanFactory.java:952)
	at org.springframework.beans.factory.support.DefaultListableBeanFactory.doResolveDependency(DefaultListableBeanFactory.java:821)
	at org.springframework.beans.factory.support.DefaultListableBeanFactory.resolveDependency(DefaultListableBeanFactory.java:735)
	at org.springframework.beans.factory.annotation.AutowiredAnnotationBeanPostProcessor$AutowiredFieldElement.inject(AutowiredAnnotationBeanPostProcessor.java:478)
	... 47 more
</error>
    <system-out>[DEBUG 15:52:44.195] - SpringJUnit4ClassRunner constructor called with [class com.ulearning.ulms.appbackend.dao.UserDaoTest].
[DEBUG 15:52:44.242] - Delegating to GenericXmlContextLoader to process context configuration [ContextConfigurationAttributes@709446e4 declaringClass = &apos;com.ulearning.ulms.appbackend.dao.BaseDaoTest&apos;, locations = &apos;{classpath:spring-db.xml, classpath:spring-memcache.xml}&apos;, classes = &apos;{}&apos;, inheritLocations = true, contextLoaderClass = &apos;org.springframework.test.context.ContextLoader&apos;].
[DEBUG 15:52:44.242] - Could not find an &apos;annotation declaring class&apos; for annotation type [interface org.springframework.test.context.ActiveProfiles] and class [class com.ulearning.ulms.appbackend.dao.UserDaoTest]
[DEBUG 15:52:44.257] - Retrieved @ProfileValueSourceConfiguration [null] for test class [com.ulearning.ulms.appbackend.dao.UserDaoTest]
[DEBUG 15:52:44.257] - Retrieved ProfileValueSource type [class org.springframework.test.annotation.SystemProfileValueSource] for class [com.ulearning.ulms.appbackend.dao.UserDaoTest]
[DEBUG 15:52:44.257] - Retrieved @ProfileValueSourceConfiguration [null] for test class [com.ulearning.ulms.appbackend.dao.UserDaoTest]
[DEBUG 15:52:44.257] - Retrieved ProfileValueSource type [class org.springframework.test.annotation.SystemProfileValueSource] for class [com.ulearning.ulms.appbackend.dao.UserDaoTest]
[DEBUG 15:52:44.257] - Retrieved @ProfileValueSourceConfiguration [null] for test class [com.ulearning.ulms.appbackend.dao.UserDaoTest]
[DEBUG 15:52:44.257] - Retrieved ProfileValueSource type [class org.springframework.test.annotation.SystemProfileValueSource] for class [com.ulearning.ulms.appbackend.dao.UserDaoTest]
[DEBUG 15:52:44.257] - Performing dependency injection for test context [[TestContext@72c743eb testClass = UserDaoTest, testInstance = com.ulearning.ulms.appbackend.dao.UserDaoTest@783c342b, testMethod = [null], testException = [null], mergedContextConfiguration = [MergedContextConfiguration@388530b8 testClass = UserDaoTest, locations = &apos;{classpath:spring-db.xml, classpath:spring-memcache.xml}&apos;, classes = &apos;{}&apos;, activeProfiles = &apos;{}&apos;, contextLoader = &apos;org.springframework.test.context.support.DelegatingSmartContextLoader&apos;]]].
[DEBUG 15:52:44.257] - Delegating to GenericXmlContextLoader to load context from [MergedContextConfiguration@388530b8 testClass = UserDaoTest, locations = &apos;{classpath:spring-db.xml, classpath:spring-memcache.xml}&apos;, classes = &apos;{}&apos;, activeProfiles = &apos;{}&apos;, contextLoader = &apos;org.springframework.test.context.support.DelegatingSmartContextLoader&apos;].
[DEBUG 15:52:44.257] - Loading ApplicationContext for merged context configuration [[MergedContextConfiguration@388530b8 testClass = UserDaoTest, locations = &apos;{classpath:spring-db.xml, classpath:spring-memcache.xml}&apos;, classes = &apos;{}&apos;, activeProfiles = &apos;{}&apos;, contextLoader = &apos;org.springframework.test.context.support.DelegatingSmartContextLoader&apos;]].
[DEBUG 15:52:44.320] - Initializing new StandardEnvironment
[DEBUG 15:52:44.320] - Adding [systemProperties] PropertySource with lowest search precedence
[DEBUG 15:52:44.320] - Adding [systemEnvironment] PropertySource with lowest search precedence
[DEBUG 15:52:44.320] - Initialized StandardEnvironment with PropertySources [systemProperties,systemEnvironment]
[DEBUG 15:52:44.367] - Initializing new StandardEnvironment
[DEBUG 15:52:44.367] - Adding [systemProperties] PropertySource with lowest search precedence
[DEBUG 15:52:44.367] - Adding [systemEnvironment] PropertySource with lowest search precedence
[DEBUG 15:52:44.367] - Initialized StandardEnvironment with PropertySources [systemProperties,systemEnvironment]
[INFO  15:52:44.429] - Loading XML bean definitions from class path resource [spring-db.xml]
[DEBUG 15:52:44.429] - Using JAXP provider [com.sun.org.apache.xerces.internal.jaxp.DocumentBuilderFactoryImpl]
[DEBUG 15:52:44.460] - Loading schema mappings from [META-INF/spring.schemas]
[DEBUG 15:52:44.476] - Loaded schema mappings: {http://www.springframework.org/schema/util/spring-util.xsd=org/springframework/beans/factory/xml/spring-util-3.1.xsd, http://www.springframework.org/schema/data/mongo/spring-mongo.xsd=org/springframework/data/mongodb/config/spring-mongo-1.0.xsd, http://www.springframework.org/schema/mvc/spring-mvc-3.1.xsd=org/springframework/web/servlet/config/spring-mvc-3.1.xsd, http://www.springframework.org/schema/beans/spring-beans-3.1.xsd=org/springframework/beans/factory/xml/spring-beans-3.1.xsd, http://www.springframework.org/schema/task/spring-task.xsd=org/springframework/scheduling/config/spring-task-3.1.xsd, http://www.springframework.org/schema/cache/spring-cache.xsd=org/springframework/cache/config/spring-cache-3.1.xsd, http://www.springframework.org/schema/aop/spring-aop-3.0.xsd=org/springframework/aop/config/spring-aop-3.0.xsd, http://www.springframework.org/schema/task/spring-task-3.1.xsd=org/springframework/scheduling/config/spring-task-3.1.xsd, http://www.springframework.org/schema/aop/spring-aop-2.0.xsd=org/springframework/aop/config/spring-aop-2.0.xsd, http://www.springframework.org/schema/tool/spring-tool-2.5.xsd=org/springframework/beans/factory/xml/spring-tool-2.5.xsd, http://www.springframework.org/schema/beans/spring-beans.xsd=org/springframework/beans/factory/xml/spring-beans-3.1.xsd, http://www.springframework.org/schema/jee/spring-jee-2.5.xsd=org/springframework/ejb/config/spring-jee-2.5.xsd, http://www.springframework.org/schema/jdbc/spring-jdbc-3.1.xsd=org/springframework/jdbc/config/spring-jdbc-3.1.xsd, http://www.springframework.org/schema/tool/spring-tool-3.1.xsd=org/springframework/beans/factory/xml/spring-tool-3.1.xsd, http://www.springframework.org/schema/jee/spring-jee-3.1.xsd=org/springframework/ejb/config/spring-jee-3.1.xsd, http://www.springframework.org/schema/aop/spring-aop.xsd=org/springframework/aop/config/spring-aop-3.1.xsd, http://www.springframework.org/schema/beans/spring-beans-2.0.xsd=org/springframework/beans/factory/xml/spring-beans-2.0.xsd, http://www.springframework.org/schema/mvc/spring-mvc-3.0.xsd=org/springframework/web/servlet/config/spring-mvc-3.0.xsd, http://www.springframework.org/schema/beans/spring-beans-3.0.xsd=org/springframework/beans/factory/xml/spring-beans-3.0.xsd, http://www.springframework.org/schema/task/spring-task-3.0.xsd=org/springframework/scheduling/config/spring-task-3.0.xsd, http://www.springframework.org/schema/tx/spring-tx-2.5.xsd=org/springframework/transaction/config/spring-tx-2.5.xsd, http://www.springframework.org/schema/context/spring-context-2.5.xsd=org/springframework/context/config/spring-context-2.5.xsd, http://www.springframework.org/schema/jdbc/spring-jdbc-3.0.xsd=org/springframework/jdbc/config/spring-jdbc-3.0.xsd, http://www.springframework.org/schema/tool/spring-tool-3.0.xsd=org/springframework/beans/factory/xml/spring-tool-3.0.xsd, http://www.springframework.org/schema/util/spring-util-2.5.xsd=org/springframework/beans/factory/xml/spring-util-2.5.xsd, http://www.springframework.org/schema/tool/spring-tool-2.0.xsd=org/springframework/beans/factory/xml/spring-tool-2.0.xsd, http://www.springframework.org/schema/tx/spring-tx.xsd=org/springframework/transaction/config/spring-tx-3.1.xsd, http://www.springframework.org/schema/lang/spring-lang.xsd=org/springframework/scripting/config/spring-lang-3.1.xsd, http://www.springframework.org/schema/lang/spring-lang-2.5.xsd=org/springframework/scripting/config/spring-lang-2.5.xsd, http://www.springframework.org/schema/jee/spring-jee-3.0.xsd=org/springframework/ejb/config/spring-jee-3.0.xsd, http://www.springframework.org/schema/jee/spring-jee-2.0.xsd=org/springframework/ejb/config/spring-jee-2.0.xsd, http://www.springframework.org/schema/tx/spring-tx-3.1.xsd=org/springframework/transaction/config/spring-tx-3.1.xsd, http://www.springframework.org/schema/context/spring-context-3.1.xsd=org/springframework/context/config/spring-context-3.1.xsd, http://www.springframework.org/schema/util/spring-util-3.1.xsd=org/springframework/beans/factory/xml/spring-util-3.1.xsd, http://www.springframework.org/schema/lang/spring-lang-3.1.xsd=org/springframework/scripting/config/spring-lang-3.1.xsd, http://www.springframework.org/schema/cache/spring-cache-3.1.xsd=org/springframework/cache/config/spring-cache-3.1.xsd, http://www.springframework.org/schema/context/spring-context.xsd=org/springframework/context/config/spring-context-3.1.xsd, http://www.springframework.org/schema/jee/spring-jee.xsd=org/springframework/ejb/config/spring-jee-3.1.xsd, http://www.springframework.org/schema/aop/spring-aop-2.5.xsd=org/springframework/aop/config/spring-aop-2.5.xsd, http://www.springframework.org/schema/data/repository/spring-repository.xsd=org/springframework/data/repository/config/spring-repository-1.0.xsd, http://www.springframework.org/schema/mvc/spring-mvc.xsd=org/springframework/web/servlet/config/spring-mvc-3.1.xsd, http://www.springframework.org/schema/jdbc/spring-jdbc.xsd=org/springframework/jdbc/config/spring-jdbc-3.1.xsd, http://www.springframework.org/schema/data/mongo/spring-mongo-1.0.xsd=org/springframework/data/mongodb/config/spring-mongo-1.0.xsd, http://www.springframework.org/schema/data/repository/spring-repository-1.0.xsd=org/springframework/data/repository/config/spring-repository-1.0.xsd, http://www.springframework.org/schema/tx/spring-tx-2.0.xsd=org/springframework/transaction/config/spring-tx-2.0.xsd, http://www.springframework.org/schema/aop/spring-aop-3.1.xsd=org/springframework/aop/config/spring-aop-3.1.xsd, http://www.springframework.org/schema/tx/spring-tx-3.0.xsd=org/springframework/transaction/config/spring-tx-3.0.xsd, http://www.springframework.org/schema/context/spring-context-3.0.xsd=org/springframework/context/config/spring-context-3.0.xsd, http://www.springframework.org/schema/tool/spring-tool.xsd=org/springframework/beans/factory/xml/spring-tool-3.1.xsd, http://www.springframework.org/schema/util/spring-util-3.0.xsd=org/springframework/beans/factory/xml/spring-util-3.0.xsd, http://www.springframework.org/schema/util/spring-util-2.0.xsd=org/springframework/beans/factory/xml/spring-util-2.0.xsd, http://www.springframework.org/schema/lang/spring-lang-3.0.xsd=org/springframework/scripting/config/spring-lang-3.0.xsd, http://www.springframework.org/schema/lang/spring-lang-2.0.xsd=org/springframework/scripting/config/spring-lang-2.0.xsd, http://www.springframework.org/schema/beans/spring-beans-2.5.xsd=org/springframework/beans/factory/xml/spring-beans-2.5.xsd}
[DEBUG 15:52:44.476] - Found XML schema [http://www.springframework.org/schema/beans/spring-beans.xsd] in classpath: org/springframework/beans/factory/xml/spring-beans-3.1.xsd
[DEBUG 15:52:44.569] - Found XML schema [http://www.springframework.org/schema/context/spring-context-3.1.xsd] in classpath: org/springframework/context/config/spring-context-3.1.xsd
[DEBUG 15:52:44.585] - Found XML schema [http://www.springframework.org/schema/tool/spring-tool-3.1.xsd] in classpath: org/springframework/beans/factory/xml/spring-tool-3.1.xsd
[DEBUG 15:52:44.601] - Found XML schema [http://www.springframework.org/schema/tx/spring-tx-3.1.xsd] in classpath: org/springframework/transaction/config/spring-tx-3.1.xsd
[DEBUG 15:52:44.601] - Found XML schema [http://www.springframework.org/schema/aop/spring-aop-3.1.xsd] in classpath: org/springframework/aop/config/spring-aop-3.1.xsd
[DEBUG 15:52:44.647] - Loading bean definitions
[DEBUG 15:52:44.663] - Loaded NamespaceHandler mappings: {http://www.springframework.org/schema/p=org.springframework.beans.factory.xml.SimplePropertyNamespaceHandler, http://www.springframework.org/schema/mvc=org.springframework.web.servlet.config.MvcNamespaceHandler, http://www.springframework.org/schema/util=org.springframework.beans.factory.xml.UtilNamespaceHandler, http://www.springframework.org/schema/data/mongo=org.springframework.data.mongodb.config.MongoNamespaceHandler, http://www.springframework.org/schema/jee=org.springframework.ejb.config.JeeNamespaceHandler, http://www.springframework.org/schema/aop=org.springframework.aop.config.AopNamespaceHandler, http://www.springframework.org/schema/jdbc=org.springframework.jdbc.config.JdbcNamespaceHandler, http://www.springframework.org/schema/cache=org.springframework.cache.config.CacheNamespaceHandler, http://www.springframework.org/schema/c=org.springframework.beans.factory.xml.SimpleConstructorNamespaceHandler, http://www.springframework.org/schema/tx=org.springframework.transaction.config.TxNamespaceHandler, http://www.springframework.org/schema/task=org.springframework.scheduling.config.TaskNamespaceHandler, http://www.springframework.org/schema/lang=org.springframework.scripting.config.LangNamespaceHandler, http://www.springframework.org/schema/context=org.springframework.context.config.ContextNamespaceHandler}
[DEBUG 15:52:44.679] - Looking for matching resources in directory tree [D:\projects\appbackend\target\test-classes\com\ulearning\ulms\appbackend]
[DEBUG 15:52:44.679] - Searching directory [D:\projects\appbackend\target\test-classes\com\ulearning\ulms\appbackend] for files matching pattern [D:/projects/appbackend/target/test-classes/com/ulearning/ulms/appbackend/**/*.class]
[DEBUG 15:52:44.694] - Searching directory [D:\projects\appbackend\target\test-classes\com\ulearning\ulms\appbackend\dao] for files matching pattern [D:/projects/appbackend/target/test-classes/com/ulearning/ulms/appbackend/**/*.class]
[DEBUG 15:52:44.694] - Searching directory [D:\projects\appbackend\target\test-classes\com\ulearning\ulms\appbackend\repository] for files matching pattern [D:/projects/appbackend/target/test-classes/com/ulearning/ulms/appbackend/**/*.class]
[DEBUG 15:52:44.694] - Searching directory [D:\projects\appbackend\target\test-classes\com\ulearning\ulms\appbackend\service] for files matching pattern [D:/projects/appbackend/target/test-classes/com/ulearning/ulms/appbackend/**/*.class]
[DEBUG 15:52:44.694] - Looking for matching resources in directory tree [D:\projects\appbackend\target\classes\com\ulearning\ulms\appbackend]
[DEBUG 15:52:44.694] - Searching directory [D:\projects\appbackend\target\classes\com\ulearning\ulms\appbackend] for files matching pattern [D:/projects/appbackend/target/classes/com/ulearning/ulms/appbackend/**/*.class]
[DEBUG 15:52:44.694] - Searching directory [D:\projects\appbackend\target\classes\com\ulearning\ulms\appbackend\alipay] for files matching pattern [D:/projects/appbackend/target/classes/com/ulearning/ulms/appbackend/**/*.class]
[DEBUG 15:52:44.694] - Searching directory [D:\projects\appbackend\target\classes\com\ulearning\ulms\appbackend\controller] for files matching pattern [D:/projects/appbackend/target/classes/com/ulearning/ulms/appbackend/**/*.class]
[DEBUG 15:52:44.710] - Searching directory [D:\projects\appbackend\target\classes\com\ulearning\ulms\appbackend\dao] for files matching pattern [D:/projects/appbackend/target/classes/com/ulearning/ulms/appbackend/**/*.class]
[DEBUG 15:52:44.710] - Searching directory [D:\projects\appbackend\target\classes\com\ulearning\ulms\appbackend\dao\impl] for files matching pattern [D:/projects/appbackend/target/classes/com/ulearning/ulms/appbackend/**/*.class]
[DEBUG 15:52:44.710] - Searching directory [D:\projects\appbackend\target\classes\com\ulearning\ulms\appbackend\exception] for files matching pattern [D:/projects/appbackend/target/classes/com/ulearning/ulms/appbackend/**/*.class]
[DEBUG 15:52:44.725] - Searching directory [D:\projects\appbackend\target\classes\com\ulearning\ulms\appbackend\model] for files matching pattern [D:/projects/appbackend/target/classes/com/ulearning/ulms/appbackend/**/*.class]
[DEBUG 15:52:44.725] - Searching directory [D:\projects\appbackend\target\classes\com\ulearning\ulms\appbackend\oauth] for files matching pattern [D:/projects/appbackend/target/classes/com/ulearning/ulms/appbackend/**/*.class]
[DEBUG 15:52:44.725] - Searching directory [D:\projects\appbackend\target\classes\com\ulearning\ulms\appbackend\repository] for files matching pattern [D:/projects/appbackend/target/classes/com/ulearning/ulms/appbackend/**/*.class]
[DEBUG 15:52:44.725] - Searching directory [D:\projects\appbackend\target\classes\com\ulearning\ulms\appbackend\repository\impl] for files matching pattern [D:/projects/appbackend/target/classes/com/ulearning/ulms/appbackend/**/*.class]
[DEBUG 15:52:44.725] - Searching directory [D:\projects\appbackend\target\classes\com\ulearning\ulms\appbackend\service] for files matching pattern [D:/projects/appbackend/target/classes/com/ulearning/ulms/appbackend/**/*.class]
[DEBUG 15:52:44.741] - Searching directory [D:\projects\appbackend\target\classes\com\ulearning\ulms\appbackend\util] for files matching pattern [D:/projects/appbackend/target/classes/com/ulearning/ulms/appbackend/**/*.class]
[DEBUG 15:52:44.741] - Searching directory [D:\projects\appbackend\target\classes\com\ulearning\ulms\appbackend\util\core] for files matching pattern [D:/projects/appbackend/target/classes/com/ulearning/ulms/appbackend/**/*.class]
[DEBUG 15:52:44.741] - Searching directory [D:\projects\appbackend\target\classes\com\ulearning\ulms\appbackend\util\log] for files matching pattern [D:/projects/appbackend/target/classes/com/ulearning/ulms/appbackend/**/*.class]
[DEBUG 15:52:44.741] - Searching directory [D:\projects\appbackend\target\classes\com\ulearning\ulms\appbackend\util\support] for files matching pattern [D:/projects/appbackend/target/classes/com/ulearning/ulms/appbackend/**/*.class]
[DEBUG 15:52:44.741] - Resolved location pattern [classpath*:com/ulearning/ulms/appbackend/**/*.class] to resources [file [D:\projects\appbackend\target\test-classes\com\ulearning\ulms\appbackend\dao\BaseDaoTest.class], file [D:\projects\appbackend\target\test-classes\com\ulearning\ulms\appbackend\dao\UserDaoTest.class], file [D:\projects\appbackend\target\test-classes\com\ulearning\ulms\appbackend\repository\BaseRepositoryTest.class], file [D:\projects\appbackend\target\test-classes\com\ulearning\ulms\appbackend\repository\FeedRepositoryTest.class], file [D:\projects\appbackend\target\test-classes\com\ulearning\ulms\appbackend\repository\UpdateRecordRepositoryTest.class], file [D:\projects\appbackend\target\test-classes\com\ulearning\ulms\appbackend\service\ApnsManagerTest.class], file [D:\projects\appbackend\target\test-classes\com\ulearning\ulms\appbackend\service\BaseManagerTest.class], file [D:\projects\appbackend\target\test-classes\com\ulearning\ulms\appbackend\service\FeedManagerTest.class], file [D:\projects\appbackend\target\classes\com\ulearning\ulms\appbackend\alipay\Base64.class], file [D:\projects\appbackend\target\classes\com\ulearning\ulms\appbackend\alipay\DirectTradeCreateRes.class], file [D:\projects\appbackend\target\classes\com\ulearning\ulms\appbackend\alipay\ErrorCode.class], file [D:\projects\appbackend\target\classes\com\ulearning\ulms\appbackend\alipay\ParameterUtil.class], file [D:\projects\appbackend\target\classes\com\ulearning\ulms\appbackend\alipay\PartnerConfig.class], file [D:\projects\appbackend\target\classes\com\ulearning\ulms\appbackend\alipay\ResponseResult.class], file [D:\projects\appbackend\target\classes\com\ulearning\ulms\appbackend\alipay\RSASignature.class], file [D:\projects\appbackend\target\classes\com\ulearning\ulms\appbackend\alipay\Trade.class], file [D:\projects\appbackend\target\classes\com\ulearning\ulms\appbackend\alipay\XMapUtil.class], file [D:\projects\appbackend\target\classes\com\ulearning\ulms\appbackend\controller\ApnsController.class], file [D:\projects\appbackend\target\classes\com\ulearning\ulms\appbackend\controller\BookMarkController.class], file [D:\projects\appbackend\target\classes\com\ulearning\ulms\appbackend\controller\CatalogController.class], file [D:\projects\appbackend\target\classes\com\ulearning\ulms\appbackend\controller\CommentController.class], file [D:\projects\appbackend\target\classes\com\ulearning\ulms\appbackend\controller\CourseController.class], file [D:\projects\appbackend\target\classes\com\ulearning\ulms\appbackend\controller\FeedController.class], file [D:\projects\appbackend\target\classes\com\ulearning\ulms\appbackend\controller\NoteController.class], file [D:\projects\appbackend\target\classes\com\ulearning\ulms\appbackend\controller\OrderController.class], file [D:\projects\appbackend\target\classes\com\ulearning\ulms\appbackend\controller\SCOController.class], file [D:\projects\appbackend\target\classes\com\ulearning\ulms\appbackend\controller\UserController.class], file [D:\projects\appbackend\target\classes\com\ulearning\ulms\appbackend\dao\ApnsDao.class], file [D:\projects\appbackend\target\classes\com\ulearning\ulms\appbackend\dao\BookMarkDao.class], file [D:\projects\appbackend\target\classes\com\ulearning\ulms\appbackend\dao\CatalogDao.class], file [D:\projects\appbackend\target\classes\com\ulearning\ulms\appbackend\dao\CommentDao.class], file [D:\projects\appbackend\target\classes\com\ulearning\ulms\appbackend\dao\CourseDao.class], file [D:\projects\appbackend\target\classes\com\ulearning\ulms\appbackend\dao\IDao.class], file [D:\projects\appbackend\target\classes\com\ulearning\ulms\appbackend\dao\impl\ApnsDaoImpl.class], file [D:\projects\appbackend\target\classes\com\ulearning\ulms\appbackend\dao\impl\BookMarkDaoImpl.class], file [D:\projects\appbackend\target\classes\com\ulearning\ulms\appbackend\dao\impl\CatalogDaoImpl.class], file [D:\projects\appbackend\target\classes\com\ulearning\ulms\appbackend\dao\impl\CommentDaoImpl.class], file [D:\projects\appbackend\target\classes\com\ulearning\ulms\appbackend\dao\impl\CourseDaoImpl.class], file [D:\projects\appbackend\target\classes\com\ulearning\ulms\appbackend\dao\impl\DaoImpl.class], file [D:\projects\appbackend\target\classes\com\ulearning\ulms\appbackend\dao\impl\NoteDaoImpl.class], file [D:\projects\appbackend\target\classes\com\ulearning\ulms\appbackend\dao\impl\OrderDaoImpl.class], file [D:\projects\appbackend\target\classes\com\ulearning\ulms\appbackend\dao\impl\SCODaoImpl.class], file [D:\projects\appbackend\target\classes\com\ulearning\ulms\appbackend\dao\impl\UserCourseDaoImpl.class], file [D:\projects\appbackend\target\classes\com\ulearning\ulms\appbackend\dao\impl\UserDaoImpl.class], file [D:\projects\appbackend\target\classes\com\ulearning\ulms\appbackend\dao\NoteDao.class], file [D:\projects\appbackend\target\classes\com\ulearning\ulms\appbackend\dao\OrderDao.class], file [D:\projects\appbackend\target\classes\com\ulearning\ulms\appbackend\dao\SCODao.class], file [D:\projects\appbackend\target\classes\com\ulearning\ulms\appbackend\dao\UserCourseDao.class], file [D:\projects\appbackend\target\classes\com\ulearning\ulms\appbackend\dao\UserDao.class], file [D:\projects\appbackend\target\classes\com\ulearning\ulms\appbackend\exception\AlipayTradeException.class], file [D:\projects\appbackend\target\classes\com\ulearning\ulms\appbackend\exception\HibernateTransactionException.class], file [D:\projects\appbackend\target\classes\com\ulearning\ulms\appbackend\exception\MemcachedException.class], file [D:\projects\appbackend\target\classes\com\ulearning\ulms\appbackend\exception\ULMSException.class], file [D:\projects\appbackend\target\classes\com\ulearning\ulms\appbackend\model\Apns.class], file [D:\projects\appbackend\target\classes\com\ulearning\ulms\appbackend\model\BaseModel.class], file [D:\projects\appbackend\target\classes\com\ulearning\ulms\appbackend\model\BookMark.class], file [D:\projects\appbackend\target\classes\com\ulearning\ulms\appbackend\model\Catalog.class], file [D:\projects\appbackend\target\classes\com\ulearning\ulms\appbackend\model\Comment.class], file [D:\projects\appbackend\target\classes\com\ulearning\ulms\appbackend\model\Course.class], file [D:\projects\appbackend\target\classes\com\ulearning\ulms\appbackend\model\Feedback.class], file [D:\projects\appbackend\target\classes\com\ulearning\ulms\appbackend\model\Note.class], file [D:\projects\appbackend\target\classes\com\ulearning\ulms\appbackend\model\Order.class], file [D:\projects\appbackend\target\classes\com\ulearning\ulms\appbackend\model\OrderDetail.class], file [D:\projects\appbackend\target\classes\com\ulearning\ulms\appbackend\model\PaymentResult.class], file [D:\projects\appbackend\target\classes\com\ulearning\ulms\appbackend\model\Platform.class], file [D:\projects\appbackend\target\classes\com\ulearning\ulms\appbackend\model\PushType.class], file [D:\projects\appbackend\target\classes\com\ulearning\ulms\appbackend\model\SDMRelation.class], file [D:\projects\appbackend\target\classes\com\ulearning\ulms\appbackend\model\UpdateRecord.class], file [D:\projects\appbackend\target\classes\com\ulearning\ulms\appbackend\model\User.class], file [D:\projects\appbackend\target\classes\com\ulearning\ulms\appbackend\model\UserCourse.class], file [D:\projects\appbackend\target\classes\com\ulearning\ulms\appbackend\model\UserCoursePK.class], file [D:\projects\appbackend\target\classes\com\ulearning\ulms\appbackend\oauth\OAuthTokenFilter.class], file [D:\projects\appbackend\target\classes\com\ulearning\ulms\appbackend\oauth\TokenGenerator.class], file [D:\projects\appbackend\target\classes\com\ulearning\ulms\appbackend\oauth\TokenStorage.class], file [D:\projects\appbackend\target\classes\com\ulearning\ulms\appbackend\oauth\TokenValidator.class], file [D:\projects\appbackend\target\classes\com\ulearning\ulms\appbackend\repository\FeedRepository.class], file [D:\projects\appbackend\target\classes\com\ulearning\ulms\appbackend\repository\impl\FeedRepositoryImpl.class], file [D:\projects\appbackend\target\classes\com\ulearning\ulms\appbackend\repository\impl\MongoRepositoryImpl.class], file [D:\projects\appbackend\target\classes\com\ulearning\ulms\appbackend\repository\impl\UpdateRecordRepositoryImpl.class], file [D:\projects\appbackend\target\classes\com\ulearning\ulms\appbackend\repository\MongoRepository.class], file [D:\projects\appbackend\target\classes\com\ulearning\ulms\appbackend\repository\UpdateRecordRepository.class], file [D:\projects\appbackend\target\classes\com\ulearning\ulms\appbackend\service\ApnsManager$1.class], file [D:\projects\appbackend\target\classes\com\ulearning\ulms\appbackend\service\ApnsManager$2.class], file [D:\projects\appbackend\target\classes\com\ulearning\ulms\appbackend\service\ApnsManager.class], file [D:\projects\appbackend\target\classes\com\ulearning\ulms\appbackend\service\BookMarkManager$1.class], file [D:\projects\appbackend\target\classes\com\ulearning\ulms\appbackend\service\BookMarkManager$2.class], file [D:\projects\appbackend\target\classes\com\ulearning\ulms\appbackend\service\BookMarkManager.class], file [D:\projects\appbackend\target\classes\com\ulearning\ulms\appbackend\service\CatalogManager.class], file [D:\projects\appbackend\target\classes\com\ulearning\ulms\appbackend\service\CommentManager$1.class], file [D:\projects\appbackend\target\classes\com\ulearning\ulms\appbackend\service\CommentManager.class], file [D:\projects\appbackend\target\classes\com\ulearning\ulms\appbackend\service\CourseManager.class], file [D:\projects\appbackend\target\classes\com\ulearning\ulms\appbackend\service\FeedManager.class], file [D:\projects\appbackend\target\classes\com\ulearning\ulms\appbackend\service\NoteManager$1.class], file [D:\projects\appbackend\target\classes\com\ulearning\ulms\appbackend\service\NoteManager.class], file [D:\projects\appbackend\target\classes\com\ulearning\ulms\appbackend\service\OrderManager.class], file [D:\projects\appbackend\target\classes\com\ulearning\ulms\appbackend\service\SCOManager$1.class], file [D:\projects\appbackend\target\classes\com\ulearning\ulms\appbackend\service\SCOManager.class], file [D:\projects\appbackend\target\classes\com\ulearning\ulms\appbackend\service\UserManager.class], file [D:\projects\appbackend\target\classes\com\ulearning\ulms\appbackend\util\core\Const$payStatus.class], file [D:\projects\appbackend\target\classes\com\ulearning\ulms\appbackend\util\core\Const.class], file [D:\projects\appbackend\target\classes\com\ulearning\ulms\appbackend\util\core\DateTimeUtils.class], file [D:\projects\appbackend\target\classes\com\ulearning\ulms\appbackend\util\core\EncodeDispatcherServlet.class], file [D:\projects\appbackend\target\classes\com\ulearning\ulms\appbackend\util\core\JSONUtils.class], file [D:\projects\appbackend\target\classes\com\ulearning\ulms\appbackend\util\core\ObjectUtils.class], file [D:\projects\appbackend\target\classes\com\ulearning\ulms\appbackend\util\core\WebContextPathListener.class], file [D:\projects\appbackend\target\classes\com\ulearning\ulms\appbackend\util\log\LogUtils$1.class], file [D:\projects\appbackend\target\classes\com\ulearning\ulms\appbackend\util\log\LogUtils$Level.class], file [D:\projects\appbackend\target\classes\com\ulearning\ulms\appbackend\util\log\LogUtils.class], file [D:\projects\appbackend\target\classes\com\ulearning\ulms\appbackend\util\support\MemcachedTemplate.class]]
[DEBUG 15:52:44.788] - Identified candidate component class: file [D:\projects\appbackend\target\classes\com\ulearning\ulms\appbackend\alipay\Trade.class]
[DEBUG 15:52:44.835] - Identified candidate component class: file [D:\projects\appbackend\target\classes\com\ulearning\ulms\appbackend\dao\impl\ApnsDaoImpl.class]
[DEBUG 15:52:44.835] - Identified candidate component class: file [D:\projects\appbackend\target\classes\com\ulearning\ulms\appbackend\dao\impl\BookMarkDaoImpl.class]
[DEBUG 15:52:44.835] - Identified candidate component class: file [D:\projects\appbackend\target\classes\com\ulearning\ulms\appbackend\dao\impl\CatalogDaoImpl.class]
[DEBUG 15:52:44.835] - Identified candidate component class: file [D:\projects\appbackend\target\classes\com\ulearning\ulms\appbackend\dao\impl\CommentDaoImpl.class]
[DEBUG 15:52:44.835] - Identified candidate component class: file [D:\projects\appbackend\target\classes\com\ulearning\ulms\appbackend\dao\impl\CourseDaoImpl.class]
[DEBUG 15:52:44.835] - Identified candidate component class: file [D:\projects\appbackend\target\classes\com\ulearning\ulms\appbackend\dao\impl\NoteDaoImpl.class]
[DEBUG 15:52:44.850] - Identified candidate component class: file [D:\projects\appbackend\target\classes\com\ulearning\ulms\appbackend\dao\impl\OrderDaoImpl.class]
[DEBUG 15:52:44.850] - Identified candidate component class: file [D:\projects\appbackend\target\classes\com\ulearning\ulms\appbackend\dao\impl\SCODaoImpl.class]
[DEBUG 15:52:44.850] - Identified candidate component class: file [D:\projects\appbackend\target\classes\com\ulearning\ulms\appbackend\dao\impl\UserCourseDaoImpl.class]
[DEBUG 15:52:44.850] - Identified candidate component class: file [D:\projects\appbackend\target\classes\com\ulearning\ulms\appbackend\dao\impl\UserDaoImpl.class]
[DEBUG 15:52:44.881] - Identified candidate component class: file [D:\projects\appbackend\target\classes\com\ulearning\ulms\appbackend\oauth\OAuthTokenFilter.class]
[DEBUG 15:52:44.881] - Identified candidate component class: file [D:\projects\appbackend\target\classes\com\ulearning\ulms\appbackend\oauth\TokenGenerator.class]
[DEBUG 15:52:44.881] - Identified candidate component class: file [D:\projects\appbackend\target\classes\com\ulearning\ulms\appbackend\oauth\TokenStorage.class]
[DEBUG 15:52:44.881] - Identified candidate component class: file [D:\projects\appbackend\target\classes\com\ulearning\ulms\appbackend\oauth\TokenValidator.class]
[DEBUG 15:52:44.881] - Identified candidate component class: file [D:\projects\appbackend\target\classes\com\ulearning\ulms\appbackend\repository\impl\FeedRepositoryImpl.class]
[DEBUG 15:52:44.881] - Identified candidate component class: file [D:\projects\appbackend\target\classes\com\ulearning\ulms\appbackend\repository\impl\UpdateRecordRepositoryImpl.class]
[DEBUG 15:52:44.881] - Identified candidate component class: file [D:\projects\appbackend\target\classes\com\ulearning\ulms\appbackend\service\ApnsManager.class]
[DEBUG 15:52:44.881] - Identified candidate component class: file [D:\projects\appbackend\target\classes\com\ulearning\ulms\appbackend\service\BookMarkManager.class]
[DEBUG 15:52:44.881] - Identified candidate component class: file [D:\projects\appbackend\target\classes\com\ulearning\ulms\appbackend\service\CatalogManager.class]
[DEBUG 15:52:44.881] - Identified candidate component class: file [D:\projects\appbackend\target\classes\com\ulearning\ulms\appbackend\service\CommentManager.class]
[DEBUG 15:52:44.881] - Identified candidate component class: file [D:\projects\appbackend\target\classes\com\ulearning\ulms\appbackend\service\CourseManager.class]
[DEBUG 15:52:44.881] - Identified candidate component class: file [D:\projects\appbackend\target\classes\com\ulearning\ulms\appbackend\service\FeedManager.class]
[DEBUG 15:52:44.881] - Identified candidate component class: file [D:\projects\appbackend\target\classes\com\ulearning\ulms\appbackend\service\NoteManager.class]
[DEBUG 15:52:44.897] - Identified candidate component class: file [D:\projects\appbackend\target\classes\com\ulearning\ulms\appbackend\service\OrderManager.class]
[DEBUG 15:52:44.897] - Identified candidate component class: file [D:\projects\appbackend\target\classes\com\ulearning\ulms\appbackend\service\SCOManager.class]
[DEBUG 15:52:44.897] - Identified candidate component class: file [D:\projects\appbackend\target\classes\com\ulearning\ulms\appbackend\service\UserManager.class]
[DEBUG 15:52:44.975] - Loaded 41 bean definitions from location pattern [classpath:spring-db.xml]
[INFO  15:52:44.975] - Loading XML bean definitions from class path resource [spring-memcache.xml]
[DEBUG 15:52:44.975] - Using JAXP provider [com.sun.org.apache.xerces.internal.jaxp.DocumentBuilderFactoryImpl]
[DEBUG 15:52:44.975] - Found XML schema [http://www.springframework.org/schema/beans/spring-beans-3.1.xsd] in classpath: org/springframework/beans/factory/xml/spring-beans-3.1.xsd
[DEBUG 15:52:44.991] - Loading bean definitions
[DEBUG 15:52:44.991] - No XML &apos;id&apos; specified - using &apos;memcachedClientBuilder&apos; as bean name and [] as aliases
[DEBUG 15:52:44.991] - Neither XML &apos;id&apos; nor &apos;name&apos; specified - using generated bean name [java.net.InetSocketAddress#3b49a794]
[DEBUG 15:52:44.991] - No XML &apos;id&apos; specified - using &apos;memcachedClient&apos; as bean name and [] as aliases
[DEBUG 15:52:44.991] - No XML &apos;id&apos; specified - using &apos;memcachedTemplate&apos; as bean name and [] as aliases
[DEBUG 15:52:44.991] - Loaded 3 bean definitions from location pattern [classpath:spring-memcache.xml]
[INFO  15:52:44.991] - Refreshing org.springframework.context.support.GenericApplicationContext@7c138c63: startup date [Wed Nov 07 15:52:44 CST 2012]; root of context hierarchy
[DEBUG 15:52:44.991] - Bean factory for org.springframework.context.support.GenericApplicationContext@7c138c63: org.springframework.beans.factory.support.DefaultListableBeanFactory@609903f4: defining beans [trade,apnsDaoImpl,bookMarkDaoImpl,catalogDaoImpl,commentDaoImpl,courseDaoImpl,noteDaoImpl,orderDaoImpl,SCODaoImpl,userCourseDaoImpl,userDaoImpl,OAuthTokenFilter,tokenGenerator,tokenStorage,tokenValidator,feedRepositoryImpl,updateRecordRepositoryImpl,apnsManager,bookMarkManager,catalogManager,commentManager,courseManager,feedManager,noteManager,orderManager,SCOManager,userManager,org.springframework.context.annotation.internalConfigurationAnnotationProcessor,org.springframework.context.annotation.internalAutowiredAnnotationProcessor,org.springframework.context.annotation.internalRequiredAnnotationProcessor,org.springframework.context.annotation.internalCommonAnnotationProcessor,org.springframework.context.annotation.internalPersistenceAnnotationProcessor,org.springframework.context.support.PropertySourcesPlaceholderConfigurer#0,dataSource,sessionFactory,transactionManager,txAdvice,org.springframework.aop.config.internalAutoProxyCreator,Methods,org.springframework.aop.support.DefaultBeanFactoryPointcutAdvisor#0,jdbcTemplate,memcachedClientBuilder,memcachedClient,memcachedTemplate]; root of factory hierarchy
[DEBUG 15:52:45.069] - Creating shared instance of singleton bean &apos;org.springframework.context.annotation.internalConfigurationAnnotationProcessor&apos;
[DEBUG 15:52:45.069] - Creating instance of bean &apos;org.springframework.context.annotation.internalConfigurationAnnotationProcessor&apos;
[DEBUG 15:52:45.100] - Eagerly caching bean &apos;org.springframework.context.annotation.internalConfigurationAnnotationProcessor&apos; to allow for resolving potential circular references
[DEBUG 15:52:45.100] - Finished creating instance of bean &apos;org.springframework.context.annotation.internalConfigurationAnnotationProcessor&apos;
[DEBUG 15:52:45.287] - Creating shared instance of singleton bean &apos;org.springframework.context.support.PropertySourcesPlaceholderConfigurer#0&apos;
[DEBUG 15:52:45.287] - Creating instance of bean &apos;org.springframework.context.support.PropertySourcesPlaceholderConfigurer#0&apos;
[DEBUG 15:52:45.287] - Eagerly caching bean &apos;org.springframework.context.support.PropertySourcesPlaceholderConfigurer#0&apos; to allow for resolving potential circular references
[DEBUG 15:52:45.318] - Finished creating instance of bean &apos;org.springframework.context.support.PropertySourcesPlaceholderConfigurer#0&apos;
[DEBUG 15:52:45.318] - Adding [environmentProperties] PropertySource with lowest search precedence
[INFO  15:52:45.318] - Loading properties file from class path resource [database.properties]
[DEBUG 15:52:45.318] - Adding [localProperties] PropertySource with lowest search precedence
[DEBUG 15:52:45.318] - Searching for key &apos;c3p0.acquireIncrement&apos; in [environmentProperties]
[DEBUG 15:52:45.334] - Searching for key &apos;c3p0.acquireIncrement&apos; in [systemProperties]
[DEBUG 15:52:45.334] - Searching for key &apos;c3p0.acquireIncrement&apos; in [systemEnvironment]
[DEBUG 15:52:45.334] - Could not find key &apos;c3p0.acquireIncrement&apos; in any property source. Returning [null]
[DEBUG 15:52:45.334] - Searching for key &apos;c3p0.acquireIncrement&apos; in [localProperties]
[DEBUG 15:52:45.334] - Found key &apos;c3p0.acquireIncrement&apos; in [localProperties] with type [String] and value &apos;1&apos;
[DEBUG 15:52:45.334] - Searching for key &apos;c3p0.checkoutTimeout&apos; in [environmentProperties]
[DEBUG 15:52:45.334] - Searching for key &apos;c3p0.checkoutTimeout&apos; in [systemProperties]
[DEBUG 15:52:45.334] - Searching for key &apos;c3p0.checkoutTimeout&apos; in [systemEnvironment]
[DEBUG 15:52:45.334] - Could not find key &apos;c3p0.checkoutTimeout&apos; in any property source. Returning [null]
[DEBUG 15:52:45.334] - Searching for key &apos;c3p0.checkoutTimeout&apos; in [localProperties]
[DEBUG 15:52:45.334] - Found key &apos;c3p0.checkoutTimeout&apos; in [localProperties] with type [String] and value &apos;0&apos;
[DEBUG 15:52:45.334] - Searching for key &apos;jdbc.driver&apos; in [environmentProperties]
[DEBUG 15:52:45.334] - Searching for key &apos;jdbc.driver&apos; in [systemProperties]
[DEBUG 15:52:45.334] - Searching for key &apos;jdbc.driver&apos; in [systemEnvironment]
[DEBUG 15:52:45.334] - Could not find key &apos;jdbc.driver&apos; in any property source. Returning [null]
[DEBUG 15:52:45.334] - Searching for key &apos;jdbc.driver&apos; in [localProperties]
[DEBUG 15:52:45.334] - Found key &apos;jdbc.driver&apos; in [localProperties] with type [String] and value &apos;com.mysql.jdbc.Driver&apos;
[DEBUG 15:52:45.334] - Searching for key &apos;c3p0.idleConnectionTestPeriod&apos; in [environmentProperties]
[DEBUG 15:52:45.334] - Searching for key &apos;c3p0.idleConnectionTestPeriod&apos; in [systemProperties]
[DEBUG 15:52:45.334] - Searching for key &apos;c3p0.idleConnectionTestPeriod&apos; in [systemEnvironment]
[DEBUG 15:52:45.334] - Could not find key &apos;c3p0.idleConnectionTestPeriod&apos; in any property source. Returning [null]
[DEBUG 15:52:45.334] - Searching for key &apos;c3p0.idleConnectionTestPeriod&apos; in [localProperties]
[DEBUG 15:52:45.334] - Found key &apos;c3p0.idleConnectionTestPeriod&apos; in [localProperties] with type [String] and value &apos;30&apos;
[DEBUG 15:52:45.334] - Searching for key &apos;c3p0.initialPoolSize&apos; in [environmentProperties]
[DEBUG 15:52:45.334] - Searching for key &apos;c3p0.initialPoolSize&apos; in [systemProperties]
[DEBUG 15:52:45.334] - Searching for key &apos;c3p0.initialPoolSize&apos; in [systemEnvironment]
[DEBUG 15:52:45.334] - Could not find key &apos;c3p0.initialPoolSize&apos; in any property source. Returning [null]
[DEBUG 15:52:45.334] - Searching for key &apos;c3p0.initialPoolSize&apos; in [localProperties]
[DEBUG 15:52:45.334] - Found key &apos;c3p0.initialPoolSize&apos; in [localProperties] with type [String] and value &apos;1&apos;
[DEBUG 15:52:45.334] - Searching for key &apos;jdbc.url&apos; in [environmentProperties]
[DEBUG 15:52:45.334] - Searching for key &apos;jdbc.url&apos; in [systemProperties]
[DEBUG 15:52:45.334] - Searching for key &apos;jdbc.url&apos; in [systemEnvironment]
[DEBUG 15:52:45.334] - Could not find key &apos;jdbc.url&apos; in any property source. Returning [null]
[DEBUG 15:52:45.334] - Searching for key &apos;jdbc.url&apos; in [localProperties]
[DEBUG 15:52:45.334] - Found key &apos;jdbc.url&apos; in [localProperties] with type [String] and value &apos;jdbc:mysql://192.168.0.220:3306/ulms_staedu0922&apos;
[DEBUG 15:52:45.334] - Searching for key &apos;c3p0.maxIdleTime&apos; in [environmentProperties]
[DEBUG 15:52:45.334] - Searching for key &apos;c3p0.maxIdleTime&apos; in [systemProperties]
[DEBUG 15:52:45.334] - Searching for key &apos;c3p0.maxIdleTime&apos; in [systemEnvironment]
[DEBUG 15:52:45.334] - Could not find key &apos;c3p0.maxIdleTime&apos; in any property source. Returning [null]
[DEBUG 15:52:45.334] - Searching for key &apos;c3p0.maxIdleTime&apos; in [localProperties]
[DEBUG 15:52:45.334] - Found key &apos;c3p0.maxIdleTime&apos; in [localProperties] with type [String] and value &apos;30&apos;
[DEBUG 15:52:45.334] - Searching for key &apos;c3p0.maxPoolSize&apos; in [environmentProperties]
[DEBUG 15:52:45.334] - Searching for key &apos;c3p0.maxPoolSize&apos; in [systemProperties]
[DEBUG 15:52:45.334] - Searching for key &apos;c3p0.maxPoolSize&apos; in [systemEnvironment]
[DEBUG 15:52:45.334] - Could not find key &apos;c3p0.maxPoolSize&apos; in any property source. Returning [null]
[DEBUG 15:52:45.334] - Searching for key &apos;c3p0.maxPoolSize&apos; in [localProperties]
[DEBUG 15:52:45.334] - Found key &apos;c3p0.maxPoolSize&apos; in [localProperties] with type [String] and value &apos;3&apos;
[DEBUG 15:52:45.334] - Searching for key &apos;c3p0.maxStatements&apos; in [environmentProperties]
[DEBUG 15:52:45.334] - Searching for key &apos;c3p0.maxStatements&apos; in [systemProperties]
[DEBUG 15:52:45.334] - Searching for key &apos;c3p0.maxStatements&apos; in [systemEnvironment]
[DEBUG 15:52:45.334] - Could not find key &apos;c3p0.maxStatements&apos; in any property source. Returning [null]
[DEBUG 15:52:45.334] - Searching for key &apos;c3p0.maxStatements&apos; in [localProperties]
[DEBUG 15:52:45.334] - Found key &apos;c3p0.maxStatements&apos; in [localProperties] with type [String] and value &apos;10&apos;
[DEBUG 15:52:45.334] - Searching for key &apos;c3p0.minPoolSize&apos; in [environmentProperties]
[DEBUG 15:52:45.334] - Searching for key &apos;c3p0.minPoolSize&apos; in [systemProperties]
[DEBUG 15:52:45.334] - Searching for key &apos;c3p0.minPoolSize&apos; in [systemEnvironment]
[DEBUG 15:52:45.334] - Could not find key &apos;c3p0.minPoolSize&apos; in any property source. Returning [null]
[DEBUG 15:52:45.334] - Searching for key &apos;c3p0.minPoolSize&apos; in [localProperties]
[DEBUG 15:52:45.334] - Found key &apos;c3p0.minPoolSize&apos; in [localProperties] with type [String] and value &apos;1&apos;
[DEBUG 15:52:45.334] - Searching for key &apos;c3p0.numHelperThreads&apos; in [environmentProperties]
[DEBUG 15:52:45.334] - Searching for key &apos;c3p0.numHelperThreads&apos; in [systemProperties]
[DEBUG 15:52:45.334] - Searching for key &apos;c3p0.numHelperThreads&apos; in [systemEnvironment]
[DEBUG 15:52:45.334] - Could not find key &apos;c3p0.numHelperThreads&apos; in any property source. Returning [null]
[DEBUG 15:52:45.334] - Searching for key &apos;c3p0.numHelperThreads&apos; in [localProperties]
[DEBUG 15:52:45.334] - Found key &apos;c3p0.numHelperThreads&apos; in [localProperties] with type [String] and value &apos;100&apos;
[DEBUG 15:52:45.334] - Searching for key &apos;jdbc.password&apos; in [environmentProperties]
[DEBUG 15:52:45.334] - Searching for key &apos;jdbc.password&apos; in [systemProperties]
[DEBUG 15:52:45.334] - Searching for key &apos;jdbc.password&apos; in [systemEnvironment]
[DEBUG 15:52:45.334] - Could not find key &apos;jdbc.password&apos; in any property source. Returning [null]
[DEBUG 15:52:45.334] - Searching for key &apos;jdbc.password&apos; in [localProperties]
[DEBUG 15:52:45.334] - Found key &apos;jdbc.password&apos; in [localProperties] with type [String] and value &apos;ulms_staedu0922&apos;
[DEBUG 15:52:45.349] - Searching for key &apos;jdbc.username&apos; in [environmentProperties]
[DEBUG 15:52:45.349] - Searching for key &apos;jdbc.username&apos; in [systemProperties]
[DEBUG 15:52:45.349] - Searching for key &apos;jdbc.username&apos; in [systemEnvironment]
[DEBUG 15:52:45.349] - Could not find key &apos;jdbc.username&apos; in any property source. Returning [null]
[DEBUG 15:52:45.349] - Searching for key &apos;jdbc.username&apos; in [localProperties]
[DEBUG 15:52:45.349] - Found key &apos;jdbc.username&apos; in [localProperties] with type [String] and value &apos;ulms_staedu0922&apos;
[DEBUG 15:52:45.349] - Searching for key &apos;hibernate.c3p0.max_size&apos; in [environmentProperties]
[DEBUG 15:52:45.349] - Searching for key &apos;hibernate.c3p0.max_size&apos; in [systemProperties]
[DEBUG 15:52:45.349] - Searching for key &apos;hibernate.c3p0.max_size&apos; in [systemEnvironment]
[DEBUG 15:52:45.349] - Could not find key &apos;hibernate.c3p0.max_size&apos; in any property source. Returning [null]
[DEBUG 15:52:45.349] - Searching for key &apos;hibernate.c3p0.max_size&apos; in [localProperties]
[DEBUG 15:52:45.349] - Found key &apos;hibernate.c3p0.max_size&apos; in [localProperties] with type [String] and value &apos;200&apos;
[DEBUG 15:52:45.349] - Searching for key &apos;hibernate.show_sql&apos; in [environmentProperties]
[DEBUG 15:52:45.349] - Searching for key &apos;hibernate.show_sql&apos; in [systemProperties]
[DEBUG 15:52:45.349] - Searching for key &apos;hibernate.show_sql&apos; in [systemEnvironment]
[DEBUG 15:52:45.349] - Could not find key &apos;hibernate.show_sql&apos; in any property source. Returning [null]
[DEBUG 15:52:45.349] - Searching for key &apos;hibernate.show_sql&apos; in [localProperties]
[DEBUG 15:52:45.349] - Found key &apos;hibernate.show_sql&apos; in [localProperties] with type [String] and value &apos;true&apos;
[DEBUG 15:52:45.349] - Searching for key &apos;hibernate.dialect&apos; in [environmentProperties]
[DEBUG 15:52:45.349] - Searching for key &apos;hibernate.dialect&apos; in [systemProperties]
[DEBUG 15:52:45.349] - Searching for key &apos;hibernate.dialect&apos; in [systemEnvironment]
[DEBUG 15:52:45.349] - Could not find key &apos;hibernate.dialect&apos; in any property source. Returning [null]
[DEBUG 15:52:45.349] - Searching for key &apos;hibernate.dialect&apos; in [localProperties]
[DEBUG 15:52:45.349] - Found key &apos;hibernate.dialect&apos; in [localProperties] with type [String] and value &apos;org.hibernate.dialect.MySQL5InnoDBDialect&apos;
[DEBUG 15:52:45.349] - Searching for key &apos;hibernate.cache.provider_class&apos; in [environmentProperties]
[DEBUG 15:52:45.349] - Searching for key &apos;hibernate.cache.provider_class&apos; in [systemProperties]
[DEBUG 15:52:45.349] - Searching for key &apos;hibernate.cache.provider_class&apos; in [systemEnvironment]
[DEBUG 15:52:45.349] - Could not find key &apos;hibernate.cache.provider_class&apos; in any property source. Returning [null]
[DEBUG 15:52:45.349] - Searching for key &apos;hibernate.cache.provider_class&apos; in [localProperties]
[DEBUG 15:52:45.349] - Found key &apos;hibernate.cache.provider_class&apos; in [localProperties] with type [String] and value &apos;net.sf.ehcache.hibernate.EhCacheProvider&apos;
[DEBUG 15:52:45.349] - Searching for key &apos;hibernate.cache.use_query_cache&apos; in [environmentProperties]
[DEBUG 15:52:45.349] - Searching for key &apos;hibernate.cache.use_query_cache&apos; in [systemProperties]
[DEBUG 15:52:45.349] - Searching for key &apos;hibernate.cache.use_query_cache&apos; in [systemEnvironment]
[DEBUG 15:52:45.349] - Could not find key &apos;hibernate.cache.use_query_cache&apos; in any property source. Returning [null]
[DEBUG 15:52:45.349] - Searching for key &apos;hibernate.cache.use_query_cache&apos; in [localProperties]
[DEBUG 15:52:45.349] - Found key &apos;hibernate.cache.use_query_cache&apos; in [localProperties] with type [String] and value &apos;false&apos;
[DEBUG 15:52:45.349] - Searching for key &apos;hibernate.c3p0.idle_test_period&apos; in [environmentProperties]
[DEBUG 15:52:45.349] - Searching for key &apos;hibernate.c3p0.idle_test_period&apos; in [systemProperties]
[DEBUG 15:52:45.349] - Searching for key &apos;hibernate.c3p0.idle_test_period&apos; in [systemEnvironment]
[DEBUG 15:52:45.349] - Could not find key &apos;hibernate.c3p0.idle_test_period&apos; in any property source. Returning [null]
[DEBUG 15:52:45.349] - Searching for key &apos;hibernate.c3p0.idle_test_period&apos; in [localProperties]
[DEBUG 15:52:45.349] - Found key &apos;hibernate.c3p0.idle_test_period&apos; in [localProperties] with type [String] and value &apos;10&apos;
[DEBUG 15:52:45.349] - Searching for key &apos;hibernate.c3p0.timeout&apos; in [environmentProperties]
[DEBUG 15:52:45.349] - Searching for key &apos;hibernate.c3p0.timeout&apos; in [systemProperties]
[DEBUG 15:52:45.349] - Searching for key &apos;hibernate.c3p0.timeout&apos; in [systemEnvironment]
[DEBUG 15:52:45.349] - Could not find key &apos;hibernate.c3p0.timeout&apos; in any property source. Returning [null]
[DEBUG 15:52:45.349] - Searching for key &apos;hibernate.c3p0.timeout&apos; in [localProperties]
[DEBUG 15:52:45.349] - Found key &apos;hibernate.c3p0.timeout&apos; in [localProperties] with type [String] and value &apos;20&apos;
[DEBUG 15:52:45.349] - Searching for key &apos;hibernate.c3p0.acquire_increment&apos; in [environmentProperties]
[DEBUG 15:52:45.349] - Searching for key &apos;hibernate.c3p0.acquire_increment&apos; in [systemProperties]
[DEBUG 15:52:45.349] - Searching for key &apos;hibernate.c3p0.acquire_increment&apos; in [systemEnvironment]
[DEBUG 15:52:45.349] - Could not find key &apos;hibernate.c3p0.acquire_increment&apos; in any property source. Returning [null]
[DEBUG 15:52:45.349] - Searching for key &apos;hibernate.c3p0.acquire_increment&apos; in [localProperties]
[DEBUG 15:52:45.349] - Found key &apos;hibernate.c3p0.acquire_increment&apos; in [localProperties] with type [String] and value &apos;5&apos;
[DEBUG 15:52:45.349] - Searching for key &apos;hibernate.c3p0.max_statements&apos; in [environmentProperties]
[DEBUG 15:52:45.349] - Searching for key &apos;hibernate.c3p0.max_statements&apos; in [systemProperties]
[DEBUG 15:52:45.349] - Searching for key &apos;hibernate.c3p0.max_statements&apos; in [systemEnvironment]
[DEBUG 15:52:45.349] - Could not find key &apos;hibernate.c3p0.max_statements&apos; in any property source. Returning [null]
[DEBUG 15:52:45.349] - Searching for key &apos;hibernate.c3p0.max_statements&apos; in [localProperties]
[DEBUG 15:52:45.349] - Found key &apos;hibernate.c3p0.max_statements&apos; in [localProperties] with type [String] and value &apos;50&apos;
[DEBUG 15:52:45.349] - Searching for key &apos;hibernate.connection.pool_size&apos; in [environmentProperties]
[DEBUG 15:52:45.349] - Searching for key &apos;hibernate.connection.pool_size&apos; in [systemProperties]
[DEBUG 15:52:45.349] - Searching for key &apos;hibernate.connection.pool_size&apos; in [systemEnvironment]
[DEBUG 15:52:45.349] - Could not find key &apos;hibernate.connection.pool_size&apos; in any property source. Returning [null]
[DEBUG 15:52:45.349] - Searching for key &apos;hibernate.connection.pool_size&apos; in [localProperties]
[DEBUG 15:52:45.349] - Found key &apos;hibernate.connection.pool_size&apos; in [localProperties] with type [String] and value &apos;1&apos;
[DEBUG 15:52:45.349] - Searching for key &apos;hibernate.c3p0.min_size&apos; in [environmentProperties]
[DEBUG 15:52:45.349] - Searching for key &apos;hibernate.c3p0.min_size&apos; in [systemProperties]
[DEBUG 15:52:45.349] - Searching for key &apos;hibernate.c3p0.min_size&apos; in [systemEnvironment]
[DEBUG 15:52:45.349] - Could not find key &apos;hibernate.c3p0.min_size&apos; in any property source. Returning [null]
[DEBUG 15:52:45.349] - Searching for key &apos;hibernate.c3p0.min_size&apos; in [localProperties]
[DEBUG 15:52:45.349] - Found key &apos;hibernate.c3p0.min_size&apos; in [localProperties] with type [String] and value &apos;10&apos;
[DEBUG 15:52:45.349] - Searching for key &apos;hibernate.format_sql&apos; in [environmentProperties]
[DEBUG 15:52:45.349] - Searching for key &apos;hibernate.format_sql&apos; in [systemProperties]
[DEBUG 15:52:45.349] - Searching for key &apos;hibernate.format_sql&apos; in [systemEnvironment]
[DEBUG 15:52:45.365] - Could not find key &apos;hibernate.format_sql&apos; in any property source. Returning [null]
[DEBUG 15:52:45.365] - Searching for key &apos;hibernate.format_sql&apos; in [localProperties]
[DEBUG 15:52:45.365] - Found key &apos;hibernate.format_sql&apos; in [localProperties] with type [String] and value &apos;true&apos;
[DEBUG 15:52:45.365] - Searching for key &apos;hibernate.cache.region.factory_class&apos; in [environmentProperties]
[DEBUG 15:52:45.365] - Searching for key &apos;hibernate.cache.region.factory_class&apos; in [systemProperties]
[DEBUG 15:52:45.365] - Searching for key &apos;hibernate.cache.region.factory_class&apos; in [systemEnvironment]
[DEBUG 15:52:45.365] - Could not find key &apos;hibernate.cache.region.factory_class&apos; in any property source. Returning [null]
[DEBUG 15:52:45.365] - Searching for key &apos;hibernate.cache.region.factory_class&apos; in [localProperties]
[DEBUG 15:52:45.365] - Found key &apos;hibernate.cache.region.factory_class&apos; in [localProperties] with type [String] and value &apos;org.hibernate.cache.ehcache.EhCacheRegionFactory&apos;
[DEBUG 15:52:45.365] - Creating shared instance of singleton bean &apos;org.springframework.context.annotation.internalAutowiredAnnotationProcessor&apos;
[DEBUG 15:52:45.365] - Creating instance of bean &apos;org.springframework.context.annotation.internalAutowiredAnnotationProcessor&apos;
[DEBUG 15:52:45.365] - Eagerly caching bean &apos;org.springframework.context.annotation.internalAutowiredAnnotationProcessor&apos; to allow for resolving potential circular references
[DEBUG 15:52:45.365] - Finished creating instance of bean &apos;org.springframework.context.annotation.internalAutowiredAnnotationProcessor&apos;
[DEBUG 15:52:45.365] - Creating shared instance of singleton bean &apos;org.springframework.context.annotation.internalRequiredAnnotationProcessor&apos;
[DEBUG 15:52:45.365] - Creating instance of bean &apos;org.springframework.context.annotation.internalRequiredAnnotationProcessor&apos;
[DEBUG 15:52:45.365] - Eagerly caching bean &apos;org.springframework.context.annotation.internalRequiredAnnotationProcessor&apos; to allow for resolving potential circular references
[DEBUG 15:52:45.365] - Finished creating instance of bean &apos;org.springframework.context.annotation.internalRequiredAnnotationProcessor&apos;
[DEBUG 15:52:45.365] - Creating shared instance of singleton bean &apos;org.springframework.context.annotation.internalCommonAnnotationProcessor&apos;
[DEBUG 15:52:45.365] - Creating instance of bean &apos;org.springframework.context.annotation.internalCommonAnnotationProcessor&apos;
[DEBUG 15:52:45.381] - Eagerly caching bean &apos;org.springframework.context.annotation.internalCommonAnnotationProcessor&apos; to allow for resolving potential circular references
[DEBUG 15:52:45.381] - Finished creating instance of bean &apos;org.springframework.context.annotation.internalCommonAnnotationProcessor&apos;
[DEBUG 15:52:45.381] - Creating shared instance of singleton bean &apos;org.springframework.context.annotation.internalPersistenceAnnotationProcessor&apos;
[DEBUG 15:52:45.381] - Creating instance of bean &apos;org.springframework.context.annotation.internalPersistenceAnnotationProcessor&apos;
[DEBUG 15:52:45.381] - Eagerly caching bean &apos;org.springframework.context.annotation.internalPersistenceAnnotationProcessor&apos; to allow for resolving potential circular references
[DEBUG 15:52:45.381] - Finished creating instance of bean &apos;org.springframework.context.annotation.internalPersistenceAnnotationProcessor&apos;
[DEBUG 15:52:45.381] - Creating shared instance of singleton bean &apos;org.springframework.context.annotation.ConfigurationClassPostProcessor$ImportAwareBeanPostProcessor#0&apos;
[DEBUG 15:52:45.381] - Creating instance of bean &apos;org.springframework.context.annotation.ConfigurationClassPostProcessor$ImportAwareBeanPostProcessor#0&apos;
[DEBUG 15:52:45.381] - Eagerly caching bean &apos;org.springframework.context.annotation.ConfigurationClassPostProcessor$ImportAwareBeanPostProcessor#0&apos; to allow for resolving potential circular references
[DEBUG 15:52:45.381] - Finished creating instance of bean &apos;org.springframework.context.annotation.ConfigurationClassPostProcessor$ImportAwareBeanPostProcessor#0&apos;
[DEBUG 15:52:45.381] - Creating shared instance of singleton bean &apos;org.springframework.aop.config.internalAutoProxyCreator&apos;
[DEBUG 15:52:45.381] - Creating instance of bean &apos;org.springframework.aop.config.internalAutoProxyCreator&apos;
[DEBUG 15:52:45.396] - Eagerly caching bean &apos;org.springframework.aop.config.internalAutoProxyCreator&apos; to allow for resolving potential circular references
[DEBUG 15:52:45.412] - Finished creating instance of bean &apos;org.springframework.aop.config.internalAutoProxyCreator&apos;
[DEBUG 15:52:45.412] - Unable to locate MessageSource with name &apos;messageSource&apos;: using default [org.springframework.context.support.DelegatingMessageSource@25071521]
[DEBUG 15:52:45.427] - Unable to locate ApplicationEventMulticaster with name &apos;applicationEventMulticaster&apos;: using default [org.springframework.context.event.SimpleApplicationEventMulticaster@18682406]
[INFO  15:52:45.427] - Pre-instantiating singletons in org.springframework.beans.factory.support.DefaultListableBeanFactory@609903f4: defining beans [trade,apnsDaoImpl,bookMarkDaoImpl,catalogDaoImpl,commentDaoImpl,courseDaoImpl,noteDaoImpl,orderDaoImpl,SCODaoImpl,userCourseDaoImpl,userDaoImpl,OAuthTokenFilter,tokenGenerator,tokenStorage,tokenValidator,feedRepositoryImpl,updateRecordRepositoryImpl,apnsManager,bookMarkManager,catalogManager,commentManager,courseManager,feedManager,noteManager,orderManager,SCOManager,userManager,org.springframework.context.annotation.internalConfigurationAnnotationProcessor,org.springframework.context.annotation.internalAutowiredAnnotationProcessor,org.springframework.context.annotation.internalRequiredAnnotationProcessor,org.springframework.context.annotation.internalCommonAnnotationProcessor,org.springframework.context.annotation.internalPersistenceAnnotationProcessor,org.springframework.context.support.PropertySourcesPlaceholderConfigurer#0,dataSource,sessionFactory,transactionManager,txAdvice,org.springframework.aop.config.internalAutoProxyCreator,Methods,org.springframework.aop.support.DefaultBeanFactoryPointcutAdvisor#0,jdbcTemplate,memcachedClientBuilder,memcachedClient,memcachedTemplate,org.springframework.context.annotation.ConfigurationClassPostProcessor$ImportAwareBeanPostProcessor#0]; root of factory hierarchy
[DEBUG 15:52:45.427] - Creating shared instance of singleton bean &apos;trade&apos;
[DEBUG 15:52:45.427] - Creating instance of bean &apos;trade&apos;
[DEBUG 15:52:45.427] - Creating shared instance of singleton bean &apos;org.springframework.aop.support.DefaultBeanFactoryPointcutAdvisor#0&apos;
[DEBUG 15:52:45.427] - Creating instance of bean &apos;org.springframework.aop.support.DefaultBeanFactoryPointcutAdvisor#0&apos;
[DEBUG 15:52:45.427] - Eagerly caching bean &apos;org.springframework.aop.support.DefaultBeanFactoryPointcutAdvisor#0&apos; to allow for resolving potential circular references
[DEBUG 15:52:45.661] - Creating instance of bean &apos;Methods&apos;
[DEBUG 15:52:45.677] - Finished creating instance of bean &apos;Methods&apos;
[DEBUG 15:52:45.677] - Finished creating instance of bean &apos;org.springframework.aop.support.DefaultBeanFactoryPointcutAdvisor#0&apos;
[DEBUG 15:52:45.708] - Eagerly caching bean &apos;trade&apos; to allow for resolving potential circular references
[DEBUG 15:52:45.708] - Returning cached instance of singleton bean &apos;org.springframework.aop.support.DefaultBeanFactoryPointcutAdvisor#0&apos;
[DEBUG 15:52:45.708] - Returning cached instance of singleton bean &apos;org.springframework.aop.support.DefaultBeanFactoryPointcutAdvisor#0&apos;
[DEBUG 15:52:46.036] - Finished creating instance of bean &apos;trade&apos;
[DEBUG 15:52:46.036] - Creating shared instance of singleton bean &apos;apnsDaoImpl&apos;
[DEBUG 15:52:46.036] - Creating instance of bean &apos;apnsDaoImpl&apos;
[DEBUG 15:52:46.036] - Returning cached instance of singleton bean &apos;org.springframework.aop.support.DefaultBeanFactoryPointcutAdvisor#0&apos;
[DEBUG 15:52:46.036] - Found injected element on class [com.ulearning.ulms.appbackend.dao.impl.ApnsDaoImpl]: AutowiredMethodElement for public void com.ulearning.ulms.appbackend.dao.impl.DaoImpl.setSessionFactory(org.hibernate.SessionFactory)
[DEBUG 15:52:46.036] - Eagerly caching bean &apos;apnsDaoImpl&apos; to allow for resolving potential circular references
[DEBUG 15:52:46.051] - Processing injected method of bean &apos;apnsDaoImpl&apos;: AutowiredMethodElement for public void com.ulearning.ulms.appbackend.dao.impl.DaoImpl.setSessionFactory(org.hibernate.SessionFactory)
[DEBUG 15:52:46.098] - Creating shared instance of singleton bean &apos;sessionFactory&apos;
[DEBUG 15:52:46.098] - Creating instance of bean &apos;sessionFactory&apos;
[DEBUG 15:52:46.098] - Returning cached instance of singleton bean &apos;org.springframework.aop.support.DefaultBeanFactoryPointcutAdvisor#0&apos;
[DEBUG 15:52:46.114] - Eagerly caching bean &apos;sessionFactory&apos; to allow for resolving potential circular references
[DEBUG 15:52:46.129] - Creating shared instance of singleton bean &apos;dataSource&apos;
[DEBUG 15:52:46.129] - Creating instance of bean &apos;dataSource&apos;
[DEBUG 15:52:46.129] - Returning cached instance of singleton bean &apos;org.springframework.aop.support.DefaultBeanFactoryPointcutAdvisor#0&apos;
[INFO  15:52:46.192] - MLog clients using log4j logging.
[INFO  15:52:46.317] - Initializing c3p0-0.9.1.2 [built 21-May-2007 15:04:56; debug? true; trace: 10]
[DEBUG 15:52:46.348] - MBean: com.mchange.v2.c3p0:type=PooledDataSource[1hge0xw8q1og439rzv3hs8|6c0ec436] registered.
[DEBUG 15:52:46.379] - Eagerly caching bean &apos;dataSource&apos; to allow for resolving potential circular references
[DEBUG 15:52:46.551] - Initializing new StandardEnvironment
[DEBUG 15:52:46.551] - Adding [systemProperties] PropertySource with lowest search precedence
[DEBUG 15:52:46.551] - Adding [systemEnvironment] PropertySource with lowest search precedence
[DEBUG 15:52:46.551] - Initialized StandardEnvironment with PropertySources [systemProperties,systemEnvironment]
[DEBUG 15:52:46.551] - Initializing new StandardEnvironment
[DEBUG 15:52:46.551] - Adding [systemProperties] PropertySource with lowest search precedence
[DEBUG 15:52:46.551] - Adding [systemEnvironment] PropertySource with lowest search precedence
[DEBUG 15:52:46.551] - Initialized StandardEnvironment with PropertySources [systemProperties,systemEnvironment]
[DEBUG 15:52:46.551] - Initializing new StandardEnvironment
[DEBUG 15:52:46.551] - Adding [systemProperties] PropertySource with lowest search precedence
[DEBUG 15:52:46.551] - Adding [systemEnvironment] PropertySource with lowest search precedence
[DEBUG 15:52:46.551] - Initialized StandardEnvironment with PropertySources [systemProperties,systemEnvironment]
[DEBUG 15:52:46.551] - Initializing new StandardEnvironment
[DEBUG 15:52:46.551] - Adding [systemProperties] PropertySource with lowest search precedence
[DEBUG 15:52:46.551] - Adding [systemEnvironment] PropertySource with lowest search precedence
[DEBUG 15:52:46.551] - Initialized StandardEnvironment with PropertySources [systemProperties,systemEnvironment]
[DEBUG 15:52:46.551] - Initializing new StandardEnvironment
[DEBUG 15:52:46.551] - Adding [systemProperties] PropertySource with lowest search precedence
[DEBUG 15:52:46.551] - Adding [systemEnvironment] PropertySource with lowest search precedence
[DEBUG 15:52:46.551] - Initialized StandardEnvironment with PropertySources [systemProperties,systemEnvironment]
[DEBUG 15:52:46.566] - Returning cached instance of singleton bean &apos;org.springframework.aop.support.DefaultBeanFactoryPointcutAdvisor#0&apos;
[DEBUG 15:52:46.566] - Returning cached instance of singleton bean &apos;org.springframework.aop.support.DefaultBeanFactoryPointcutAdvisor#0&apos;
[DEBUG 15:52:46.629] - Finished creating instance of bean &apos;dataSource&apos;
[DEBUG 15:52:46.629] - Initializing new StandardEnvironment
[DEBUG 15:52:46.629] - Adding [systemProperties] PropertySource with lowest search precedence
[DEBUG 15:52:46.629] - Adding [systemEnvironment] PropertySource with lowest search precedence
[DEBUG 15:52:46.629] - Initialized StandardEnvironment with PropertySources [systemProperties,systemEnvironment]
[DEBUG 15:52:46.629] - Initializing new StandardEnvironment
[DEBUG 15:52:46.629] - Adding [systemProperties] PropertySource with lowest search precedence
[DEBUG 15:52:46.629] - Adding [systemEnvironment] PropertySource with lowest search precedence
[DEBUG 15:52:46.629] - Initialized StandardEnvironment with PropertySources [systemProperties,systemEnvironment]
[DEBUG 15:52:46.629] - Initializing new StandardEnvironment
[DEBUG 15:52:46.629] - Adding [systemProperties] PropertySource with lowest search precedence
[DEBUG 15:52:46.629] - Adding [systemEnvironment] PropertySource with lowest search precedence
[DEBUG 15:52:46.629] - Initialized StandardEnvironment with PropertySources [systemProperties,systemEnvironment]
[DEBUG 15:52:46.629] - Initializing new StandardEnvironment
[DEBUG 15:52:46.629] - Adding [systemProperties] PropertySource with lowest search precedence
[DEBUG 15:52:46.644] - Adding [systemEnvironment] PropertySource with lowest search precedence
[DEBUG 15:52:46.644] - Initialized StandardEnvironment with PropertySources [systemProperties,systemEnvironment]
[DEBUG 15:52:46.644] - Initializing new StandardEnvironment
[DEBUG 15:52:46.644] - Adding [systemProperties] PropertySource with lowest search precedence
[DEBUG 15:52:46.644] - Adding [systemEnvironment] PropertySource with lowest search precedence
[DEBUG 15:52:46.644] - Initialized StandardEnvironment with PropertySources [systemProperties,systemEnvironment]
[DEBUG 15:52:46.644] - Invoking afterPropertiesSet() on bean with name &apos;sessionFactory&apos;
[DEBUG 15:52:46.785] - Logging Provider: org.jboss.logging.Log4jLoggerProvider
[DEBUG 15:52:46.925] - Adding type registration boolean -&gt; org.hibernate.type.BooleanType@5d90b72c
[DEBUG 15:52:46.925] - Adding type registration boolean -&gt; org.hibernate.type.BooleanType@5d90b72c
[DEBUG 15:52:46.925] - Adding type registration java.lang.Boolean -&gt; org.hibernate.type.BooleanType@5d90b72c
[DEBUG 15:52:46.925] - Adding type registration numeric_boolean -&gt; org.hibernate.type.NumericBooleanType@41e3a0ec
[DEBUG 15:52:46.925] - Adding type registration true_false -&gt; org.hibernate.type.TrueFalseType@57f7cdc7
[DEBUG 15:52:46.925] - Adding type registration yes_no -&gt; org.hibernate.type.YesNoType@74d402dd
[DEBUG 15:52:46.925] - Adding type registration byte -&gt; org.hibernate.type.ByteType@60407166
[DEBUG 15:52:46.925] - Adding type registration byte -&gt; org.hibernate.type.ByteType@60407166
[DEBUG 15:52:46.925] - Adding type registration java.lang.Byte -&gt; org.hibernate.type.ByteType@60407166
[DEBUG 15:52:46.925] - Adding type registration character -&gt; org.hibernate.type.CharacterType@7b751a9e
[DEBUG 15:52:46.925] - Adding type registration char -&gt; org.hibernate.type.CharacterType@7b751a9e
[DEBUG 15:52:46.925] - Adding type registration java.lang.Character -&gt; org.hibernate.type.CharacterType@7b751a9e
[DEBUG 15:52:46.941] - Adding type registration short -&gt; org.hibernate.type.ShortType@3982a033
[DEBUG 15:52:46.941] - Adding type registration short -&gt; org.hibernate.type.ShortType@3982a033
[DEBUG 15:52:46.941] - Adding type registration java.lang.Short -&gt; org.hibernate.type.ShortType@3982a033
[DEBUG 15:52:46.941] - Adding type registration integer -&gt; org.hibernate.type.IntegerType@53458dcb
[DEBUG 15:52:46.941] - Adding type registration int -&gt; org.hibernate.type.IntegerType@53458dcb
[DEBUG 15:52:46.941] - Adding type registration java.lang.Integer -&gt; org.hibernate.type.IntegerType@53458dcb
[DEBUG 15:52:46.941] - Adding type registration long -&gt; org.hibernate.type.LongType@50c713d2
[DEBUG 15:52:46.941] - Adding type registration long -&gt; org.hibernate.type.LongType@50c713d2
[DEBUG 15:52:46.941] - Adding type registration java.lang.Long -&gt; org.hibernate.type.LongType@50c713d2
[DEBUG 15:52:46.941] - Adding type registration float -&gt; org.hibernate.type.FloatType@127e5130
[DEBUG 15:52:46.941] - Adding type registration float -&gt; org.hibernate.type.FloatType@127e5130
[DEBUG 15:52:46.941] - Adding type registration java.lang.Float -&gt; org.hibernate.type.FloatType@127e5130
[DEBUG 15:52:46.941] - Adding type registration double -&gt; org.hibernate.type.DoubleType@43f2f70a
[DEBUG 15:52:46.941] - Adding type registration double -&gt; org.hibernate.type.DoubleType@43f2f70a
[DEBUG 15:52:46.941] - Adding type registration java.lang.Double -&gt; org.hibernate.type.DoubleType@43f2f70a
[DEBUG 15:52:46.956] - Adding type registration big_decimal -&gt; org.hibernate.type.BigDecimalType@2c6c5356
[DEBUG 15:52:46.956] - Adding type registration java.math.BigDecimal -&gt; org.hibernate.type.BigDecimalType@2c6c5356
[DEBUG 15:52:46.956] - Adding type registration big_integer -&gt; org.hibernate.type.BigIntegerType@63db6942
[DEBUG 15:52:46.956] - Adding type registration java.math.BigInteger -&gt; org.hibernate.type.BigIntegerType@63db6942
[DEBUG 15:52:46.956] - Adding type registration string -&gt; org.hibernate.type.StringType@59566a6c
[DEBUG 15:52:46.956] - Adding type registration java.lang.String -&gt; org.hibernate.type.StringType@59566a6c
[DEBUG 15:52:46.956] - Adding type registration url -&gt; org.hibernate.type.UrlType@2075c78d
[DEBUG 15:52:46.956] - Adding type registration java.net.URL -&gt; org.hibernate.type.UrlType@2075c78d
[DEBUG 15:52:46.972] - Adding type registration date -&gt; org.hibernate.type.DateType@485b78cf
[DEBUG 15:52:46.972] - Adding type registration java.sql.Date -&gt; org.hibernate.type.DateType@485b78cf
[DEBUG 15:52:46.972] - Adding type registration time -&gt; org.hibernate.type.TimeType@63fb050c
[DEBUG 15:52:46.972] - Adding type registration java.sql.Time -&gt; org.hibernate.type.TimeType@63fb050c
[DEBUG 15:52:46.972] - Adding type registration timestamp -&gt; org.hibernate.type.TimestampType@12a45435
[DEBUG 15:52:46.972] - Adding type registration java.sql.Timestamp -&gt; org.hibernate.type.TimestampType@12a45435
[DEBUG 15:52:46.972] - Adding type registration java.util.Date -&gt; org.hibernate.type.TimestampType@12a45435
[DEBUG 15:52:46.972] - Adding type registration dbtimestamp -&gt; org.hibernate.type.DbTimestampType@7e8905bd
[DEBUG 15:52:46.972] - Adding type registration calendar -&gt; org.hibernate.type.CalendarType@2bb83048
[DEBUG 15:52:46.972] - Adding type registration java.util.Calendar -&gt; org.hibernate.type.CalendarType@2bb83048
[DEBUG 15:52:46.972] - Adding type registration java.util.GregorianCalendar -&gt; org.hibernate.type.CalendarType@2bb83048
[DEBUG 15:52:46.972] - Adding type registration calendar_date -&gt; org.hibernate.type.CalendarDateType@4545f5e3
[DEBUG 15:52:46.972] - Adding type registration locale -&gt; org.hibernate.type.LocaleType@531ed166
[DEBUG 15:52:46.972] - Adding type registration java.util.Locale -&gt; org.hibernate.type.LocaleType@531ed166
[DEBUG 15:52:46.987] - Adding type registration currency -&gt; org.hibernate.type.CurrencyType@58886ad0
[DEBUG 15:52:46.987] - Adding type registration java.util.Currency -&gt; org.hibernate.type.CurrencyType@58886ad0
[DEBUG 15:52:46.987] - Adding type registration timezone -&gt; org.hibernate.type.TimeZoneType@50fba502
[DEBUG 15:52:46.987] - Adding type registration java.util.TimeZone -&gt; org.hibernate.type.TimeZoneType@50fba502
[DEBUG 15:52:46.987] - Adding type registration class -&gt; org.hibernate.type.ClassType@29cb2795
[DEBUG 15:52:46.987] - Adding type registration java.lang.Class -&gt; org.hibernate.type.ClassType@29cb2795
[DEBUG 15:52:46.987] - Adding type registration uuid-binary -&gt; org.hibernate.type.UUIDBinaryType@303ec561
[DEBUG 15:52:46.987] - Adding type registration java.util.UUID -&gt; org.hibernate.type.UUIDBinaryType@303ec561
[DEBUG 15:52:46.987] - Adding type registration uuid-char -&gt; org.hibernate.type.UUIDCharType@393e6226
[DEBUG 15:52:46.987] - Adding type registration pg-uuid -&gt; org.hibernate.type.PostgresUUIDType@43da850
[DEBUG 15:52:46.987] - Adding type registration binary -&gt; org.hibernate.type.BinaryType@59bdbfec
[DEBUG 15:52:46.987] - Adding type registration byte[] -&gt; org.hibernate.type.BinaryType@59bdbfec
[DEBUG 15:52:46.987] - Adding type registration [B -&gt; org.hibernate.type.BinaryType@59bdbfec
[DEBUG 15:52:47.003] - Adding type registration wrapper-binary -&gt; org.hibernate.type.WrapperBinaryType@44d5575
[DEBUG 15:52:47.003] - Adding type registration Byte[] -&gt; org.hibernate.type.WrapperBinaryType@44d5575
[DEBUG 15:52:47.003] - Adding type registration [Ljava.lang.Byte; -&gt; org.hibernate.type.WrapperBinaryType@44d5575
[DEBUG 15:52:47.003] - Adding type registration image -&gt; org.hibernate.type.ImageType@14db38a4
[DEBUG 15:52:47.003] - Adding type registration characters -&gt; org.hibernate.type.CharArrayType@4df8b14
[DEBUG 15:52:47.003] - Adding type registration char[] -&gt; org.hibernate.type.CharArrayType@4df8b14
[DEBUG 15:52:47.003] - Adding type registration [C -&gt; org.hibernate.type.CharArrayType@4df8b14
[DEBUG 15:52:47.003] - Adding type registration wrapper-characters -&gt; org.hibernate.type.CharacterArrayType@41e8fa70
[DEBUG 15:52:47.003] - Adding type registration [Ljava.lang.Character; -&gt; org.hibernate.type.CharacterArrayType@41e8fa70
[DEBUG 15:52:47.003] - Adding type registration Character[] -&gt; org.hibernate.type.CharacterArrayType@41e8fa70
[DEBUG 15:52:47.003] - Adding type registration text -&gt; org.hibernate.type.TextType@1e9cd8db
[DEBUG 15:52:47.003] - Adding type registration blob -&gt; org.hibernate.type.BlobType@ed0f59e
[DEBUG 15:52:47.003] - Adding type registration java.sql.Blob -&gt; org.hibernate.type.BlobType@ed0f59e
[DEBUG 15:52:47.003] - Adding type registration materialized_blob -&gt; org.hibernate.type.MaterializedBlobType@7e63f09e
[DEBUG 15:52:47.019] - Adding type registration clob -&gt; org.hibernate.type.ClobType@6dc220eb
[DEBUG 15:52:47.019] - Adding type registration java.sql.Clob -&gt; org.hibernate.type.ClobType@6dc220eb
[DEBUG 15:52:47.019] - Adding type registration materialized_clob -&gt; org.hibernate.type.MaterializedClobType@12183272
[DEBUG 15:52:47.019] - Adding type registration serializable -&gt; org.hibernate.type.SerializableType@7591777e
[DEBUG 15:52:47.019] - Adding type registration object -&gt; org.hibernate.type.ObjectType@3202a2cc
[DEBUG 15:52:47.019] - Adding type registration java.lang.Object -&gt; org.hibernate.type.ObjectType@3202a2cc
[DEBUG 15:52:47.019] - Adding type registration imm_date -&gt; org.hibernate.type.AdaptedImmutableType@a7981d5
[DEBUG 15:52:47.019] - Adding type registration imm_time -&gt; org.hibernate.type.AdaptedImmutableType@2f3acc52
[DEBUG 15:52:47.019] - Adding type registration imm_timestamp -&gt; org.hibernate.type.AdaptedImmutableType@3d3c33b7
[DEBUG 15:52:47.019] - Adding type registration imm_dbtimestamp -&gt; org.hibernate.type.AdaptedImmutableType@3b6752c9
[DEBUG 15:52:47.019] - Adding type registration imm_calendar -&gt; org.hibernate.type.AdaptedImmutableType@7c6c2896
[DEBUG 15:52:47.019] - Adding type registration imm_calendar_date -&gt; org.hibernate.type.AdaptedImmutableType@20dccfab
[DEBUG 15:52:47.019] - Adding type registration imm_binary -&gt; org.hibernate.type.AdaptedImmutableType@c5f468
[DEBUG 15:52:47.019] - Adding type registration imm_serializable -&gt; org.hibernate.type.AdaptedImmutableType@4430d83d
[INFO  15:52:47.081] - HCANN000001: Hibernate Commons Annotations {4.0.1.Final}
[INFO  15:52:47.097] - HHH000412: Hibernate Core {4.1.7.Final}
[INFO  15:52:47.097] - HHH000206: hibernate.properties not found
[INFO  15:52:47.097] - HHH000021: Bytecode provider name : javassist
[DEBUG 15:52:47.159] - Registering IdentifierGenerator strategy [uuid2] -&gt; [org.hibernate.id.UUIDGenerator]
[DEBUG 15:52:47.159] - Registering IdentifierGenerator strategy [guid] -&gt; [org.hibernate.id.GUIDGenerator]
[DEBUG 15:52:47.159] - Registering IdentifierGenerator strategy [uuid] -&gt; [org.hibernate.id.UUIDHexGenerator]
[DEBUG 15:52:47.159] - Registering IdentifierGenerator strategy [uuid.hex] -&gt; [org.hibernate.id.UUIDHexGenerator]
[DEBUG 15:52:47.159] - Registering IdentifierGenerator strategy [hilo] -&gt; [org.hibernate.id.TableHiLoGenerator]
[DEBUG 15:52:47.159] - Registering IdentifierGenerator strategy [assigned] -&gt; [org.hibernate.id.Assigned]
[DEBUG 15:52:47.159] - Registering IdentifierGenerator strategy [identity] -&gt; [org.hibernate.id.IdentityGenerator]
[DEBUG 15:52:47.159] - Registering IdentifierGenerator strategy [select] -&gt; [org.hibernate.id.SelectGenerator]
[DEBUG 15:52:47.159] - Registering IdentifierGenerator strategy [sequence] -&gt; [org.hibernate.id.SequenceGenerator]
[DEBUG 15:52:47.159] - Registering IdentifierGenerator strategy [seqhilo] -&gt; [org.hibernate.id.SequenceHiLoGenerator]
[DEBUG 15:52:47.159] - Registering IdentifierGenerator strategy [increment] -&gt; [org.hibernate.id.IncrementGenerator]
[DEBUG 15:52:47.175] - Registering IdentifierGenerator strategy [foreign] -&gt; [org.hibernate.id.ForeignGenerator]
[DEBUG 15:52:47.175] - Registering IdentifierGenerator strategy [sequence-identity] -&gt; [org.hibernate.id.SequenceIdentityGenerator]
[DEBUG 15:52:47.175] - Registering IdentifierGenerator strategy [enhanced-sequence] -&gt; [org.hibernate.id.enhanced.SequenceStyleGenerator]
[DEBUG 15:52:47.175] - Registering IdentifierGenerator strategy [enhanced-table] -&gt; [org.hibernate.id.enhanced.TableGenerator]
[DEBUG 15:52:47.175] - Looking for matching resources in directory tree [D:\projects\appbackend\target\classes\com\ulearning\ulms\appbackend\model]
[DEBUG 15:52:47.175] - Searching directory [D:\projects\appbackend\target\classes\com\ulearning\ulms\appbackend\model] for files matching pattern [D:/projects/appbackend/target/classes/com/ulearning/ulms/appbackend/model/**/*.class]
[DEBUG 15:52:47.175] - Resolved location pattern [classpath*:com/ulearning/ulms/appbackend/model/**/*.class] to resources [file [D:\projects\appbackend\target\classes\com\ulearning\ulms\appbackend\model\Apns.class], file [D:\projects\appbackend\target\classes\com\ulearning\ulms\appbackend\model\BaseModel.class], file [D:\projects\appbackend\target\classes\com\ulearning\ulms\appbackend\model\BookMark.class], file [D:\projects\appbackend\target\classes\com\ulearning\ulms\appbackend\model\Catalog.class], file [D:\projects\appbackend\target\classes\com\ulearning\ulms\appbackend\model\Comment.class], file [D:\projects\appbackend\target\classes\com\ulearning\ulms\appbackend\model\Course.class], file [D:\projects\appbackend\target\classes\com\ulearning\ulms\appbackend\model\Feedback.class], file [D:\projects\appbackend\target\classes\com\ulearning\ulms\appbackend\model\Note.class], file [D:\projects\appbackend\target\classes\com\ulearning\ulms\appbackend\model\Order.class], file [D:\projects\appbackend\target\classes\com\ulearning\ulms\appbackend\model\OrderDetail.class], file [D:\projects\appbackend\target\classes\com\ulearning\ulms\appbackend\model\PaymentResult.class], file [D:\projects\appbackend\target\classes\com\ulearning\ulms\appbackend\model\Platform.class], file [D:\projects\appbackend\target\classes\com\ulearning\ulms\appbackend\model\PushType.class], file [D:\projects\appbackend\target\classes\com\ulearning\ulms\appbackend\model\SDMRelation.class], file [D:\projects\appbackend\target\classes\com\ulearning\ulms\appbackend\model\UpdateRecord.class], file [D:\projects\appbackend\target\classes\com\ulearning\ulms\appbackend\model\User.class], file [D:\projects\appbackend\target\classes\com\ulearning\ulms\appbackend\model\UserCourse.class], file [D:\projects\appbackend\target\classes\com\ulearning\ulms\appbackend\model\UserCoursePK.class]]
[DEBUG 15:52:47.221] - Adding Integrator [org.hibernate.cfg.beanvalidation.BeanValidationIntegrator].
[DEBUG 15:52:47.268] - Preparing to build session factory with filters : {}
[DEBUG 15:52:47.331] - Processing hbm.xml files
[DEBUG 15:52:47.331] - Process annotated classes
[DEBUG 15:52:47.346] - Binding entity from annotated class: com.ulearning.ulms.appbackend.model.Apns
[DEBUG 15:52:47.409] - Binding column: Ejb3DiscriminatorColumn{logicalColumnName&apos;DTYPE&apos;, discriminatorTypeName=&apos;string&apos;}
[DEBUG 15:52:47.409] - No value specified for &apos;javax.persistence.sharedCache.mode&apos;; using UNSPECIFIED
[DEBUG 15:52:47.424] - Import with entity name Apns
[DEBUG 15:52:47.424] - Bind entity com.ulearning.ulms.appbackend.model.Apns on table u_devicetoken_tab
[DEBUG 15:52:47.471] - Binding column: Ejb3Column{table=org.hibernate.mapping.Table(u_devicetoken_tab), mappingColumn=id, insertable=true, updatable=true, unique=false}
[DEBUG 15:52:47.471] - MetadataSourceProcessor property id with lazy=false
[DEBUG 15:52:47.471] - building SimpleValue for id
[DEBUG 15:52:47.487] - Building property id
[DEBUG 15:52:47.487] - Binding column: Ejb3Column{table=org.hibernate.mapping.Table(u_devicetoken_tab), mappingColumn=created, insertable=true, updatable=true, unique=false}
[DEBUG 15:52:47.487] - MetadataSourceProcessor property date with lazy=false
[DEBUG 15:52:47.487] - building SimpleValue for date
[DEBUG 15:52:47.487] - Building property date
[DEBUG 15:52:47.487] - Binding column: Ejb3Column{table=org.hibernate.mapping.Table(u_devicetoken_tab), mappingColumn=devicetoken, insertable=true, updatable=true, unique=false}
[DEBUG 15:52:47.487] - MetadataSourceProcessor property devicetoken with lazy=false
[DEBUG 15:52:47.487] - building SimpleValue for devicetoken
[DEBUG 15:52:47.487] - Building property devicetoken
[DEBUG 15:52:47.487] - Binding column: Ejb3Column{table=org.hibernate.mapping.Table(u_devicetoken_tab), mappingColumn=status, insertable=true, updatable=true, unique=false}
[DEBUG 15:52:47.487] - MetadataSourceProcessor property status with lazy=false
[DEBUG 15:52:47.487] - building SimpleValue for status
[DEBUG 15:52:47.487] - Building property status
[DEBUG 15:52:47.487] - Binding column: Ejb3Column{table=org.hibernate.mapping.Table(u_devicetoken_tab), mappingColumn=userid, insertable=true, updatable=true, unique=false}
[DEBUG 15:52:47.487] - MetadataSourceProcessor property userid with lazy=false
[DEBUG 15:52:47.487] - building SimpleValue for userid
[DEBUG 15:52:47.487] - Building property userid
[DEBUG 15:52:47.487] - Binding entity from annotated class: com.ulearning.ulms.appbackend.model.BookMark
[DEBUG 15:52:47.487] - Binding column: Ejb3DiscriminatorColumn{logicalColumnName&apos;DTYPE&apos;, discriminatorTypeName=&apos;string&apos;}
[DEBUG 15:52:47.487] - No value specified for &apos;javax.persistence.sharedCache.mode&apos;; using UNSPECIFIED
[DEBUG 15:52:47.487] - Import with entity name BookMark
[DEBUG 15:52:47.487] - Bind entity com.ulearning.ulms.appbackend.model.BookMark on table u_bookmarks_tab
[DEBUG 15:52:47.502] - Binding column: Ejb3Column{table=org.hibernate.mapping.Table(u_bookmarks_tab), mappingColumn=id, insertable=true, updatable=true, unique=false}
[DEBUG 15:52:47.502] - MetadataSourceProcessor property id with lazy=false
[DEBUG 15:52:47.502] - building SimpleValue for id
[DEBUG 15:52:47.502] - Building property id
[DEBUG 15:52:47.502] - Binding column: Ejb3Column{table=org.hibernate.mapping.Table(u_bookmarks_tab), mappingColumn=courseid, insertable=true, updatable=true, unique=false}
[DEBUG 15:52:47.502] - MetadataSourceProcessor property courseid with lazy=false
[DEBUG 15:52:47.502] - building SimpleValue for courseid
[DEBUG 15:52:47.502] - Building property courseid
[DEBUG 15:52:47.502] - Binding column: Ejb3Column{table=org.hibernate.mapping.Table(u_bookmarks_tab), mappingColumn=created, insertable=true, updatable=true, unique=false}
[DEBUG 15:52:47.502] - MetadataSourceProcessor property date with lazy=false
[DEBUG 15:52:47.502] - building SimpleValue for date
[DEBUG 15:52:47.502] - Building property date
[DEBUG 15:52:47.502] - Binding column: Ejb3Column{table=org.hibernate.mapping.Table(u_bookmarks_tab), mappingColumn=lessonid, insertable=true, updatable=true, unique=false}
[DEBUG 15:52:47.502] - MetadataSourceProcessor property lessonid with lazy=false
[DEBUG 15:52:47.502] - building SimpleValue for lessonid
[DEBUG 15:52:47.502] - Building property lessonid
[DEBUG 15:52:47.502] - Binding column: Ejb3Column{table=org.hibernate.mapping.Table(u_bookmarks_tab), mappingColumn=page, insertable=true, updatable=true, unique=false}
[DEBUG 15:52:47.502] - MetadataSourceProcessor property page with lazy=false
[DEBUG 15:52:47.502] - building SimpleValue for page
[DEBUG 15:52:47.502] - Building property page
[DEBUG 15:52:47.502] - Binding column: Ejb3Column{table=org.hibernate.mapping.Table(u_bookmarks_tab), mappingColumn=text, insertable=true, updatable=true, unique=false}
[DEBUG 15:52:47.502] - MetadataSourceProcessor property text with lazy=false
[DEBUG 15:52:47.502] - building SimpleValue for text
[DEBUG 15:52:47.502] - Building property text
[DEBUG 15:52:47.502] - Binding column: Ejb3Column{table=org.hibernate.mapping.Table(u_bookmarks_tab), mappingColumn=userid, insertable=true, updatable=true, unique=false}
[DEBUG 15:52:47.502] - MetadataSourceProcessor property userid with lazy=false
[DEBUG 15:52:47.502] - building SimpleValue for userid
[DEBUG 15:52:47.502] - Building property userid
[DEBUG 15:52:47.502] - Binding entity from annotated class: com.ulearning.ulms.appbackend.model.Catalog
[DEBUG 15:52:47.502] - Binding column: Ejb3DiscriminatorColumn{logicalColumnName&apos;DTYPE&apos;, discriminatorTypeName=&apos;string&apos;}
[DEBUG 15:52:47.502] - No value specified for &apos;javax.persistence.sharedCache.mode&apos;; using UNSPECIFIED
[DEBUG 15:52:47.502] - Import with entity name Catalog
[DEBUG 15:52:47.502] - Bind entity com.ulearning.ulms.appbackend.model.Catalog on table c_catalog_tab
[DEBUG 15:52:47.502] - Binding column: Ejb3Column{table=org.hibernate.mapping.Table(c_catalog_tab), mappingColumn=catalogid, insertable=true, updatable=true, unique=false}
[DEBUG 15:52:47.502] - MetadataSourceProcessor property id with lazy=false
[DEBUG 15:52:47.502] - building SimpleValue for id
[DEBUG 15:52:47.518] - Building property id
[DEBUG 15:52:47.518] - Binding column: Ejb3JoinColumn{logicalColumnName=&apos;null&apos;, referencedColumn=&apos;null&apos;, mappedBy=&apos;catalog&apos;}
[DEBUG 15:52:47.518] - Binding column: Ejb3Column{table=org.hibernate.mapping.Table(c_catalog_tab), mappingColumn=courseList, insertable=true, updatable=true, unique=false}
[DEBUG 15:52:47.518] - Binding column: Ejb3Column{table=org.hibernate.mapping.Table(c_catalog_tab), mappingColumn=null, insertable=true, updatable=true, unique=false}
[DEBUG 15:52:47.533] - Binding column: Ejb3Column{table=org.hibernate.mapping.Table(c_catalog_tab), mappingColumn=element, insertable=true, updatable=true, unique=false}
[DEBUG 15:52:47.533] - Binding column: Ejb3Column{table=org.hibernate.mapping.Table(c_catalog_tab), mappingColumn=courseList_KEY, insertable=true, updatable=true, unique=false}
[DEBUG 15:52:47.533] - Binding column: Ejb3JoinColumn{logicalColumnName=&apos;courseList_KEY&apos;, referencedColumn=&apos;null&apos;, mappedBy=&apos;null&apos;}
[DEBUG 15:52:47.533] - Binding column: Ejb3JoinColumn{logicalColumnName=&apos;null&apos;, referencedColumn=&apos;null&apos;, mappedBy=&apos;catalog&apos;}
[DEBUG 15:52:47.533] - Binding column: Ejb3JoinColumn{logicalColumnName=&apos;null&apos;, referencedColumn=&apos;null&apos;, mappedBy=&apos;catalog&apos;}
[DEBUG 15:52:47.533] - Collection role: com.ulearning.ulms.appbackend.model.Catalog.courseList
[DEBUG 15:52:47.533] - Building property courseList
[DEBUG 15:52:47.533] - Binding column: Ejb3Column{table=org.hibernate.mapping.Table(c_catalog_tab), mappingColumn=name, insertable=true, updatable=true, unique=false}
[DEBUG 15:52:47.533] - MetadataSourceProcessor property name with lazy=false
[DEBUG 15:52:47.533] - building SimpleValue for name
[DEBUG 15:52:47.533] - Building property name
[DEBUG 15:52:47.533] - Binding column: Ejb3Column{table=org.hibernate.mapping.Table(c_catalog_tab), mappingColumn=type, insertable=true, updatable=true, unique=false}
[DEBUG 15:52:47.533] - MetadataSourceProcessor property type with lazy=false
[DEBUG 15:52:47.533] - building SimpleValue for type
[DEBUG 15:52:47.533] - Building property type
[DEBUG 15:52:47.533] - Binding entity from annotated class: com.ulearning.ulms.appbackend.model.Comment
[DEBUG 15:52:47.533] - Binding column: Ejb3DiscriminatorColumn{logicalColumnName&apos;DTYPE&apos;, discriminatorTypeName=&apos;string&apos;}
[DEBUG 15:52:47.533] - No value specified for &apos;javax.persistence.sharedCache.mode&apos;; using UNSPECIFIED
[DEBUG 15:52:47.533] - Import with entity name Comment
[DEBUG 15:52:47.533] - Bind entity com.ulearning.ulms.appbackend.model.Comment on table u_comments_tab
[DEBUG 15:52:47.549] - Binding column: Ejb3Column{table=org.hibernate.mapping.Table(u_comments_tab), mappingColumn=id, insertable=true, updatable=true, unique=false}
[DEBUG 15:52:47.549] - MetadataSourceProcessor property id with lazy=false
[DEBUG 15:52:47.549] - building SimpleValue for id
[DEBUG 15:52:47.549] - Building property id
[DEBUG 15:52:47.549] - Binding column: Ejb3Column{table=org.hibernate.mapping.Table(u_comments_tab), mappingColumn=courseid, insertable=true, updatable=true, unique=false}
[DEBUG 15:52:47.549] - MetadataSourceProcessor property courseid with lazy=false
[DEBUG 15:52:47.549] - building SimpleValue for courseid
[DEBUG 15:52:47.549] - Building property courseid
[DEBUG 15:52:47.549] - Binding column: Ejb3Column{table=org.hibernate.mapping.Table(u_comments_tab), mappingColumn=created, insertable=true, updatable=true, unique=false}
[DEBUG 15:52:47.549] - MetadataSourceProcessor property createDate with lazy=false
[DEBUG 15:52:47.549] - building SimpleValue for createDate
[DEBUG 15:52:47.549] - Building property createDate
[DEBUG 15:52:47.549] - Binding column: Ejb3Column{table=org.hibernate.mapping.Table(u_comments_tab), mappingColumn=parentid, insertable=true, updatable=true, unique=false}
[DEBUG 15:52:47.549] - MetadataSourceProcessor property parentid with lazy=false
[DEBUG 15:52:47.549] - building SimpleValue for parentid
[DEBUG 15:52:47.549] - Building property parentid
[DEBUG 15:52:47.549] - Binding column: Ejb3Column{table=org.hibernate.mapping.Table(u_comments_tab), mappingColumn=text, insertable=true, updatable=true, unique=false}
[DEBUG 15:52:47.549] - MetadataSourceProcessor property text with lazy=false
[DEBUG 15:52:47.549] - building SimpleValue for text
[DEBUG 15:52:47.549] - Building property text
[DEBUG 15:52:47.549] - Binding column: Ejb3Column{table=org.hibernate.mapping.Table(u_comments_tab), mappingColumn=userid, insertable=true, updatable=true, unique=false}
[DEBUG 15:52:47.549] - MetadataSourceProcessor property userid with lazy=false
[DEBUG 15:52:47.549] - building SimpleValue for userid
[DEBUG 15:52:47.549] - Building property userid
[DEBUG 15:52:47.549] - Binding column: Ejb3Column{table=org.hibernate.mapping.Table(u_comments_tab), mappingColumn=username, insertable=true, updatable=true, unique=false}
[DEBUG 15:52:47.565] - MetadataSourceProcessor property username with lazy=false
[DEBUG 15:52:47.565] - building SimpleValue for username
[DEBUG 15:52:47.565] - Building property username
[DEBUG 15:52:47.565] - Binding entity from annotated class: com.ulearning.ulms.appbackend.model.Course
[DEBUG 15:52:47.565] - Binding column: Ejb3DiscriminatorColumn{logicalColumnName&apos;DTYPE&apos;, discriminatorTypeName=&apos;string&apos;}
[DEBUG 15:52:47.565] - No value specified for &apos;javax.persistence.sharedCache.mode&apos;; using UNSPECIFIED
[DEBUG 15:52:47.565] - Import with entity name Course
[DEBUG 15:52:47.565] - Bind entity com.ulearning.ulms.appbackend.model.Course on table c_course_tab
[DEBUG 15:52:47.580] - Binding column: Ejb3Column{table=org.hibernate.mapping.Table(c_course_tab), mappingColumn=courseid, insertable=true, updatable=true, unique=false}
[DEBUG 15:52:47.580] - MetadataSourceProcessor property id with lazy=false
[DEBUG 15:52:47.580] - building SimpleValue for id
[DEBUG 15:52:47.580] - Building property id
[DEBUG 15:52:47.580] - Binding column: Ejb3Column{table=org.hibernate.mapping.Table(c_course_tab), mappingColumn=logopic, insertable=true, updatable=true, unique=false}
[DEBUG 15:52:47.580] - MetadataSourceProcessor property androidCover with lazy=false
[DEBUG 15:52:47.580] - building SimpleValue for androidCover
[DEBUG 15:52:47.580] - Building property androidCover
[DEBUG 15:52:47.580] - Binding column: Ejb3JoinColumn{logicalColumnName=&apos;catalogid&apos;, referencedColumn=&apos;catalogid&apos;, mappedBy=&apos;&apos;}
[DEBUG 15:52:47.580] - Binding column: Ejb3Column{table=org.hibernate.mapping.Table(c_course_tab), mappingColumn=catalog, insertable=true, updatable=true, unique=false}
[DEBUG 15:52:47.580] - Building property catalog
[DEBUG 15:52:47.580] - Binding column: Ejb3Column{table=org.hibernate.mapping.Table(c_course_tab), mappingColumn=coursecode, insertable=true, updatable=true, unique=false}
[DEBUG 15:52:47.580] - MetadataSourceProcessor property code with lazy=false
[DEBUG 15:52:47.580] - building SimpleValue for code
[DEBUG 15:52:47.580] - Building property code
[DEBUG 15:52:47.580] - Binding column: Ejb3Column{table=org.hibernate.mapping.Table(c_course_tab), mappingColumn=cover, insertable=true, updatable=true, unique=false}
[DEBUG 15:52:47.580] - MetadataSourceProcessor property cover with lazy=false
[DEBUG 15:52:47.580] - building SimpleValue for cover
[DEBUG 15:52:47.580] - Building property cover
[DEBUG 15:52:47.580] - Binding column: Ejb3Column{table=org.hibernate.mapping.Table(c_course_tab), mappingColumn=description, insertable=true, updatable=true, unique=false}
[DEBUG 15:52:47.580] - MetadataSourceProcessor property description with lazy=false
[DEBUG 15:52:47.580] - building SimpleValue for description
[DEBUG 15:52:47.580] - Building property description
[DEBUG 15:52:47.580] - Binding column: Ejb3Column{table=org.hibernate.mapping.Table(c_course_tab), mappingColumn=iphone, insertable=true, updatable=true, unique=false}
[DEBUG 15:52:47.580] - MetadataSourceProcessor property iphone with lazy=false
[DEBUG 15:52:47.580] - building SimpleValue for iphone
[DEBUG 15:52:47.580] - Building property iphone
[DEBUG 15:52:47.580] - Binding column: Ejb3Column{table=org.hibernate.mapping.Table(c_course_tab), mappingColumn=remark, insertable=true, updatable=true, unique=false}
[DEBUG 15:52:47.580] - MetadataSourceProcessor property link with lazy=false
[DEBUG 15:52:47.580] - building SimpleValue for link
[DEBUG 15:52:47.580] - Building property link
[DEBUG 15:52:47.580] - Binding column: Ejb3Column{table=org.hibernate.mapping.Table(c_course_tab), mappingColumn=period, insertable=true, updatable=true, unique=false}
[DEBUG 15:52:47.596] - MetadataSourceProcessor property period with lazy=false
[DEBUG 15:52:47.596] - building SimpleValue for period
[DEBUG 15:52:47.596] - Building property period
[DEBUG 15:52:47.596] - Binding column: Ejb3Column{table=org.hibernate.mapping.Table(c_course_tab), mappingColumn=charge, insertable=true, updatable=true, unique=false}
[DEBUG 15:52:47.596] - MetadataSourceProcessor property price with lazy=false
[DEBUG 15:52:47.596] - building SimpleValue for price
[DEBUG 15:52:47.596] - Building property price
[DEBUG 15:52:47.596] - Binding column: Ejb3Column{table=org.hibernate.mapping.Table(c_course_tab), mappingColumn=name, insertable=true, updatable=true, unique=false}
[DEBUG 15:52:47.596] - MetadataSourceProcessor property title with lazy=false
[DEBUG 15:52:47.596] - building SimpleValue for title
[DEBUG 15:52:47.596] - Building property title
[DEBUG 15:52:47.596] - Binding entity from annotated class: com.ulearning.ulms.appbackend.model.Note
[DEBUG 15:52:47.596] - Binding column: Ejb3DiscriminatorColumn{logicalColumnName&apos;DTYPE&apos;, discriminatorTypeName=&apos;string&apos;}
[DEBUG 15:52:47.596] - No value specified for &apos;javax.persistence.sharedCache.mode&apos;; using UNSPECIFIED
[DEBUG 15:52:47.596] - Import with entity name Note
[DEBUG 15:52:47.596] - Bind entity com.ulearning.ulms.appbackend.model.Note on table u_notes_tab
[DEBUG 15:52:47.596] - Binding column: Ejb3Column{table=org.hibernate.mapping.Table(u_notes_tab), mappingColumn=id, insertable=true, updatable=true, unique=false}
[DEBUG 15:52:47.596] - MetadataSourceProcessor property id with lazy=false
[DEBUG 15:52:47.596] - building SimpleValue for id
[DEBUG 15:52:47.596] - Building property id
[DEBUG 15:52:47.596] - Binding column: Ejb3Column{table=org.hibernate.mapping.Table(u_notes_tab), mappingColumn=courseid, insertable=true, updatable=true, unique=false}
[DEBUG 15:52:47.596] - MetadataSourceProcessor property courseid with lazy=false
[DEBUG 15:52:47.596] - building SimpleValue for courseid
[DEBUG 15:52:47.596] - Building property courseid
[DEBUG 15:52:47.596] - Binding column: Ejb3Column{table=org.hibernate.mapping.Table(u_notes_tab), mappingColumn=created, insertable=true, updatable=true, unique=false}
[DEBUG 15:52:47.596] - MetadataSourceProcessor property createDate with lazy=false
[DEBUG 15:52:47.596] - building SimpleValue for createDate
[DEBUG 15:52:47.596] - Building property createDate
[DEBUG 15:52:47.596] - Binding column: Ejb3Column{table=org.hibernate.mapping.Table(u_notes_tab), mappingColumn=length, insertable=true, updatable=true, unique=false}
[DEBUG 15:52:47.596] - MetadataSourceProcessor property length with lazy=false
[DEBUG 15:52:47.596] - building SimpleValue for length
[DEBUG 15:52:47.596] - Building property length
[DEBUG 15:52:47.596] - Binding column: Ejb3Column{table=org.hibernate.mapping.Table(u_notes_tab), mappingColumn=lessonid, insertable=true, updatable=true, unique=false}
[DEBUG 15:52:47.596] - MetadataSourceProcessor property lessonid with lazy=false
[DEBUG 15:52:47.596] - building SimpleValue for lessonid
[DEBUG 15:52:47.596] - Building property lessonid
[DEBUG 15:52:47.596] - Binding column: Ejb3Column{table=org.hibernate.mapping.Table(u_notes_tab), mappingColumn=page, insertable=true, updatable=true, unique=false}
[DEBUG 15:52:47.596] - MetadataSourceProcessor property page with lazy=false
[DEBUG 15:52:47.596] - building SimpleValue for page
[DEBUG 15:52:47.596] - Building property page
[DEBUG 15:52:47.596] - Binding column: Ejb3Column{table=org.hibernate.mapping.Table(u_notes_tab), mappingColumn=start, insertable=true, updatable=true, unique=false}
[DEBUG 15:52:47.596] - MetadataSourceProcessor property start with lazy=false
[DEBUG 15:52:47.596] - building SimpleValue for start
[DEBUG 15:52:47.596] - Building property start
[DEBUG 15:52:47.596] - Binding column: Ejb3Column{table=org.hibernate.mapping.Table(u_notes_tab), mappingColumn=style, insertable=true, updatable=true, unique=false}
[DEBUG 15:52:47.596] - MetadataSourceProcessor property style with lazy=false
[DEBUG 15:52:47.596] - building SimpleValue for style
[DEBUG 15:52:47.596] - Building property style
[DEBUG 15:52:47.596] - Binding column: Ejb3Column{table=org.hibernate.mapping.Table(u_notes_tab), mappingColumn=text, insertable=true, updatable=true, unique=false}
[DEBUG 15:52:47.596] - MetadataSourceProcessor property text with lazy=false
[DEBUG 15:52:47.596] - building SimpleValue for text
[DEBUG 15:52:47.596] - Building property text
[DEBUG 15:52:47.596] - Binding column: Ejb3Column{table=org.hibernate.mapping.Table(u_notes_tab), mappingColumn=userid, insertable=true, updatable=true, unique=false}
[DEBUG 15:52:47.596] - MetadataSourceProcessor property userid with lazy=false
[DEBUG 15:52:47.596] - building SimpleValue for userid
[DEBUG 15:52:47.596] - Building property userid
[DEBUG 15:52:47.596] - Binding entity from annotated class: com.ulearning.ulms.appbackend.model.Order
[DEBUG 15:52:47.596] - Binding column: Ejb3DiscriminatorColumn{logicalColumnName&apos;DTYPE&apos;, discriminatorTypeName=&apos;string&apos;}
[DEBUG 15:52:47.596] - No value specified for &apos;javax.persistence.sharedCache.mode&apos;; using UNSPECIFIED
[DEBUG 15:52:47.596] - Import with entity name Order
[DEBUG 15:52:47.596] - Bind entity com.ulearning.ulms.appbackend.model.Order on table c_order_tab
[DEBUG 15:52:47.596] - Binding column: Ejb3Column{table=org.hibernate.mapping.Table(c_order_tab), mappingColumn=orderID, insertable=true, updatable=true, unique=false}
[DEBUG 15:52:47.596] - MetadataSourceProcessor property orderID with lazy=false
[DEBUG 15:52:47.596] - building SimpleValue for orderID
[DEBUG 15:52:47.596] - Building property orderID
[DEBUG 15:52:47.596] - Binding column: Ejb3Column{table=org.hibernate.mapping.Table(c_order_tab), mappingColumn=aspID, insertable=true, updatable=true, unique=false}
[DEBUG 15:52:47.596] - MetadataSourceProcessor property aspID with lazy=false
[DEBUG 15:52:47.596] - building SimpleValue for aspID
[DEBUG 15:52:47.596] - Building property aspID
[DEBUG 15:52:47.596] - Binding column: Ejb3Column{table=org.hibernate.mapping.Table(c_order_tab), mappingColumn=createTime, insertable=true, updatable=true, unique=false}
[DEBUG 15:52:47.596] - MetadataSourceProcessor property createTime with lazy=false
[DEBUG 15:52:47.611] - building SimpleValue for createTime
[DEBUG 15:52:47.611] - Building property createTime
[DEBUG 15:52:47.611] - Binding column: Ejb3JoinColumn{logicalColumnName=&apos;null&apos;, referencedColumn=&apos;null&apos;, mappedBy=&apos;order&apos;}
[DEBUG 15:52:47.611] - Binding column: Ejb3Column{table=org.hibernate.mapping.Table(c_order_tab), mappingColumn=orderDetails, insertable=true, updatable=true, unique=false}
[DEBUG 15:52:47.611] - Binding column: Ejb3Column{table=org.hibernate.mapping.Table(c_order_tab), mappingColumn=null, insertable=true, updatable=true, unique=false}
[DEBUG 15:52:47.611] - Binding column: Ejb3Column{table=org.hibernate.mapping.Table(c_order_tab), mappingColumn=element, insertable=true, updatable=true, unique=false}
[DEBUG 15:52:47.611] - Binding column: Ejb3Column{table=org.hibernate.mapping.Table(c_order_tab), mappingColumn=orderDetails_KEY, insertable=true, updatable=true, unique=false}
[DEBUG 15:52:47.611] - Binding column: Ejb3JoinColumn{logicalColumnName=&apos;orderDetails_KEY&apos;, referencedColumn=&apos;null&apos;, mappedBy=&apos;null&apos;}
[DEBUG 15:52:47.611] - Binding column: Ejb3JoinColumn{logicalColumnName=&apos;null&apos;, referencedColumn=&apos;null&apos;, mappedBy=&apos;order&apos;}
[DEBUG 15:52:47.611] - Binding column: Ejb3JoinColumn{logicalColumnName=&apos;null&apos;, referencedColumn=&apos;null&apos;, mappedBy=&apos;order&apos;}
[DEBUG 15:52:47.611] - Collection role: com.ulearning.ulms.appbackend.model.Order.orderDetails
[DEBUG 15:52:47.611] - Building property orderDetails
[DEBUG 15:52:47.611] - Binding column: Ejb3Column{table=org.hibernate.mapping.Table(c_order_tab), mappingColumn=orderNo, insertable=true, updatable=true, unique=false}
[DEBUG 15:52:47.611] - MetadataSourceProcessor property orderNo with lazy=false
[DEBUG 15:52:47.611] - building SimpleValue for orderNo
[DEBUG 15:52:47.611] - Building property orderNo
[DEBUG 15:52:47.611] - Binding column: Ejb3Column{table=org.hibernate.mapping.Table(c_order_tab), mappingColumn=orgID, insertable=true, updatable=true, unique=false}
[DEBUG 15:52:47.611] - MetadataSourceProcessor property orgID with lazy=false
[DEBUG 15:52:47.611] - building SimpleValue for orgID
[DEBUG 15:52:47.611] - Building property orgID
[DEBUG 15:52:47.611] - Binding column: Ejb3Column{table=org.hibernate.mapping.Table(c_order_tab), mappingColumn=paymentStatus, insertable=true, updatable=true, unique=false}
[DEBUG 15:52:47.611] - MetadataSourceProcessor property paymentStatus with lazy=false
[DEBUG 15:52:47.611] - building SimpleValue for paymentStatus
[DEBUG 15:52:47.611] - Building property paymentStatus
[DEBUG 15:52:47.611] - Binding column: Ejb3Column{table=org.hibernate.mapping.Table(c_order_tab), mappingColumn=paymentType, insertable=true, updatable=true, unique=false}
[DEBUG 15:52:47.611] - MetadataSourceProcessor property paymentType with lazy=false
[DEBUG 15:52:47.611] - building SimpleValue for paymentType
[DEBUG 15:52:47.611] - Building property paymentType
[DEBUG 15:52:47.611] - Binding column: Ejb3Column{table=org.hibernate.mapping.Table(c_order_tab), mappingColumn=totalPrice, insertable=true, updatable=true, unique=false}
[DEBUG 15:52:47.611] - MetadataSourceProcessor property totalPrice with lazy=false
[DEBUG 15:52:47.611] - building SimpleValue for totalPrice
[DEBUG 15:52:47.611] - Building property totalPrice
[DEBUG 15:52:47.611] - Binding column: Ejb3Column{table=org.hibernate.mapping.Table(c_order_tab), mappingColumn=updateTime, insertable=true, updatable=true, unique=false}
[DEBUG 15:52:47.611] - MetadataSourceProcessor property updateTime with lazy=false
[DEBUG 15:52:47.611] - building SimpleValue for updateTime
[DEBUG 15:52:47.611] - Building property updateTime
[DEBUG 15:52:47.611] - Binding column: Ejb3Column{table=org.hibernate.mapping.Table(c_order_tab), mappingColumn=userID, insertable=true, updatable=true, unique=false}
[DEBUG 15:52:47.611] - MetadataSourceProcessor property userID with lazy=false
[DEBUG 15:52:47.611] - building SimpleValue for userID
[DEBUG 15:52:47.611] - Building property userID
[DEBUG 15:52:47.611] - Binding column: Ejb3Column{table=org.hibernate.mapping.Table(c_order_tab), mappingColumn=remark1, insertable=true, updatable=true, unique=false}
[DEBUG 15:52:47.611] - MetadataSourceProcessor property userName with lazy=false
[DEBUG 15:52:47.611] - building SimpleValue for userName
[DEBUG 15:52:47.611] - Building property userName
[DEBUG 15:52:47.611] - Binding entity from annotated class: com.ulearning.ulms.appbackend.model.OrderDetail
[DEBUG 15:52:47.611] - Binding column: Ejb3DiscriminatorColumn{logicalColumnName&apos;DTYPE&apos;, discriminatorTypeName=&apos;string&apos;}
[DEBUG 15:52:47.611] - No value specified for &apos;javax.persistence.sharedCache.mode&apos;; using UNSPECIFIED
[DEBUG 15:52:47.611] - Import with entity name OrderDetail
[DEBUG 15:52:47.611] - Bind entity com.ulearning.ulms.appbackend.model.OrderDetail on table c_orderdetail_tab
[DEBUG 15:52:47.611] - Binding column: Ejb3Column{table=org.hibernate.mapping.Table(c_orderdetail_tab), mappingColumn=orderDetailID, insertable=true, updatable=true, unique=false}
[DEBUG 15:52:47.611] - MetadataSourceProcessor property orderDetailID with lazy=false
[DEBUG 15:52:47.611] - building SimpleValue for orderDetailID
[DEBUG 15:52:47.611] - Building property orderDetailID
[DEBUG 15:52:47.611] - Binding column: Ejb3Column{table=org.hibernate.mapping.Table(c_orderdetail_tab), mappingColumn=createTime, insertable=true, updatable=true, unique=false}
[DEBUG 15:52:47.611] - MetadataSourceProcessor property createTime with lazy=false
[DEBUG 15:52:47.611] - building SimpleValue for createTime
[DEBUG 15:52:47.611] - Building property createTime
[DEBUG 15:52:47.611] - Binding column: Ejb3Column{table=org.hibernate.mapping.Table(c_orderdetail_tab), mappingColumn=discountPrice, insertable=true, updatable=true, unique=false}
[DEBUG 15:52:47.611] - MetadataSourceProcessor property discountPrice with lazy=false
[DEBUG 15:52:47.611] - building SimpleValue for discountPrice
[DEBUG 15:52:47.611] - Building property discountPrice
[DEBUG 15:52:47.611] - Binding column: Ejb3Column{table=org.hibernate.mapping.Table(c_orderdetail_tab), mappingColumn=itemCount, insertable=true, updatable=true, unique=false}
[DEBUG 15:52:47.627] - MetadataSourceProcessor property itemCount with lazy=false
[DEBUG 15:52:47.627] - building SimpleValue for itemCount
[DEBUG 15:52:47.627] - Building property itemCount
[DEBUG 15:52:47.627] - Binding column: Ejb3Column{table=org.hibernate.mapping.Table(c_orderdetail_tab), mappingColumn=itemPrice, insertable=true, updatable=true, unique=false}
[DEBUG 15:52:47.627] - MetadataSourceProcessor property itemPrice with lazy=false
[DEBUG 15:52:47.627] - building SimpleValue for itemPrice
[DEBUG 15:52:47.627] - Building property itemPrice
[DEBUG 15:52:47.627] - Binding column: Ejb3JoinColumn{logicalColumnName=&apos;orderID&apos;, referencedColumn=&apos;&apos;, mappedBy=&apos;&apos;}
[DEBUG 15:52:47.627] - Binding column: Ejb3Column{table=org.hibernate.mapping.Table(c_orderdetail_tab), mappingColumn=order, insertable=true, updatable=true, unique=false}
[DEBUG 15:52:47.627] - Building property order
[DEBUG 15:52:47.627] - Binding column: Ejb3Column{table=org.hibernate.mapping.Table(c_orderdetail_tab), mappingColumn=remark1, insertable=true, updatable=true, unique=false}
[DEBUG 15:52:47.627] - MetadataSourceProcessor property period with lazy=false
[DEBUG 15:52:47.627] - building SimpleValue for period
[DEBUG 15:52:47.627] - Building property period
[DEBUG 15:52:47.627] - Binding column: Ejb3Column{table=org.hibernate.mapping.Table(c_orderdetail_tab), mappingColumn=relationID, insertable=true, updatable=true, unique=false}
[DEBUG 15:52:47.627] - MetadataSourceProcessor property relationID with lazy=false
[DEBUG 15:52:47.627] - building SimpleValue for relationID
[DEBUG 15:52:47.627] - Building property relationID
[DEBUG 15:52:47.627] - Binding column: Ejb3Column{table=org.hibernate.mapping.Table(c_orderdetail_tab), mappingColumn=relationName, insertable=true, updatable=true, unique=false}
[DEBUG 15:52:47.627] - MetadataSourceProcessor property relationName with lazy=false
[DEBUG 15:52:47.627] - building SimpleValue for relationName
[DEBUG 15:52:47.627] - Building property relationName
[DEBUG 15:52:47.627] - Binding column: Ejb3Column{table=org.hibernate.mapping.Table(c_orderdetail_tab), mappingColumn=remark2, insertable=true, updatable=true, unique=false}
[DEBUG 15:52:47.627] - MetadataSourceProcessor property type with lazy=false
[DEBUG 15:52:47.627] - building SimpleValue for type
[DEBUG 15:52:47.627] - Building property type
[DEBUG 15:52:47.627] - Binding column: Ejb3Column{table=org.hibernate.mapping.Table(c_orderdetail_tab), mappingColumn=updateTime, insertable=true, updatable=true, unique=false}
[DEBUG 15:52:47.627] - MetadataSourceProcessor property updateTime with lazy=false
[DEBUG 15:52:47.627] - building SimpleValue for updateTime
[DEBUG 15:52:47.627] - Building property updateTime
[DEBUG 15:52:47.627] - Binding entity from annotated class: com.ulearning.ulms.appbackend.model.SDMRelation
[DEBUG 15:52:47.627] - Binding column: Ejb3DiscriminatorColumn{logicalColumnName&apos;DTYPE&apos;, discriminatorTypeName=&apos;string&apos;}
[DEBUG 15:52:47.627] - No value specified for &apos;javax.persistence.sharedCache.mode&apos;; using UNSPECIFIED
[DEBUG 15:52:47.627] - Import with entity name SDMRelation
[DEBUG 15:52:47.627] - Bind entity com.ulearning.ulms.appbackend.model.SDMRelation on table s_studyrecord_tab
[DEBUG 15:52:47.627] - Binding column: Ejb3Column{table=org.hibernate.mapping.Table(s_studyrecord_tab), mappingColumn=id, insertable=true, updatable=true, unique=false}
[DEBUG 15:52:47.627] - MetadataSourceProcessor property id with lazy=false
[DEBUG 15:52:47.627] - building SimpleValue for id
[DEBUG 15:52:47.627] - Building property id
[DEBUG 15:52:47.627] - Binding column: Ejb3Column{table=org.hibernate.mapping.Table(s_studyrecord_tab), mappingColumn=completion, insertable=true, updatable=true, unique=false}
[DEBUG 15:52:47.627] - MetadataSourceProcessor property completion with lazy=false
[DEBUG 15:52:47.627] - building SimpleValue for completion
[DEBUG 15:52:47.627] - Building property completion
[DEBUG 15:52:47.627] - Binding column: Ejb3Column{table=org.hibernate.mapping.Table(s_studyrecord_tab), mappingColumn=courseid, insertable=true, updatable=true, unique=false}
[DEBUG 15:52:47.627] - MetadataSourceProcessor property courseid with lazy=false
[DEBUG 15:52:47.627] - building SimpleValue for courseid
[DEBUG 15:52:47.627] - Building property courseid
[DEBUG 15:52:47.627] - Binding column: Ejb3Column{table=org.hibernate.mapping.Table(s_studyrecord_tab), mappingColumn=lastpage, insertable=true, updatable=true, unique=false}
[DEBUG 15:52:47.627] - MetadataSourceProcessor property lastpage with lazy=false
[DEBUG 15:52:47.627] - building SimpleValue for lastpage
[DEBUG 15:52:47.627] - Building property lastpage
[DEBUG 15:52:47.627] - Binding column: Ejb3Column{table=org.hibernate.mapping.Table(s_studyrecord_tab), mappingColumn=lasttime, insertable=true, updatable=true, unique=false}
[DEBUG 15:52:47.627] - MetadataSourceProcessor property lasttime with lazy=false
[DEBUG 15:52:47.627] - building SimpleValue for lasttime
[DEBUG 15:52:47.627] - Building property lasttime
[DEBUG 15:52:47.627] - Binding column: Ejb3Column{table=org.hibernate.mapping.Table(s_studyrecord_tab), mappingColumn=lessonid, insertable=true, updatable=true, unique=false}
[DEBUG 15:52:47.627] - MetadataSourceProcessor property lessonid with lazy=false
[DEBUG 15:52:47.627] - building SimpleValue for lessonid
[DEBUG 15:52:47.627] - Building property lessonid
[DEBUG 15:52:47.627] - Binding column: Ejb3Column{table=org.hibernate.mapping.Table(s_studyrecord_tab), mappingColumn=pages, insertable=true, updatable=true, unique=false}
[DEBUG 15:52:47.627] - MetadataSourceProcessor property pages with lazy=false
[DEBUG 15:52:47.627] - building SimpleValue for pages
[DEBUG 15:52:47.627] - Building property pages
[DEBUG 15:52:47.627] - Binding column: Ejb3Column{table=org.hibernate.mapping.Table(s_studyrecord_tab), mappingColumn=score, insertable=true, updatable=true, unique=false}
[DEBUG 15:52:47.627] - MetadataSourceProcessor property score with lazy=false
[DEBUG 15:52:47.627] - building SimpleValue for score
[DEBUG 15:52:47.627] - Building property score
[DEBUG 15:52:47.627] - Binding column: Ejb3Column{table=org.hibernate.mapping.Table(s_studyrecord_tab), mappingColumn=totaltime, insertable=true, updatable=true, unique=false}
[DEBUG 15:52:47.627] - MetadataSourceProcessor property totaltimes with lazy=false
[DEBUG 15:52:47.643] - building SimpleValue for totaltimes
[DEBUG 15:52:47.643] - Building property totaltimes
[DEBUG 15:52:47.643] - Binding column: Ejb3Column{table=org.hibernate.mapping.Table(s_studyrecord_tab), mappingColumn=userid, insertable=true, updatable=true, unique=false}
[DEBUG 15:52:47.643] - MetadataSourceProcessor property userid with lazy=false
[DEBUG 15:52:47.643] - building SimpleValue for userid
[DEBUG 15:52:47.643] - Building property userid
[DEBUG 15:52:47.643] - Binding entity from annotated class: com.ulearning.ulms.appbackend.model.User
[DEBUG 15:52:47.643] - Binding column: Ejb3DiscriminatorColumn{logicalColumnName&apos;DTYPE&apos;, discriminatorTypeName=&apos;string&apos;}
[DEBUG 15:52:47.643] - No value specified for &apos;javax.persistence.sharedCache.mode&apos;; using UNSPECIFIED
[DEBUG 15:52:47.643] - Import with entity name User
[DEBUG 15:52:47.643] - Bind entity com.ulearning.ulms.appbackend.model.User on table u_user_tab
[DEBUG 15:52:47.643] - Binding column: Ejb3Column{table=org.hibernate.mapping.Table(u_user_tab), mappingColumn=userid, insertable=true, updatable=true, unique=false}
[DEBUG 15:52:47.643] - MetadataSourceProcessor property id with lazy=false
[DEBUG 15:52:47.643] - building SimpleValue for id
[DEBUG 15:52:47.643] - Building property id
[DEBUG 15:52:47.643] - Binding column: Ejb3Column{table=org.hibernate.mapping.Table(u_user_tab), mappingColumn=aspid, insertable=true, updatable=true, unique=false}
[DEBUG 15:52:47.643] - MetadataSourceProcessor property aspID with lazy=false
[DEBUG 15:52:47.643] - building SimpleValue for aspID
[DEBUG 15:52:47.643] - Building property aspID
[DEBUG 15:52:47.643] - Binding column: Ejb3Column{table=org.hibernate.mapping.Table(u_user_tab), mappingColumn=name, insertable=true, updatable=true, unique=false}
[DEBUG 15:52:47.643] - MetadataSourceProcessor property name with lazy=false
[DEBUG 15:52:47.643] - building SimpleValue for name
[DEBUG 15:52:47.643] - Building property name
[DEBUG 15:52:47.643] - Binding column: Ejb3Column{table=org.hibernate.mapping.Table(u_user_tab), mappingColumn=catalogid, insertable=true, updatable=true, unique=false}
[DEBUG 15:52:47.643] - MetadataSourceProcessor property orgID with lazy=false
[DEBUG 15:52:47.643] - building SimpleValue for orgID
[DEBUG 15:52:47.643] - Building property orgID
[DEBUG 15:52:47.643] - Binding column: Ejb3Column{table=org.hibernate.mapping.Table(u_user_tab), mappingColumn=password, insertable=true, updatable=true, unique=false}
[DEBUG 15:52:47.643] - MetadataSourceProcessor property password with lazy=false
[DEBUG 15:52:47.643] - building SimpleValue for password
[DEBUG 15:52:47.643] - Building property password
[DEBUG 15:52:47.643] - Binding column: Ejb3Column{table=org.hibernate.mapping.Table(u_user_tab), mappingColumn=token, insertable=true, updatable=true, unique=false}
[DEBUG 15:52:47.643] - MetadataSourceProcessor property token with lazy=false
[DEBUG 15:52:47.643] - building SimpleValue for token
[DEBUG 15:52:47.643] - Building property token
[DEBUG 15:52:47.643] - Binding column: Ejb3Column{table=org.hibernate.mapping.Table(u_user_tab), mappingColumn=loginname, insertable=true, updatable=true, unique=false}
[DEBUG 15:52:47.643] - MetadataSourceProcessor property username with lazy=false
[DEBUG 15:52:47.643] - building SimpleValue for username
[DEBUG 15:52:47.643] - Building property username
[DEBUG 15:52:47.643] - Binding entity from annotated class: com.ulearning.ulms.appbackend.model.UserCourse
[DEBUG 15:52:47.643] - Binding column: Ejb3DiscriminatorColumn{logicalColumnName&apos;DTYPE&apos;, discriminatorTypeName=&apos;string&apos;}
[DEBUG 15:52:47.643] - No value specified for &apos;javax.persistence.sharedCache.mode&apos;; using UNSPECIFIED
[DEBUG 15:52:47.643] - Import with entity name UserCourse
[DEBUG 15:52:47.643] - Bind entity com.ulearning.ulms.appbackend.model.UserCourse on table c_user_tab
[DEBUG 15:52:47.643] - Binding column: Ejb3Column{table=org.hibernate.mapping.Table(c_user_tab), mappingColumn=id, insertable=true, updatable=true, unique=false}
[DEBUG 15:52:47.658] - Binding column: Ejb3Column{table=org.hibernate.mapping.Table(c_user_tab), mappingColumn=relationid, insertable=true, updatable=true, unique=false}
[DEBUG 15:52:47.658] - MetadataSourceProcessor property courseID with lazy=false
[DEBUG 15:52:47.658] - building SimpleValue for courseID
[DEBUG 15:52:47.658] - Building property courseID
[DEBUG 15:52:47.658] - Binding column: Ejb3Column{table=org.hibernate.mapping.Table(c_user_tab), mappingColumn=type, insertable=true, updatable=true, unique=false}
[DEBUG 15:52:47.658] - MetadataSourceProcessor property type with lazy=false
[DEBUG 15:52:47.658] - building SimpleValue for type
[DEBUG 15:52:47.658] - Building property type
[DEBUG 15:52:47.658] - Binding column: Ejb3Column{table=org.hibernate.mapping.Table(c_user_tab), mappingColumn=userid, insertable=true, updatable=true, unique=false}
[DEBUG 15:52:47.658] - MetadataSourceProcessor property userID with lazy=false
[DEBUG 15:52:47.658] - building SimpleValue for userID
[DEBUG 15:52:47.658] - Building property userID
[DEBUG 15:52:47.658] - Building property id
[DEBUG 15:52:47.658] - Binding column: Ejb3Column{table=org.hibernate.mapping.Table(c_user_tab), mappingColumn=applytime, insertable=true, updatable=true, unique=false}
[DEBUG 15:52:47.658] - MetadataSourceProcessor property applyTime with lazy=false
[DEBUG 15:52:47.658] - building SimpleValue for applyTime
[DEBUG 15:52:47.658] - Building property applyTime
[DEBUG 15:52:47.658] - Binding column: Ejb3Column{table=org.hibernate.mapping.Table(c_user_tab), mappingColumn=downloadcount, insertable=true, updatable=true, unique=false}
[DEBUG 15:52:47.658] - MetadataSourceProcessor property downloadCount with lazy=false
[DEBUG 15:52:47.658] - building SimpleValue for downloadCount
[DEBUG 15:52:47.658] - Building property downloadCount
[DEBUG 15:52:47.658] - Binding column: Ejb3Column{table=org.hibernate.mapping.Table(c_user_tab), mappingColumn=expiretime, insertable=true, updatable=true, unique=false}
[DEBUG 15:52:47.658] - MetadataSourceProcessor property expireTime with lazy=false
[DEBUG 15:52:47.658] - building SimpleValue for expireTime
[DEBUG 15:52:47.658] - Building property expireTime
[DEBUG 15:52:47.658] - Binding column: Ejb3Column{table=org.hibernate.mapping.Table(c_user_tab), mappingColumn=paystate, insertable=true, updatable=true, unique=false}
[DEBUG 15:52:47.658] - MetadataSourceProcessor property payState with lazy=false
[DEBUG 15:52:47.658] - building SimpleValue for payState
[DEBUG 15:52:47.658] - Building property payState
[DEBUG 15:52:47.658] - Binding column: Ejb3Column{table=org.hibernate.mapping.Table(c_user_tab), mappingColumn=state, insertable=true, updatable=true, unique=false}
[DEBUG 15:52:47.658] - MetadataSourceProcessor property state with lazy=false
[DEBUG 15:52:47.658] - building SimpleValue for state
[DEBUG 15:52:47.658] - Building property state
[DEBUG 15:52:47.658] - Setting SimpleValue typeName for id
[DEBUG 15:52:47.658] - Setting SimpleValue typeName for date
[DEBUG 15:52:47.658] - Setting SimpleValue typeName for devicetoken
[DEBUG 15:52:47.658] - Setting SimpleValue typeName for status
[DEBUG 15:52:47.658] - Setting SimpleValue typeName for userid
[DEBUG 15:52:47.658] - Setting SimpleValue typeName for id
[DEBUG 15:52:47.658] - Setting SimpleValue typeName for courseid
[DEBUG 15:52:47.658] - Setting SimpleValue typeName for date
[DEBUG 15:52:47.658] - Setting SimpleValue typeName for lessonid
[DEBUG 15:52:47.658] - Setting SimpleValue typeName for page
[DEBUG 15:52:47.658] - Setting SimpleValue typeName for text
[DEBUG 15:52:47.658] - Setting SimpleValue typeName for userid
[DEBUG 15:52:47.658] - Setting SimpleValue typeName for id
[DEBUG 15:52:47.658] - Setting SimpleValue typeName for name
[DEBUG 15:52:47.658] - Setting SimpleValue typeName for type
[DEBUG 15:52:47.658] - Setting SimpleValue typeName for id
[DEBUG 15:52:47.658] - Setting SimpleValue typeName for courseid
[DEBUG 15:52:47.658] - Setting SimpleValue typeName for createDate
[DEBUG 15:52:47.674] - Setting SimpleValue typeName for parentid
[DEBUG 15:52:47.674] - Setting SimpleValue typeName for text
[DEBUG 15:52:47.674] - Setting SimpleValue typeName for userid
[DEBUG 15:52:47.674] - Setting SimpleValue typeName for username
[DEBUG 15:52:47.674] - Setting SimpleValue typeName for id
[DEBUG 15:52:47.674] - Setting SimpleValue typeName for androidCover
[DEBUG 15:52:47.674] - Setting SimpleValue typeName for code
[DEBUG 15:52:47.674] - Setting SimpleValue typeName for cover
[DEBUG 15:52:47.674] - Setting SimpleValue typeName for description
[DEBUG 15:52:47.674] - Setting SimpleValue typeName for iphone
[DEBUG 15:52:47.674] - Setting SimpleValue typeName for link
[DEBUG 15:52:47.674] - Setting SimpleValue typeName for period
[DEBUG 15:52:47.674] - Setting SimpleValue typeName for price
[DEBUG 15:52:47.674] - Setting SimpleValue typeName for title
[DEBUG 15:52:47.674] - Setting SimpleValue typeName for id
[DEBUG 15:52:47.674] - Setting SimpleValue typeName for courseid
[DEBUG 15:52:47.674] - Setting SimpleValue typeName for createDate
[DEBUG 15:52:47.674] - Setting SimpleValue typeName for length
[DEBUG 15:52:47.674] - Setting SimpleValue typeName for lessonid
[DEBUG 15:52:47.674] - Setting SimpleValue typeName for page
[DEBUG 15:52:47.674] - Setting SimpleValue typeName for start
[DEBUG 15:52:47.674] - Setting SimpleValue typeName for style
[DEBUG 15:52:47.674] - Setting SimpleValue typeName for text
[DEBUG 15:52:47.674] - Setting SimpleValue typeName for userid
[DEBUG 15:52:47.674] - Setting SimpleValue typeName for orderID
[DEBUG 15:52:47.674] - Setting SimpleValue typeName for aspID
[DEBUG 15:52:47.674] - Setting SimpleValue typeName for createTime
[DEBUG 15:52:47.674] - Setting SimpleValue typeName for orderNo
[DEBUG 15:52:47.674] - Setting SimpleValue typeName for orgID
[DEBUG 15:52:47.674] - Setting SimpleValue typeName for paymentStatus
[DEBUG 15:52:47.674] - Setting SimpleValue typeName for paymentType
[DEBUG 15:52:47.674] - Setting SimpleValue typeName for totalPrice
[DEBUG 15:52:47.674] - Setting SimpleValue typeName for updateTime
[DEBUG 15:52:47.674] - Setting SimpleValue typeName for userID
[DEBUG 15:52:47.674] - Setting SimpleValue typeName for userName
[DEBUG 15:52:47.674] - Setting SimpleValue typeName for orderDetailID
[DEBUG 15:52:47.674] - Setting SimpleValue typeName for createTime
[DEBUG 15:52:47.674] - Setting SimpleValue typeName for discountPrice
[DEBUG 15:52:47.674] - Setting SimpleValue typeName for itemCount
[DEBUG 15:52:47.674] - Setting SimpleValue typeName for itemPrice
[DEBUG 15:52:47.674] - Setting SimpleValue typeName for period
[DEBUG 15:52:47.674] - Setting SimpleValue typeName for relationID
[DEBUG 15:52:47.674] - Setting SimpleValue typeName for relationName
[DEBUG 15:52:47.674] - Setting SimpleValue typeName for type
[DEBUG 15:52:47.674] - Setting SimpleValue typeName for updateTime
[DEBUG 15:52:47.674] - Setting SimpleValue typeName for id
[DEBUG 15:52:47.674] - Setting SimpleValue typeName for completion
[DEBUG 15:52:47.674] - Setting SimpleValue typeName for courseid
[DEBUG 15:52:47.674] - Setting SimpleValue typeName for lastpage
[DEBUG 15:52:47.674] - Setting SimpleValue typeName for lasttime
[DEBUG 15:52:47.674] - Setting SimpleValue typeName for lessonid
[DEBUG 15:52:47.674] - Setting SimpleValue typeName for pages
[DEBUG 15:52:47.674] - Setting SimpleValue typeName for score
[DEBUG 15:52:47.674] - Setting SimpleValue typeName for totaltimes
[DEBUG 15:52:47.674] - Setting SimpleValue typeName for userid
[DEBUG 15:52:47.674] - Setting SimpleValue typeName for id
[DEBUG 15:52:47.674] - Setting SimpleValue typeName for aspID
[DEBUG 15:52:47.674] - Setting SimpleValue typeName for name
[DEBUG 15:52:47.674] - Setting SimpleValue typeName for orgID
[DEBUG 15:52:47.674] - Setting SimpleValue typeName for password
[DEBUG 15:52:47.674] - Setting SimpleValue typeName for token
[DEBUG 15:52:47.674] - Setting SimpleValue typeName for username
[DEBUG 15:52:47.674] - Setting SimpleValue typeName for courseID
[DEBUG 15:52:47.674] - Setting SimpleValue typeName for type
[DEBUG 15:52:47.674] - Setting SimpleValue typeName for userID
[DEBUG 15:52:47.674] - Setting SimpleValue typeName for applyTime
[DEBUG 15:52:47.674] - Setting SimpleValue typeName for downloadCount
[DEBUG 15:52:47.674] - Setting SimpleValue typeName for expireTime
[DEBUG 15:52:47.674] - Setting SimpleValue typeName for payState
[DEBUG 15:52:47.674] - Setting SimpleValue typeName for state
[DEBUG 15:52:47.674] - Processing fk mappings (*ToOne and JoinedSubclass)
[DEBUG 15:52:47.721] - Processing extends queue
[DEBUG 15:52:47.721] - Processing extends queue
[DEBUG 15:52:47.721] - Processing collection mappings
[DEBUG 15:52:47.721] - Second pass for collection: com.ulearning.ulms.appbackend.model.Catalog.courseList
[DEBUG 15:52:47.721] - Binding a OneToMany: com.ulearning.ulms.appbackend.model.Catalog.courseList through a foreign key
[DEBUG 15:52:47.721] - Mapping collection: com.ulearning.ulms.appbackend.model.Catalog.courseList -&gt; c_course_tab
[DEBUG 15:52:47.721] - Retrieving property com.ulearning.ulms.appbackend.model.Course.catalog
[DEBUG 15:52:47.721] - Mapped collection key: catalogid, one-to-many: com.ulearning.ulms.appbackend.model.Course
[DEBUG 15:52:47.721] - Second pass for collection: com.ulearning.ulms.appbackend.model.Order.orderDetails
[DEBUG 15:52:47.721] - Binding a OneToMany: com.ulearning.ulms.appbackend.model.Order.orderDetails through a foreign key
[DEBUG 15:52:47.721] - Mapping collection: com.ulearning.ulms.appbackend.model.Order.orderDetails -&gt; c_orderdetail_tab
[DEBUG 15:52:47.721] - Retrieving property com.ulearning.ulms.appbackend.model.OrderDetail.order
[DEBUG 15:52:47.721] - Mapped collection key: orderID, one-to-many: com.ulearning.ulms.appbackend.model.OrderDetail
[DEBUG 15:52:47.721] - Processing native query and ResultSetMapping mappings
[DEBUG 15:52:47.721] - Processing association property references
[DEBUG 15:52:47.721] - Processing foreign key constraints
[DEBUG 15:52:47.721] - Resolving reference to class: com.ulearning.ulms.appbackend.model.Catalog
[DEBUG 15:52:47.721] - Resolving reference to class: com.ulearning.ulms.appbackend.model.Order
[DEBUG 15:52:47.955] - incremented pending_acquires: 1
[DEBUG 15:52:47.955] - com.mchange.v2.resourcepool.BasicResourcePool@6cb49b19 config: [start -&gt; 1; min -&gt; 1; max -&gt; 3; inc -&gt; 1; num_acq_attempts -&gt; 30; acq_attempt_delay -&gt; 1000; check_idle_resources_delay -&gt; 30000; mox_resource_age -&gt; 0; max_idle_time -&gt; 30000; excess_max_idle_time -&gt; 0; destroy_unreturned_resc_time -&gt; 0; expiration_enforcement_delay -&gt; 7500; break_on_acquisition_failure -&gt; false; debug_store_checkout_exceptions -&gt; false]
[INFO  15:52:47.955] - Initializing c3p0 pool... com.mchange.v2.c3p0.ComboPooledDataSource [ acquireIncrement -&gt; 1, acquireRetryAttempts -&gt; 30, acquireRetryDelay -&gt; 1000, autoCommitOnClose -&gt; false, automaticTestTable -&gt; null, breakAfterAcquireFailure -&gt; false, checkoutTimeout -&gt; 0, connectionCustomizerClassName -&gt; null, connectionTesterClassName -&gt; com.mchange.v2.c3p0.impl.DefaultConnectionTester, dataSourceName -&gt; 1hge0xw8q1og439rzv3hs8|6c0ec436, debugUnreturnedConnectionStackTraces -&gt; false, description -&gt; null, driverClass -&gt; com.mysql.jdbc.Driver, factoryClassLocation -&gt; null, forceIgnoreUnresolvedTransactions -&gt; false, identityToken -&gt; 1hge0xw8q1og439rzv3hs8|6c0ec436, idleConnectionTestPeriod -&gt; 30, initialPoolSize -&gt; 1, jdbcUrl -&gt; jdbc:mysql://192.168.0.220:3306/ulms_staedu0922, maxAdministrativeTaskTime -&gt; 0, maxConnectionAge -&gt; 0, maxIdleTime -&gt; 30, maxIdleTimeExcessConnections -&gt; 0, maxPoolSize -&gt; 3, maxStatements -&gt; 10, maxStatementsPerConnection -&gt; 0, minPoolSize -&gt; 1, numHelperThreads -&gt; 100, numThreadsAwaitingCheckoutDefaultUser -&gt; 0, preferredTestQuery -&gt; null, properties -&gt; {user=******, password=******}, propertyCycle -&gt; 0, testConnectionOnCheckin -&gt; false, testConnectionOnCheckout -&gt; false, unreturnedConnectionTimeout -&gt; 0, usesTraditionalReflectiveProxies -&gt; false ]
[DEBUG 15:52:47.955] - acquire test -- pool size: 0; target_pool_size: 1; desired target? 1
[DEBUG 15:52:47.955] - incremented pending_acquires: 2
[DEBUG 15:52:47.955] - awaitAvailable(): [unknown]
[DEBUG 15:52:47.955] - trace com.mchange.v2.resourcepool.BasicResourcePool@6cb49b19 [managed: 0, unused: 0, excluded: 0]
[DEBUG 15:52:48.220] - checkinAll(): com.mchange.v2.c3p0.stmt.GlobalMaxOnlyStatementCache stats -- total size: 0; checked out: 0; num connections: 0; num keys: 0
[DEBUG 15:52:48.220] - com.mchange.v2.c3p0.impl.C3P0PooledConnectionPool$1PooledConnectionResourcePoolManager@56091d7c.acquireResource() returning. 
[DEBUG 15:52:48.220] - trace com.mchange.v2.resourcepool.BasicResourcePool@6cb49b19 [managed: 1, unused: 1, excluded: 0]
[DEBUG 15:52:48.220] - decremented pending_acquires: 1
[DEBUG 15:52:48.220] - trace com.mchange.v2.resourcepool.BasicResourcePool@6cb49b19 [managed: 1, unused: 0, excluded: 0] (e.g. com.mchange.v2.c3p0.impl.NewPooledConnection@3bfc47)
[DEBUG 15:52:48.235] - Database -&gt;
       name : MySQL
    version : 5.5.13-log
      major : 5
      minor : 5
[DEBUG 15:52:48.235] - Driver -&gt;
       name : MySQL-AB JDBC Driver
    version : mysql-connector-java-5.1.9 ( Revision: ${svn.Revision} )
      major : 5
      minor : 1
[DEBUG 15:52:48.235] - JDBC version : 3.0
[INFO  15:52:48.282] - HHH000400: Using dialect: org.hibernate.dialect.MySQL5InnoDBDialect
[INFO  15:52:48.298] - HHH000423: Disabling contextual LOB creation as JDBC driver reported JDBC version [3] less than 4
[DEBUG 15:52:48.298] - checkinAll(): com.mchange.v2.c3p0.stmt.GlobalMaxOnlyStatementCache stats -- total size: 0; checked out: 0; num connections: 0; num keys: 0
[DEBUG 15:52:48.329] - trace com.mchange.v2.resourcepool.BasicResourcePool@6cb49b19 [managed: 1, unused: 0, excluded: 0] (e.g. com.mchange.v2.c3p0.impl.NewPooledConnection@3bfc47)
[DEBUG 15:52:48.329] - checkinAll(): com.mchange.v2.c3p0.stmt.GlobalMaxOnlyStatementCache stats -- total size: 0; checked out: 0; num connections: 0; num keys: 0
[DEBUG 15:52:48.329] - Automatic flush during beforeCompletion(): disabled
[DEBUG 15:52:48.329] - Automatic session close at end of transaction: disabled
[DEBUG 15:52:48.329] - JDBC batch size: 15
[DEBUG 15:52:48.345] - JDBC batch updates for versioned data: disabled
[DEBUG 15:52:48.345] - Scrollable result sets: enabled
[DEBUG 15:52:48.345] - Wrap result sets: disabled
[DEBUG 15:52:48.345] - JDBC3 getGeneratedKeys(): enabled
[DEBUG 15:52:48.345] - multi-tenancy strategy : NONE
[DEBUG 15:52:48.345] - Connection release mode: auto
[INFO  15:52:48.345] - HHH000399: Using default transaction strategy (direct JDBC transactions)
[DEBUG 15:52:48.360] - Maximum outer join fetch depth: 2
[DEBUG 15:52:48.360] - Default batch fetch size: 1
[DEBUG 15:52:48.360] - Generate SQL with comments: disabled
[DEBUG 15:52:48.360] - Order SQL updates by primary key: disabled
[DEBUG 15:52:48.360] - Order SQL inserts for batching: disabled
[DEBUG 15:52:48.360] - Query translator: org.hibernate.hql.internal.ast.ASTQueryTranslatorFactory
[INFO  15:52:48.376] - HHH000397: Using ASTQueryTranslatorFactory
[DEBUG 15:52:48.376] - Query language substitutions: {}
[DEBUG 15:52:48.376] - JPA-QL strict compliance: disabled
[DEBUG 15:52:48.376] - Second-level cache: enabled
[DEBUG 15:52:48.376] - Query cache: disabled
[DEBUG 15:52:48.376] - Cache region factory : org.hibernate.cache.ehcache.EhCacheRegionFactory
[DEBUG 15:52:48.454] - Optimize cache for minimal puts: enabled
[DEBUG 15:52:48.454] - Structured second-level cache entries: disabled
[DEBUG 15:52:48.454] - Statistics: disabled
[DEBUG 15:52:48.454] - Deleted entity synthetic identifier rollback: disabled
[DEBUG 15:52:48.454] - Default entity-mode: pojo
[DEBUG 15:52:48.454] - Named query checking : enabled
[DEBUG 15:52:48.454] - Check Nullability in Core (should be disabled when Bean Validation is on): enabled
[DEBUG 15:52:48.454] - Building session factory
[WARN  15:52:48.485] - No configuration found. Configuring ehcache from ehcache-failsafe.xml  found in the classpath: jar:file:/D:/projects/maven_repository/net/sf/ehcache/ehcache-core/2.4.3/ehcache-core-2.4.3.jar!/ehcache-failsafe.xml
[DEBUG 15:52:48.485] - Configuring ehcache from URL: jar:file:/D:/projects/maven_repository/net/sf/ehcache/ehcache-core/2.4.3/ehcache-core-2.4.3.jar!/ehcache-failsafe.xml
[DEBUG 15:52:48.485] - Configuring ehcache from InputStream
[DEBUG 15:52:48.532] - Ignoring ehcache attribute xmlns:xsi
[DEBUG 15:52:48.532] - Ignoring ehcache attribute xsi:noNamespaceSchemaLocation
[DEBUG 15:52:48.532] - Disk Store Path: C:\Users\heshuai\AppData\Local\Temp\
[DEBUG 15:52:48.625] - propertiesString is null.
[DEBUG 15:52:48.625] - No CacheManagerEventListenerFactory class specified. Skipping...
[DEBUG 15:52:48.657] - No BootstrapCacheLoaderFactory class specified. Skipping...
[DEBUG 15:52:48.657] - CacheWriter factory not configured. Skipping...
[DEBUG 15:52:48.672] - No CacheExceptionHandlerFactory class specified. Skipping...
[DEBUG 15:52:48.672] - Session factory constructed with filter configurations : {}
[DEBUG 15:52:48.688] - Instantiating session factory with properties: {java.vendor=Sun Microsystems Inc., localRepository=D:\projects\maven_repository, sun.java.launcher=SUN_STANDARD, sun.management.compiler=HotSpot 64-Bit Tiered Compilers, os.name=Windows 7, sun.boot.class.path=D:\projects\tools\jdk1.6.0_34\jre\lib\resources.jar;D:\projects\tools\jdk1.6.0_34\jre\lib\rt.jar;D:\projects\tools\jdk1.6.0_34\jre\lib\sunrsasign.jar;D:\projects\tools\jdk1.6.0_34\jre\lib\jsse.jar;D:\projects\tools\jdk1.6.0_34\jre\lib\jce.jar;D:\projects\tools\jdk1.6.0_34\jre\lib\charsets.jar;D:\projects\tools\jdk1.6.0_34\jre\lib\modules\jdk.boot.jar;D:\projects\tools\jdk1.6.0_34\jre\classes, hibernate.current_session_context_class=org.springframework.orm.hibernate4.SpringSessionContext, sun.desktop=windows, hibernate.c3p0.max_size=200, java.vm.specification.vendor=Sun Microsystems Inc., java.runtime.version=1.6.0_34-b04, hibernate.c3p0.min_size=10, hibernate.cache.provider_class=net.sf.ehcache.hibernate.EhCacheProvider, user.name=heshuai, hibernate.c3p0.timeout=20, user.language=zh, sun.boot.library.path=D:\projects\tools\jdk1.6.0_34\jre\bin, java.version=1.6.0_34, user.timezone=Asia/Shanghai, sun.arch.data.model=64, java.endorsed.dirs=D:\projects\tools\jdk1.6.0_34\jre\lib\endorsed, sun.cpu.isalist=amd64, sun.jnu.encoding=GBK, file.encoding.pkg=sun.io, file.separator=\, java.specification.name=Java Platform API Specification, hibernate.format_sql=true, java.class.version=50.0, user.country=CN, java.home=D:\projects\tools\jdk1.6.0_34\jre, java.vm.info=mixed mode, os.version=6.1, hibernate.connection.datasource=com.mchange.v2.c3p0.ComboPooledDataSource [ acquireIncrement -&gt; 1, acquireRetryAttempts -&gt; 30, acquireRetryDelay -&gt; 1000, autoCommitOnClose -&gt; false, automaticTestTable -&gt; null, breakAfterAcquireFailure -&gt; false, checkoutTimeout -&gt; 0, connectionCustomizerClassName -&gt; null, connectionTesterClassName -&gt; com.mchange.v2.c3p0.impl.DefaultConnectionTester, dataSourceName -&gt; 1hge0xw8q1og439rzv3hs8|6c0ec436, debugUnreturnedConnectionStackTraces -&gt; false, description -&gt; null, driverClass -&gt; com.mysql.jdbc.Driver, factoryClassLocation -&gt; null, forceIgnoreUnresolvedTransactions -&gt; false, identityToken -&gt; 1hge0xw8q1og439rzv3hs8|6c0ec436, idleConnectionTestPeriod -&gt; 30, initialPoolSize -&gt; 1, jdbcUrl -&gt; jdbc:mysql://192.168.0.220:3306/ulms_staedu0922, maxAdministrativeTaskTime -&gt; 0, maxConnectionAge -&gt; 0, maxIdleTime -&gt; 30, maxIdleTimeExcessConnections -&gt; 0, maxPoolSize -&gt; 3, maxStatements -&gt; 10, maxStatementsPerConnection -&gt; 0, minPoolSize -&gt; 1, numHelperThreads -&gt; 100, numThreadsAwaitingCheckoutDefaultUser -&gt; 0, preferredTestQuery -&gt; null, properties -&gt; {user=******, password=******}, propertyCycle -&gt; 0, testConnectionOnCheckin -&gt; false, testConnectionOnCheckout -&gt; false, unreturnedConnectionTimeout -&gt; 0, usesTraditionalReflectiveProxies -&gt; false ], surefire.real.class.path=D:\projects\appbackend\target\surefire\surefirebooter1915969135821361270.jar, path.separator=;, java.vm.version=20.9-b04, hibernate.cache.region.factory_class=org.hibernate.cache.ehcache.EhCacheRegionFactory, user.variant=, java.awt.printerjob=sun.awt.windows.WPrinterJob, sun.io.unicode.encoding=UnicodeLittle, awt.toolkit=sun.awt.windows.WToolkit, user.home=C:\Users\heshuai, java.specification.vendor=Sun Microsystems Inc., hibernate.classLoader.application=sun.misc.Launcher$AppClassLoader@40affc70, java.library.path=D:\projects\tools\jdk1.6.0_34\jre\bin;C:\Windows\Sun\Java\bin;C:\Windows\system32;C:\Windows;C:\Program Files\Common Files\Microsoft Shared\Windows Live;C:\Program Files (x86)\Common Files\Microsoft Shared\Windows Live;C:\Windows\system32;C:\Windows;C:\Windows\System32\Wbem;C:\Windows\System32\WindowsPowerShell\v1.0\;C:\Program Files\TortoiseSVN\bin;D:\projects\tools\jdk-6-31\bin;D:\projects\tools\android-sdk-windows\tools;C:\Program Files (x86)\Windows Live\Shared;D:\projects\tools\apache-maven-3.0.4\bin;D:\projects\tools\jdk1.6.0_34\bin;D:\projects\tools\apache-ant-1.8.3\bin;D:\projects\tools\jdk1.6.0_34\bin;D:\projects\tools\android-sdk-windows\tools;C:\Program Files (x86)\SSH Communications Security\SSH Secure Shell;., java.vendor.url=http://java.sun.com/, java.vm.vendor=Sun Microsystems Inc., hibernate.dialect=org.hibernate.dialect.MySQL5InnoDBDialect, java.runtime.name=Java(TM) SE Runtime Environment, sun.java.command=D:\projects\appbackend\target\surefire\surefirebooter1915969135821361270.jar D:\projects\appbackend\target\surefire\surefire63121105170954042tmp D:\projects\appbackend\target\surefire\surefire2577912250768498433tmp, java.class.path=D:\projects\appbackend\target\test-classes;D:\projects\appbackend\target\classes;D:\projects\maven_repository\org\springframework\data\spring-data-mongodb\1.0.4.RELEASE\spring-data-mongodb-1.0.4.RELEASE.jar;D:\projects\maven_repository\org\springframework\spring-tx\3.1.3.RELEASE\spring-tx-3.1.3.RELEASE.jar;D:\projects\maven_repository\org\springframework\spring-expression\3.1.3.RELEASE\spring-expression-3.1.3.RELEASE.jar;D:\projects\maven_repository\org\springframework\data\spring-data-commons-core\1.2.1.RELEASE\spring-data-commons-core-1.2.1.RELEASE.jar;D:\projects\maven_repository\org\mongodb\mongo-java-driver\2.9.1\mongo-java-driver-2.9.1.jar;D:\projects\maven_repository\cn\ulearning\JavaPNS\2.2\JavaPNS-2.2.jar;D:\projects\maven_repository\com\google\code\gson\gson\2.2.2\gson-2.2.2.jar;D:\projects\maven_repository\mysql\mysql-connector-java\5.1.9\mysql-connector-java-5.1.9.jar;D:\projects\maven_repository\c3p0\c3p0\0.9.1.2\c3p0-0.9.1.2.jar;D:\projects\maven_repository\org\springframework\spring-context\3.1.2.RELEASE\spring-context-3.1.2.RELEASE.jar;D:\projects\maven_repository\org\springframework\spring-aop\3.1.2.RELEASE\spring-aop-3.1.2.RELEASE.jar;D:\projects\maven_repository\org\springframework\spring-asm\3.1.2.RELEASE\spring-asm-3.1.2.RELEASE.jar;D:\projects\maven_repository\org\springframework\spring-web\3.1.2.RELEASE\spring-web-3.1.2.RELEASE.jar;D:\projects\maven_repository\aopalliance\aopalliance\1.0\aopalliance-1.0.jar;D:\projects\maven_repository\org\springframework\spring-beans\3.1.2.RELEASE\spring-beans-3.1.2.RELEASE.jar;D:\projects\maven_repository\org\springframework\spring-core\3.1.2.RELEASE\spring-core-3.1.2.RELEASE.jar;D:\projects\maven_repository\commons-logging\commons-logging\1.1.1\commons-logging-1.1.1.jar;D:\projects\maven_repository\org\springframework\spring-orm\3.1.2.RELEASE\spring-orm-3.1.2.RELEASE.jar;D:\projects\maven_repository\org\springframework\spring-jdbc\3.1.2.RELEASE\spring-jdbc-3.1.2.RELEASE.jar;D:\projects\maven_repository\org\springframework\spring-webmvc\3.1.2.RELEASE\spring-webmvc-3.1.2.RELEASE.jar;D:\projects\maven_repository\org\springframework\spring-context-support\3.1.2.RELEASE\spring-context-support-3.1.2.RELEASE.jar;D:\projects\maven_repository\org\springframework\spring-test\3.1.2.RELEASE\spring-test-3.1.2.RELEASE.jar;D:\projects\maven_repository\com\googlecode\xmemcached\xmemcached\1.3.8\xmemcached-1.3.8.jar;D:\projects\maven_repository\org\slf4j\slf4j-api\1.6.4\slf4j-api-1.6.4.jar;D:\projects\maven_repository\ch\qos\logback\logback-core\1.0.0\logback-core-1.0.0.jar;D:\projects\maven_repository\ch\qos\logback\logback-classic\1.0.0\logback-classic-1.0.0.jar;D:\projects\maven_repository\ch\qos\logback\logback-access\1.0.0\logback-access-1.0.0.jar;D:\projects\maven_repository\org\slf4j\jcl-over-slf4j\1.7.1\jcl-over-slf4j-1.7.1.jar;D:\projects\maven_repository\org\slf4j\log4j-over-slf4j\1.7.1\log4j-over-slf4j-1.7.1.jar;D:\projects\maven_repository\log4j\log4j\1.2.14\log4j-1.2.14.jar;D:\projects\maven_repository\javax\servlet\servlet-api\2.5\servlet-api-2.5.jar;D:\projects\maven_repository\jstl\jstl\1.2\jstl-1.2.jar;D:\projects\maven_repository\taglibs\standard\1.1.2\standard-1.1.2.jar;D:\projects\maven_repository\org\hibernate\hibernate-core\4.1.7.Final\hibernate-core-4.1.7.Final.jar;D:\projects\maven_repository\antlr\antlr\2.7.7\antlr-2.7.7.jar;D:\projects\maven_repository\org\jboss\logging\jboss-logging\3.1.0.GA\jboss-logging-3.1.0.GA.jar;D:\projects\maven_repository\org\jboss\spec\javax\transaction\jboss-transaction-api_1.1_spec\1.0.0.Final\jboss-transaction-api_1.1_spec-1.0.0.Final.jar;D:\projects\maven_repository\dom4j\dom4j\1.6.1\dom4j-1.6.1.jar;D:\projects\maven_repository\org\hibernate\javax\persistence\hibernate-jpa-2.0-api\1.0.1.Final\hibernate-jpa-2.0-api-1.0.1.Final.jar;D:\projects\maven_repository\org\javassist\javassist\3.15.0-GA\javassist-3.15.0-GA.jar;D:\projects\maven_repository\org\hibernate\common\hibernate-commons-annotations\4.0.1.Final\hibernate-commons-annotations-4.0.1.Final.jar;D:\projects\maven_repository\org\hibernate\hibernate-c3p0\4.1.7.Final\hibernate-c3p0-4.1.7.Final.jar;D:\projects\maven_repository\org\hibernate\hibernate-ehcache\4.1.7.Final\hibernate-ehcache-4.1.7.Final.jar;D:\projects\maven_repository\net\sf\ehcache\ehcache-core\2.4.3\ehcache-core-2.4.3.jar;D:\projects\maven_repository\cn\ulearning\nuxeo-common\5.5\nuxeo-common-5.5.jar;D:\projects\maven_repository\cglib\cglib\2.2.2\cglib-2.2.2.jar;D:\projects\maven_repository\asm\asm\3.3.1\asm-3.3.1.jar;D:\projects\maven_repository\org\aspectj\aspectjweaver\1.7.0\aspectjweaver-1.7.0.jar;D:\projects\maven_repository\bouncycastle\bouncycastle-jce-jdk13\112\bouncycastle-jce-jdk13-112.jar;D:\projects\maven_repository\commons-lang\commons-lang\2.5\commons-lang-2.5.jar;D:\projects\maven_repository\org\apache\httpcomponents\httpclient\4.2.1\httpclient-4.2.1.jar;D:\projects\maven_repository\org\apache\httpcomponents\httpcore\4.2.1\httpcore-4.2.1.jar;D:\projects\maven_repository\commons-codec\commons-codec\1.6\commons-codec-1.6.jar;D:\projects\maven_repository\junit\junit\4.9\junit-4.9.jar;D:\projects\maven_repository\org\hamcrest\hamcrest-core\1.1\hamcrest-core-1.1.jar;, hibernate.bytecode.use_reflection_optimizer=false, java.vm.specification.name=Java Virtual Machine Specification, java.vm.specification.version=1.0, sun.cpu.endian=little, sun.os.patch.level=Service Pack 1, hibernate.cache.use_query_cache=false, surefire.test.class.path=D:\projects\appbackend\target\test-classes;D:\projects\appbackend\target\classes;D:\projects\maven_repository\org\springframework\data\spring-data-mongodb\1.0.4.RELEASE\spring-data-mongodb-1.0.4.RELEASE.jar;D:\projects\maven_repository\org\springframework\spring-tx\3.1.3.RELEASE\spring-tx-3.1.3.RELEASE.jar;D:\projects\maven_repository\org\springframework\spring-expression\3.1.3.RELEASE\spring-expression-3.1.3.RELEASE.jar;D:\projects\maven_repository\org\springframework\data\spring-data-commons-core\1.2.1.RELEASE\spring-data-commons-core-1.2.1.RELEASE.jar;D:\projects\maven_repository\org\mongodb\mongo-java-driver\2.9.1\mongo-java-driver-2.9.1.jar;D:\projects\maven_repository\cn\ulearning\JavaPNS\2.2\JavaPNS-2.2.jar;D:\projects\maven_repository\com\google\code\gson\gson\2.2.2\gson-2.2.2.jar;D:\projects\maven_repository\mysql\mysql-connector-java\5.1.9\mysql-connector-java-5.1.9.jar;D:\projects\maven_repository\c3p0\c3p0\0.9.1.2\c3p0-0.9.1.2.jar;D:\projects\maven_repository\org\springframework\spring-context\3.1.2.RELEASE\spring-context-3.1.2.RELEASE.jar;D:\projects\maven_repository\org\springframework\spring-aop\3.1.2.RELEASE\spring-aop-3.1.2.RELEASE.jar;D:\projects\maven_repository\org\springframework\spring-asm\3.1.2.RELEASE\spring-asm-3.1.2.RELEASE.jar;D:\projects\maven_repository\org\springframework\spring-web\3.1.2.RELEASE\spring-web-3.1.2.RELEASE.jar;D:\projects\maven_repository\aopalliance\aopalliance\1.0\aopalliance-1.0.jar;D:\projects\maven_repository\org\springframework\spring-beans\3.1.2.RELEASE\spring-beans-3.1.2.RELEASE.jar;D:\projects\maven_repository\org\springframework\spring-core\3.1.2.RELEASE\spring-core-3.1.2.RELEASE.jar;D:\projects\maven_repository\commons-logging\commons-logging\1.1.1\commons-logging-1.1.1.jar;D:\projects\maven_repository\org\springframework\spring-orm\3.1.2.RELEASE\spring-orm-3.1.2.RELEASE.jar;D:\projects\maven_repository\org\springframework\spring-jdbc\3.1.2.RELEASE\spring-jdbc-3.1.2.RELEASE.jar;D:\projects\maven_repository\org\springframework\spring-webmvc\3.1.2.RELEASE\spring-webmvc-3.1.2.RELEASE.jar;D:\projects\maven_repository\org\springframework\spring-context-support\3.1.2.RELEASE\spring-context-support-3.1.2.RELEASE.jar;D:\projects\maven_repository\org\springframework\spring-test\3.1.2.RELEASE\spring-test-3.1.2.RELEASE.jar;D:\projects\maven_repository\com\googlecode\xmemcached\xmemcached\1.3.8\xmemcached-1.3.8.jar;D:\projects\maven_repository\org\slf4j\slf4j-api\1.6.4\slf4j-api-1.6.4.jar;D:\projects\maven_repository\ch\qos\logback\logback-core\1.0.0\logback-core-1.0.0.jar;D:\projects\maven_repository\ch\qos\logback\logback-classic\1.0.0\logback-classic-1.0.0.jar;D:\projects\maven_repository\ch\qos\logback\logback-access\1.0.0\logback-access-1.0.0.jar;D:\projects\maven_repository\org\slf4j\jcl-over-slf4j\1.7.1\jcl-over-slf4j-1.7.1.jar;D:\projects\maven_repository\org\slf4j\log4j-over-slf4j\1.7.1\log4j-over-slf4j-1.7.1.jar;D:\projects\maven_repository\log4j\log4j\1.2.14\log4j-1.2.14.jar;D:\projects\maven_repository\javax\servlet\servlet-api\2.5\servlet-api-2.5.jar;D:\projects\maven_repository\jstl\jstl\1.2\jstl-1.2.jar;D:\projects\maven_repository\taglibs\standard\1.1.2\standard-1.1.2.jar;D:\projects\maven_repository\org\hibernate\hibernate-core\4.1.7.Final\hibernate-core-4.1.7.Final.jar;D:\projects\maven_repository\antlr\antlr\2.7.7\antlr-2.7.7.jar;D:\projects\maven_repository\org\jboss\logging\jboss-logging\3.1.0.GA\jboss-logging-3.1.0.GA.jar;D:\projects\maven_repository\org\jboss\spec\javax\transaction\jboss-transaction-api_1.1_spec\1.0.0.Final\jboss-transaction-api_1.1_spec-1.0.0.Final.jar;D:\projects\maven_repository\dom4j\dom4j\1.6.1\dom4j-1.6.1.jar;D:\projects\maven_repository\org\hibernate\javax\persistence\hibernate-jpa-2.0-api\1.0.1.Final\hibernate-jpa-2.0-api-1.0.1.Final.jar;D:\projects\maven_repository\org\javassist\javassist\3.15.0-GA\javassist-3.15.0-GA.jar;D:\projects\maven_repository\org\hibernate\common\hibernate-commons-annotations\4.0.1.Final\hibernate-commons-annotations-4.0.1.Final.jar;D:\projects\maven_repository\org\hibernate\hibernate-c3p0\4.1.7.Final\hibernate-c3p0-4.1.7.Final.jar;D:\projects\maven_repository\org\hibernate\hibernate-ehcache\4.1.7.Final\hibernate-ehcache-4.1.7.Final.jar;D:\projects\maven_repository\net\sf\ehcache\ehcache-core\2.4.3\ehcache-core-2.4.3.jar;D:\projects\maven_repository\cn\ulearning\nuxeo-common\5.5\nuxeo-common-5.5.jar;D:\projects\maven_repository\cglib\cglib\2.2.2\cglib-2.2.2.jar;D:\projects\maven_repository\asm\asm\3.3.1\asm-3.3.1.jar;D:\projects\maven_repository\org\aspectj\aspectjweaver\1.7.0\aspectjweaver-1.7.0.jar;D:\projects\maven_repository\bouncycastle\bouncycastle-jce-jdk13\112\bouncycastle-jce-jdk13-112.jar;D:\projects\maven_repository\commons-lang\commons-lang\2.5\commons-lang-2.5.jar;D:\projects\maven_repository\org\apache\httpcomponents\httpclient\4.2.1\httpclient-4.2.1.jar;D:\projects\maven_repository\org\apache\httpcomponents\httpcore\4.2.1\httpcore-4.2.1.jar;D:\projects\maven_repository\commons-codec\commons-codec\1.6\commons-codec-1.6.jar;D:\projects\maven_repository\junit\junit\4.9\junit-4.9.jar;D:\projects\maven_repository\org\hamcrest\hamcrest-core\1.1\hamcrest-core-1.1.jar;, java.io.tmpdir=C:\Users\heshuai\AppData\Local\Temp\, java.vendor.url.bug=http://java.sun.com/cgi-bin/bugreport.cgi, os.arch=amd64, java.awt.graphicsenv=sun.awt.Win32GraphicsEnvironment, java.ext.dirs=D:\projects\tools\jdk1.6.0_34\jre\lib\ext;C:\Windows\Sun\Java\lib\ext, user.dir=D:\projects\appbackend, hibernate.c3p0.idle_test_period=10, line.separator=
, java.vm.name=Java HotSpot(TM) 64-Bit Server VM, basedir=D:\projects\appbackend, hibernate.c3p0.acquire_increment=5, file.encoding=GBK, java.specification.version=1.6, hibernate.c3p0.max_statements=50, hibernate.show_sql=true, hibernate.connection.pool_size=1}
[DEBUG 15:52:48.735] - Setting dialect [org.hibernate.dialect.MySQL5InnoDBDialect]
[DEBUG 15:52:48.735] - Setting dialect [org.hibernate.dialect.MySQL5InnoDBDialect]
[DEBUG 15:52:48.735] - Setting dialect [org.hibernate.dialect.MySQL5InnoDBDialect]
[DEBUG 15:52:48.735] - Setting dialect [org.hibernate.dialect.MySQL5InnoDBDialect]
[DEBUG 15:52:48.735] - Setting dialect [org.hibernate.dialect.MySQL5InnoDBDialect]
[DEBUG 15:52:48.735] - Setting dialect [org.hibernate.dialect.MySQL5InnoDBDialect]
[DEBUG 15:52:48.735] - Setting dialect [org.hibernate.dialect.MySQL5InnoDBDialect]
[DEBUG 15:52:48.735] - Setting dialect [org.hibernate.dialect.MySQL5InnoDBDialect]
[DEBUG 15:52:48.735] - Setting dialect [org.hibernate.dialect.MySQL5InnoDBDialect]
[DEBUG 15:52:48.735] - Setting dialect [org.hibernate.dialect.MySQL5InnoDBDialect]
[DEBUG 15:52:49.000] - Static SQL for entity: com.ulearning.ulms.appbackend.model.UserCourse
[DEBUG 15:52:49.000] -  Version select: select relationid, type, userid from c_user_tab where relationid =? and type =? and userid =?
[DEBUG 15:52:49.000] -  Snapshot select: select usercourse_.relationid, usercourse_.type, usercourse_.userid, usercourse_.applytime as applytime10_, usercourse_.downloadcount as download5_10_, usercourse_.expiretime as expiretime10_, usercourse_.paystate as paystate10_, usercourse_.state as state10_ from c_user_tab usercourse_ where usercourse_.relationid=? and usercourse_.type=? and usercourse_.userid=?
[DEBUG 15:52:49.000] -  Insert 0: insert into c_user_tab (applytime, downloadcount, expiretime, paystate, state, relationid, type, userid) values (?, ?, ?, ?, ?, ?, ?, ?)
[DEBUG 15:52:49.000] -  Update 0: update c_user_tab set applytime=?, downloadcount=?, expiretime=?, paystate=?, state=? where relationid=? and type=? and userid=?
[DEBUG 15:52:49.000] -  Delete 0: delete from c_user_tab where relationid=? and type=? and userid=?
[DEBUG 15:52:49.015] - Static SQL for entity: com.ulearning.ulms.appbackend.model.OrderDetail
[DEBUG 15:52:49.015] -  Version select: select orderDetailID from c_orderdetail_tab where orderDetailID =?
[DEBUG 15:52:49.015] -  Snapshot select: select orderdetai_.orderDetailID, orderdetai_.createTime as createTime7_, orderdetai_.discountPrice as discount3_7_, orderdetai_.itemCount as itemCount7_, orderdetai_.itemPrice as itemPrice7_, orderdetai_.orderID as orderID7_, orderdetai_.remark1 as remark6_7_, orderdetai_.relationID as relationID7_, orderdetai_.relationName as relation8_7_, orderdetai_.remark2 as remark9_7_, orderdetai_.updateTime as updateTime7_ from c_orderdetail_tab orderdetai_ where orderdetai_.orderDetailID=?
[DEBUG 15:52:49.015] -  Insert 0: insert into c_orderdetail_tab (createTime, discountPrice, itemCount, itemPrice, orderID, remark1, relationID, relationName, remark2, updateTime, orderDetailID) values (?, ?, ?, ?, ?, ?, ?, ?, ?, ?, ?)
[DEBUG 15:52:49.015] -  Update 0: update c_orderdetail_tab set createTime=?, discountPrice=?, itemCount=?, itemPrice=?, orderID=?, remark1=?, relationID=?, relationName=?, remark2=?, updateTime=? where orderDetailID=?
[DEBUG 15:52:49.015] -  Delete 0: delete from c_orderdetail_tab where orderDetailID=?
[DEBUG 15:52:49.015] -  Identity insert: insert into c_orderdetail_tab (createTime, discountPrice, itemCount, itemPrice, orderID, remark1, relationID, relationName, remark2, updateTime) values (?, ?, ?, ?, ?, ?, ?, ?, ?, ?)
[DEBUG 15:52:49.015] - Static SQL for entity: com.ulearning.ulms.appbackend.model.BookMark
[DEBUG 15:52:49.015] -  Version select: select id from u_bookmarks_tab where id =?
[DEBUG 15:52:49.015] -  Snapshot select: select bookmark_.id, bookmark_.courseid as courseid1_, bookmark_.created as created1_, bookmark_.lessonid as lessonid1_, bookmark_.page as page1_, bookmark_.text as text1_, bookmark_.userid as userid1_ from u_bookmarks_tab bookmark_ where bookmark_.id=?
[DEBUG 15:52:49.015] -  Insert 0: insert into u_bookmarks_tab (courseid, created, lessonid, page, text, userid, id) values (?, ?, ?, ?, ?, ?, ?)
[DEBUG 15:52:49.015] -  Update 0: update u_bookmarks_tab set courseid=?, created=?, lessonid=?, page=?, text=?, userid=? where id=?
[DEBUG 15:52:49.015] -  Delete 0: delete from u_bookmarks_tab where id=?
[DEBUG 15:52:49.015] -  Identity insert: insert into u_bookmarks_tab (courseid, created, lessonid, page, text, userid) values (?, ?, ?, ?, ?, ?)
[DEBUG 15:52:49.015] - Static SQL for entity: com.ulearning.ulms.appbackend.model.SDMRelation
[DEBUG 15:52:49.015] -  Version select: select id from s_studyrecord_tab where id =?
[DEBUG 15:52:49.015] -  Snapshot select: select sdmrelatio_.id, sdmrelatio_.completion as completion8_, sdmrelatio_.courseid as courseid8_, sdmrelatio_.lastpage as lastpage8_, sdmrelatio_.lasttime as lasttime8_, sdmrelatio_.lessonid as lessonid8_, sdmrelatio_.pages as pages8_, sdmrelatio_.score as score8_, sdmrelatio_.totaltime as totaltime8_, sdmrelatio_.userid as userid8_ from s_studyrecord_tab sdmrelatio_ where sdmrelatio_.id=?
[DEBUG 15:52:49.015] -  Insert 0: insert into s_studyrecord_tab (completion, courseid, lastpage, lasttime, lessonid, pages, score, totaltime, userid, id) values (?, ?, ?, ?, ?, ?, ?, ?, ?, ?)
[DEBUG 15:52:49.015] -  Update 0: update s_studyrecord_tab set completion=?, courseid=?, lastpage=?, lasttime=?, lessonid=?, pages=?, score=?, totaltime=?, userid=? where id=?
[DEBUG 15:52:49.015] -  Delete 0: delete from s_studyrecord_tab where id=?
[DEBUG 15:52:49.015] -  Identity insert: insert into s_studyrecord_tab (completion, courseid, lastpage, lasttime, lessonid, pages, score, totaltime, userid) values (?, ?, ?, ?, ?, ?, ?, ?, ?)
[DEBUG 15:52:49.031] - Static SQL for entity: com.ulearning.ulms.appbackend.model.Note
[DEBUG 15:52:49.031] -  Version select: select id from u_notes_tab where id =?
[DEBUG 15:52:49.031] -  Snapshot select: select note_.id, note_.courseid as courseid5_, note_.created as created5_, note_.length as length5_, note_.lessonid as lessonid5_, note_.page as page5_, note_.start as start5_, note_.style as style5_, note_.text as text5_, note_.userid as userid5_ from u_notes_tab note_ where note_.id=?
[DEBUG 15:52:49.031] -  Insert 0: insert into u_notes_tab (courseid, created, length, lessonid, page, start, style, text, userid, id) values (?, ?, ?, ?, ?, ?, ?, ?, ?, ?)
[DEBUG 15:52:49.031] -  Update 0: update u_notes_tab set courseid=?, created=?, length=?, lessonid=?, page=?, start=?, style=?, text=?, userid=? where id=?
[DEBUG 15:52:49.031] -  Delete 0: delete from u_notes_tab where id=?
[DEBUG 15:52:49.031] -  Identity insert: insert into u_notes_tab (courseid, created, length, lessonid, page, start, style, text, userid) values (?, ?, ?, ?, ?, ?, ?, ?, ?)
[DEBUG 15:52:49.031] - Static SQL for entity: com.ulearning.ulms.appbackend.model.Apns
[DEBUG 15:52:49.031] -  Version select: select id from u_devicetoken_tab where id =?
[DEBUG 15:52:49.031] -  Snapshot select: select apns_.id, apns_.created as created0_, apns_.devicetoken as deviceto3_0_, apns_.status as status0_, apns_.userid as userid0_ from u_devicetoken_tab apns_ where apns_.id=?
[DEBUG 15:52:49.031] -  Insert 0: insert into u_devicetoken_tab (created, devicetoken, status, userid, id) values (?, ?, ?, ?, ?)
[DEBUG 15:52:49.031] -  Update 0: update u_devicetoken_tab set created=?, devicetoken=?, status=?, userid=? where id=?
[DEBUG 15:52:49.031] -  Delete 0: delete from u_devicetoken_tab where id=?
[DEBUG 15:52:49.031] -  Identity insert: insert into u_devicetoken_tab (created, devicetoken, status, userid) values (?, ?, ?, ?)
[DEBUG 15:52:49.047] - Static SQL for entity: com.ulearning.ulms.appbackend.model.Comment
[DEBUG 15:52:49.047] -  Version select: select id from u_comments_tab where id =?
[DEBUG 15:52:49.047] -  Snapshot select: select comment_.id, comment_.courseid as courseid3_, comment_.created as created3_, comment_.parentid as parentid3_, comment_.text as text3_, comment_.userid as userid3_, comment_.username as username3_ from u_comments_tab comment_ where comment_.id=?
[DEBUG 15:52:49.047] -  Insert 0: insert into u_comments_tab (courseid, created, parentid, text, userid, username, id) values (?, ?, ?, ?, ?, ?, ?)
[DEBUG 15:52:49.047] -  Update 0: update u_comments_tab set courseid=?, created=?, parentid=?, text=?, userid=?, username=? where id=?
[DEBUG 15:52:49.047] -  Delete 0: delete from u_comments_tab where id=?
[DEBUG 15:52:49.047] -  Identity insert: insert into u_comments_tab (courseid, created, parentid, text, userid, username) values (?, ?, ?, ?, ?, ?)
[DEBUG 15:52:49.047] - Static SQL for entity: com.ulearning.ulms.appbackend.model.Catalog
[DEBUG 15:52:49.047] -  Version select: select catalogid from c_catalog_tab where catalogid =?
[DEBUG 15:52:49.047] -  Snapshot select: select catalog_.catalogid, catalog_.name as name2_, catalog_.type as type2_ from c_catalog_tab catalog_ where catalog_.catalogid=?
[DEBUG 15:52:49.047] -  Insert 0: insert into c_catalog_tab (name, type, catalogid) values (?, ?, ?)
[DEBUG 15:52:49.047] -  Update 0: update c_catalog_tab set name=?, type=? where catalogid=?
[DEBUG 15:52:49.047] -  Delete 0: delete from c_catalog_tab where catalogid=?
[DEBUG 15:52:49.047] -  Identity insert: insert into c_catalog_tab (name, type) values (?, ?)
[DEBUG 15:52:49.062] - Static SQL for entity: com.ulearning.ulms.appbackend.model.Course
[DEBUG 15:52:49.062] -  Version select: select courseid from c_course_tab where courseid =?
[DEBUG 15:52:49.062] -  Snapshot select: select course_.courseid, course_.logopic as logopic4_, course_.catalogid as catalogid4_, course_.coursecode as coursecode4_, course_.cover as cover4_, course_.description as descript5_4_, course_.iphone as iphone4_, course_.remark as remark4_, course_.period as period4_, course_.charge as charge4_, course_.name as name4_ from c_course_tab course_ where course_.courseid=?
[DEBUG 15:52:49.062] -  Insert 0: insert into c_course_tab (logopic, catalogid, coursecode, cover, description, iphone, remark, period, charge, name, courseid) values (?, ?, ?, ?, ?, ?, ?, ?, ?, ?, ?)
[DEBUG 15:52:49.062] -  Update 0: update c_course_tab set logopic=?, catalogid=?, coursecode=?, cover=?, description=?, iphone=?, remark=?, period=?, charge=?, name=? where courseid=?
[DEBUG 15:52:49.062] -  Delete 0: delete from c_course_tab where courseid=?
[DEBUG 15:52:49.062] -  Identity insert: insert into c_course_tab (logopic, catalogid, coursecode, cover, description, iphone, remark, period, charge, name) values (?, ?, ?, ?, ?, ?, ?, ?, ?, ?)
[DEBUG 15:52:49.062] - Static SQL for entity: com.ulearning.ulms.appbackend.model.User
[DEBUG 15:52:49.062] -  Version select: select userid from u_user_tab where userid =?
[DEBUG 15:52:49.062] -  Snapshot select: select user_.userid, user_.aspid as aspid9_, user_.name as name9_, user_.catalogid as catalogid9_, user_.password as password9_, user_.token as token9_, user_.loginname as loginname9_ from u_user_tab user_ where user_.userid=?
[DEBUG 15:52:49.062] -  Insert 0: insert into u_user_tab (aspid, name, catalogid, password, token, loginname, userid) values (?, ?, ?, ?, ?, ?, ?)
[DEBUG 15:52:49.062] -  Update 0: update u_user_tab set aspid=?, name=?, catalogid=?, password=?, token=?, loginname=? where userid=?
[DEBUG 15:52:49.062] -  Delete 0: delete from u_user_tab where userid=?
[DEBUG 15:52:49.062] -  Identity insert: insert into u_user_tab (aspid, name, catalogid, password, token, loginname) values (?, ?, ?, ?, ?, ?)
[DEBUG 15:52:49.078] - Static SQL for entity: com.ulearning.ulms.appbackend.model.Order
[DEBUG 15:52:49.078] -  Version select: select orderID from c_order_tab where orderID =?
[DEBUG 15:52:49.078] -  Snapshot select: select order_.orderID, order_.aspID as aspID6_, order_.createTime as createTime6_, order_.orderNo as orderNo6_, order_.orgID as orgID6_, order_.paymentStatus as paymentS6_6_, order_.paymentType as paymentT7_6_, order_.totalPrice as totalPrice6_, order_.updateTime as updateTime6_, order_.userID as userID6_, order_.remark1 as remark11_6_ from c_order_tab order_ where order_.orderID=?
[DEBUG 15:52:49.078] -  Insert 0: insert into c_order_tab (aspID, createTime, orderNo, orgID, paymentStatus, paymentType, totalPrice, updateTime, userID, remark1, orderID) values (?, ?, ?, ?, ?, ?, ?, ?, ?, ?, ?)
[DEBUG 15:52:49.078] -  Update 0: update c_order_tab set aspID=?, createTime=?, orderNo=?, orgID=?, paymentStatus=?, paymentType=?, totalPrice=?, updateTime=?, userID=?, remark1=? where orderID=?
[DEBUG 15:52:49.078] -  Delete 0: delete from c_order_tab where orderID=?
[DEBUG 15:52:49.078] -  Identity insert: insert into c_order_tab (aspID, createTime, orderNo, orgID, paymentStatus, paymentType, totalPrice, updateTime, userID, remark1) values (?, ?, ?, ?, ?, ?, ?, ?, ?, ?)
[DEBUG 15:52:49.093] - Static SQL for collection: com.ulearning.ulms.appbackend.model.Order.orderDetails
[DEBUG 15:52:49.093] -  Row insert: update c_orderdetail_tab set orderID=? where orderDetailID=?
[DEBUG 15:52:49.093] -  Row delete: update c_orderdetail_tab set orderID=null where orderID=? and orderDetailID=?
[DEBUG 15:52:49.093] -  One-shot delete: update c_orderdetail_tab set orderID=null where orderID=?
[DEBUG 15:52:49.093] - Static SQL for collection: com.ulearning.ulms.appbackend.model.Catalog.courseList
[DEBUG 15:52:49.093] -  Row insert: update c_course_tab set catalogid=? where courseid=?
[DEBUG 15:52:49.093] -  Row delete: update c_course_tab set catalogid=null where catalogid=? and courseid=?
[DEBUG 15:52:49.093] -  One-shot delete: update c_course_tab set catalogid=null where catalogid=?
[DEBUG 15:52:49.125] - Static select for entity com.ulearning.ulms.appbackend.model.OrderDetail [NONE]: select orderdetai0_.orderDetailID as orderDet1_7_1_, orderdetai0_.createTime as createTime7_1_, orderdetai0_.discountPrice as discount3_7_1_, orderdetai0_.itemCount as itemCount7_1_, orderdetai0_.itemPrice as itemPrice7_1_, orderdetai0_.orderID as orderID7_1_, orderdetai0_.remark1 as remark6_7_1_, orderdetai0_.relationID as relationID7_1_, orderdetai0_.relationName as relation8_7_1_, orderdetai0_.remark2 as remark9_7_1_, orderdetai0_.updateTime as updateTime7_1_, order1_.orderID as orderID6_0_, order1_.aspID as aspID6_0_, order1_.createTime as createTime6_0_, order1_.orderNo as orderNo6_0_, order1_.orgID as orgID6_0_, order1_.paymentStatus as paymentS6_6_0_, order1_.paymentType as paymentT7_6_0_, order1_.totalPrice as totalPrice6_0_, order1_.updateTime as updateTime6_0_, order1_.userID as userID6_0_, order1_.remark1 as remark11_6_0_ from c_orderdetail_tab orderdetai0_ left outer join c_order_tab order1_ on orderdetai0_.orderID=order1_.orderID where orderdetai0_.orderDetailID=?
[DEBUG 15:52:49.140] - Static select for entity com.ulearning.ulms.appbackend.model.OrderDetail [READ]: select orderdetai0_.orderDetailID as orderDet1_7_1_, orderdetai0_.createTime as createTime7_1_, orderdetai0_.discountPrice as discount3_7_1_, orderdetai0_.itemCount as itemCount7_1_, orderdetai0_.itemPrice as itemPrice7_1_, orderdetai0_.orderID as orderID7_1_, orderdetai0_.remark1 as remark6_7_1_, orderdetai0_.relationID as relationID7_1_, orderdetai0_.relationName as relation8_7_1_, orderdetai0_.remark2 as remark9_7_1_, orderdetai0_.updateTime as updateTime7_1_, order1_.orderID as orderID6_0_, order1_.aspID as aspID6_0_, order1_.createTime as createTime6_0_, order1_.orderNo as orderNo6_0_, order1_.orgID as orgID6_0_, order1_.paymentStatus as paymentS6_6_0_, order1_.paymentType as paymentT7_6_0_, order1_.totalPrice as totalPrice6_0_, order1_.updateTime as updateTime6_0_, order1_.userID as userID6_0_, order1_.remark1 as remark11_6_0_ from c_orderdetail_tab orderdetai0_ left outer join c_order_tab order1_ on orderdetai0_.orderID=order1_.orderID where orderdetai0_.orderDetailID=?
[DEBUG 15:52:49.140] - Static select for entity com.ulearning.ulms.appbackend.model.OrderDetail [UPGRADE]: select orderdetai0_.orderDetailID as orderDet1_7_0_, orderdetai0_.createTime as createTime7_0_, orderdetai0_.discountPrice as discount3_7_0_, orderdetai0_.itemCount as itemCount7_0_, orderdetai0_.itemPrice as itemPrice7_0_, orderdetai0_.orderID as orderID7_0_, orderdetai0_.remark1 as remark6_7_0_, orderdetai0_.relationID as relationID7_0_, orderdetai0_.relationName as relation8_7_0_, orderdetai0_.remark2 as remark9_7_0_, orderdetai0_.updateTime as updateTime7_0_ from c_orderdetail_tab orderdetai0_ where orderdetai0_.orderDetailID=? for update
[DEBUG 15:52:49.140] - Static select for entity com.ulearning.ulms.appbackend.model.OrderDetail [UPGRADE_NOWAIT]: select orderdetai0_.orderDetailID as orderDet1_7_0_, orderdetai0_.createTime as createTime7_0_, orderdetai0_.discountPrice as discount3_7_0_, orderdetai0_.itemCount as itemCount7_0_, orderdetai0_.itemPrice as itemPrice7_0_, orderdetai0_.orderID as orderID7_0_, orderdetai0_.remark1 as remark6_7_0_, orderdetai0_.relationID as relationID7_0_, orderdetai0_.relationName as relation8_7_0_, orderdetai0_.remark2 as remark9_7_0_, orderdetai0_.updateTime as updateTime7_0_ from c_orderdetail_tab orderdetai0_ where orderdetai0_.orderDetailID=? for update
[DEBUG 15:52:49.140] - Static select for entity com.ulearning.ulms.appbackend.model.OrderDetail [FORCE]: select orderdetai0_.orderDetailID as orderDet1_7_0_, orderdetai0_.createTime as createTime7_0_, orderdetai0_.discountPrice as discount3_7_0_, orderdetai0_.itemCount as itemCount7_0_, orderdetai0_.itemPrice as itemPrice7_0_, orderdetai0_.orderID as orderID7_0_, orderdetai0_.remark1 as remark6_7_0_, orderdetai0_.relationID as relationID7_0_, orderdetai0_.relationName as relation8_7_0_, orderdetai0_.remark2 as remark9_7_0_, orderdetai0_.updateTime as updateTime7_0_ from c_orderdetail_tab orderdetai0_ where orderdetai0_.orderDetailID=? for update
[DEBUG 15:52:49.140] - Static select for entity com.ulearning.ulms.appbackend.model.OrderDetail [PESSIMISTIC_READ]: select orderdetai0_.orderDetailID as orderDet1_7_0_, orderdetai0_.createTime as createTime7_0_, orderdetai0_.discountPrice as discount3_7_0_, orderdetai0_.itemCount as itemCount7_0_, orderdetai0_.itemPrice as itemPrice7_0_, orderdetai0_.orderID as orderID7_0_, orderdetai0_.remark1 as remark6_7_0_, orderdetai0_.relationID as relationID7_0_, orderdetai0_.relationName as relation8_7_0_, orderdetai0_.remark2 as remark9_7_0_, orderdetai0_.updateTime as updateTime7_0_ from c_orderdetail_tab orderdetai0_ where orderdetai0_.orderDetailID=? lock in share mode
[DEBUG 15:52:49.140] - Static select for entity com.ulearning.ulms.appbackend.model.OrderDetail [PESSIMISTIC_WRITE]: select orderdetai0_.orderDetailID as orderDet1_7_0_, orderdetai0_.createTime as createTime7_0_, orderdetai0_.discountPrice as discount3_7_0_, orderdetai0_.itemCount as itemCount7_0_, orderdetai0_.itemPrice as itemPrice7_0_, orderdetai0_.orderID as orderID7_0_, orderdetai0_.remark1 as remark6_7_0_, orderdetai0_.relationID as relationID7_0_, orderdetai0_.relationName as relation8_7_0_, orderdetai0_.remark2 as remark9_7_0_, orderdetai0_.updateTime as updateTime7_0_ from c_orderdetail_tab orderdetai0_ where orderdetai0_.orderDetailID=? for update
[DEBUG 15:52:49.140] - Static select for entity com.ulearning.ulms.appbackend.model.OrderDetail [PESSIMISTIC_FORCE_INCREMENT]: select orderdetai0_.orderDetailID as orderDet1_7_0_, orderdetai0_.createTime as createTime7_0_, orderdetai0_.discountPrice as discount3_7_0_, orderdetai0_.itemCount as itemCount7_0_, orderdetai0_.itemPrice as itemPrice7_0_, orderdetai0_.orderID as orderID7_0_, orderdetai0_.remark1 as remark6_7_0_, orderdetai0_.relationID as relationID7_0_, orderdetai0_.relationName as relation8_7_0_, orderdetai0_.remark2 as remark9_7_0_, orderdetai0_.updateTime as updateTime7_0_ from c_orderdetail_tab orderdetai0_ where orderdetai0_.orderDetailID=? for update
[DEBUG 15:52:49.140] - Static select for entity com.ulearning.ulms.appbackend.model.OrderDetail [OPTIMISTIC]: select orderdetai0_.orderDetailID as orderDet1_7_0_, orderdetai0_.createTime as createTime7_0_, orderdetai0_.discountPrice as discount3_7_0_, orderdetai0_.itemCount as itemCount7_0_, orderdetai0_.itemPrice as itemPrice7_0_, orderdetai0_.orderID as orderID7_0_, orderdetai0_.remark1 as remark6_7_0_, orderdetai0_.relationID as relationID7_0_, orderdetai0_.relationName as relation8_7_0_, orderdetai0_.remark2 as remark9_7_0_, orderdetai0_.updateTime as updateTime7_0_ from c_orderdetail_tab orderdetai0_ where orderdetai0_.orderDetailID=?
[DEBUG 15:52:49.140] - Static select for entity com.ulearning.ulms.appbackend.model.OrderDetail [OPTIMISTIC_FORCE_INCREMENT]: select orderdetai0_.orderDetailID as orderDet1_7_0_, orderdetai0_.createTime as createTime7_0_, orderdetai0_.discountPrice as discount3_7_0_, orderdetai0_.itemCount as itemCount7_0_, orderdetai0_.itemPrice as itemPrice7_0_, orderdetai0_.orderID as orderID7_0_, orderdetai0_.remark1 as remark6_7_0_, orderdetai0_.relationID as relationID7_0_, orderdetai0_.relationName as relation8_7_0_, orderdetai0_.remark2 as remark9_7_0_, orderdetai0_.updateTime as updateTime7_0_ from c_orderdetail_tab orderdetai0_ where orderdetai0_.orderDetailID=?
[DEBUG 15:52:49.171] - Static select for action ACTION_MERGE on entity com.ulearning.ulms.appbackend.model.OrderDetail: select orderdetai0_.orderDetailID as orderDet1_7_0_, orderdetai0_.createTime as createTime7_0_, orderdetai0_.discountPrice as discount3_7_0_, orderdetai0_.itemCount as itemCount7_0_, orderdetai0_.itemPrice as itemPrice7_0_, orderdetai0_.orderID as orderID7_0_, orderdetai0_.remark1 as remark6_7_0_, orderdetai0_.relationID as relationID7_0_, orderdetai0_.relationName as relation8_7_0_, orderdetai0_.remark2 as remark9_7_0_, orderdetai0_.updateTime as updateTime7_0_ from c_orderdetail_tab orderdetai0_ where orderdetai0_.orderDetailID=?
[DEBUG 15:52:49.171] - Static select for action ACTION_REFRESH on entity com.ulearning.ulms.appbackend.model.OrderDetail: select orderdetai0_.orderDetailID as orderDet1_7_0_, orderdetai0_.createTime as createTime7_0_, orderdetai0_.discountPrice as discount3_7_0_, orderdetai0_.itemCount as itemCount7_0_, orderdetai0_.itemPrice as itemPrice7_0_, orderdetai0_.orderID as orderID7_0_, orderdetai0_.remark1 as remark6_7_0_, orderdetai0_.relationID as relationID7_0_, orderdetai0_.relationName as relation8_7_0_, orderdetai0_.remark2 as remark9_7_0_, orderdetai0_.updateTime as updateTime7_0_ from c_orderdetail_tab orderdetai0_ where orderdetai0_.orderDetailID=?
[DEBUG 15:52:49.171] - Static select for entity com.ulearning.ulms.appbackend.model.UserCourse [NONE]: select usercourse0_.relationid as relationid10_0_, usercourse0_.type as type10_0_, usercourse0_.userid as userid10_0_, usercourse0_.applytime as applytime10_0_, usercourse0_.downloadcount as download5_10_0_, usercourse0_.expiretime as expiretime10_0_, usercourse0_.paystate as paystate10_0_, usercourse0_.state as state10_0_ from c_user_tab usercourse0_ where usercourse0_.relationid=? and usercourse0_.type=? and usercourse0_.userid=?
[DEBUG 15:52:49.171] - Static select for entity com.ulearning.ulms.appbackend.model.UserCourse [READ]: select usercourse0_.relationid as relationid10_0_, usercourse0_.type as type10_0_, usercourse0_.userid as userid10_0_, usercourse0_.applytime as applytime10_0_, usercourse0_.downloadcount as download5_10_0_, usercourse0_.expiretime as expiretime10_0_, usercourse0_.paystate as paystate10_0_, usercourse0_.state as state10_0_ from c_user_tab usercourse0_ where usercourse0_.relationid=? and usercourse0_.type=? and usercourse0_.userid=?
[DEBUG 15:52:49.171] - Static select for entity com.ulearning.ulms.appbackend.model.UserCourse [UPGRADE]: select usercourse0_.relationid as relationid10_0_, usercourse0_.type as type10_0_, usercourse0_.userid as userid10_0_, usercourse0_.applytime as applytime10_0_, usercourse0_.downloadcount as download5_10_0_, usercourse0_.expiretime as expiretime10_0_, usercourse0_.paystate as paystate10_0_, usercourse0_.state as state10_0_ from c_user_tab usercourse0_ where usercourse0_.relationid=? and usercourse0_.type=? and usercourse0_.userid=? for update
[DEBUG 15:52:49.171] - Static select for entity com.ulearning.ulms.appbackend.model.UserCourse [UPGRADE_NOWAIT]: select usercourse0_.relationid as relationid10_0_, usercourse0_.type as type10_0_, usercourse0_.userid as userid10_0_, usercourse0_.applytime as applytime10_0_, usercourse0_.downloadcount as download5_10_0_, usercourse0_.expiretime as expiretime10_0_, usercourse0_.paystate as paystate10_0_, usercourse0_.state as state10_0_ from c_user_tab usercourse0_ where usercourse0_.relationid=? and usercourse0_.type=? and usercourse0_.userid=? for update
[DEBUG 15:52:49.171] - Static select for entity com.ulearning.ulms.appbackend.model.UserCourse [FORCE]: select usercourse0_.relationid as relationid10_0_, usercourse0_.type as type10_0_, usercourse0_.userid as userid10_0_, usercourse0_.applytime as applytime10_0_, usercourse0_.downloadcount as download5_10_0_, usercourse0_.expiretime as expiretime10_0_, usercourse0_.paystate as paystate10_0_, usercourse0_.state as state10_0_ from c_user_tab usercourse0_ where usercourse0_.relationid=? and usercourse0_.type=? and usercourse0_.userid=? for update
[DEBUG 15:52:49.171] - Static select for entity com.ulearning.ulms.appbackend.model.UserCourse [PESSIMISTIC_READ]: select usercourse0_.relationid as relationid10_0_, usercourse0_.type as type10_0_, usercourse0_.userid as userid10_0_, usercourse0_.applytime as applytime10_0_, usercourse0_.downloadcount as download5_10_0_, usercourse0_.expiretime as expiretime10_0_, usercourse0_.paystate as paystate10_0_, usercourse0_.state as state10_0_ from c_user_tab usercourse0_ where usercourse0_.relationid=? and usercourse0_.type=? and usercourse0_.userid=? lock in share mode
[DEBUG 15:52:49.171] - Static select for entity com.ulearning.ulms.appbackend.model.UserCourse [PESSIMISTIC_WRITE]: select usercourse0_.relationid as relationid10_0_, usercourse0_.type as type10_0_, usercourse0_.userid as userid10_0_, usercourse0_.applytime as applytime10_0_, usercourse0_.downloadcount as download5_10_0_, usercourse0_.expiretime as expiretime10_0_, usercourse0_.paystate as paystate10_0_, usercourse0_.state as state10_0_ from c_user_tab usercourse0_ where usercourse0_.relationid=? and usercourse0_.type=? and usercourse0_.userid=? for update
[DEBUG 15:52:49.171] - Static select for entity com.ulearning.ulms.appbackend.model.UserCourse [PESSIMISTIC_FORCE_INCREMENT]: select usercourse0_.relationid as relationid10_0_, usercourse0_.type as type10_0_, usercourse0_.userid as userid10_0_, usercourse0_.applytime as applytime10_0_, usercourse0_.downloadcount as download5_10_0_, usercourse0_.expiretime as expiretime10_0_, usercourse0_.paystate as paystate10_0_, usercourse0_.state as state10_0_ from c_user_tab usercourse0_ where usercourse0_.relationid=? and usercourse0_.type=? and usercourse0_.userid=? for update
[DEBUG 15:52:49.171] - Static select for entity com.ulearning.ulms.appbackend.model.UserCourse [OPTIMISTIC]: select usercourse0_.relationid as relationid10_0_, usercourse0_.type as type10_0_, usercourse0_.userid as userid10_0_, usercourse0_.applytime as applytime10_0_, usercourse0_.downloadcount as download5_10_0_, usercourse0_.expiretime as expiretime10_0_, usercourse0_.paystate as paystate10_0_, usercourse0_.state as state10_0_ from c_user_tab usercourse0_ where usercourse0_.relationid=? and usercourse0_.type=? and usercourse0_.userid=?
[DEBUG 15:52:49.171] - Static select for entity com.ulearning.ulms.appbackend.model.UserCourse [OPTIMISTIC_FORCE_INCREMENT]: select usercourse0_.relationid as relationid10_0_, usercourse0_.type as type10_0_, usercourse0_.userid as userid10_0_, usercourse0_.applytime as applytime10_0_, usercourse0_.downloadcount as download5_10_0_, usercourse0_.expiretime as expiretime10_0_, usercourse0_.paystate as paystate10_0_, usercourse0_.state as state10_0_ from c_user_tab usercourse0_ where usercourse0_.relationid=? and usercourse0_.type=? and usercourse0_.userid=?
[DEBUG 15:52:49.171] - Static select for action ACTION_MERGE on entity com.ulearning.ulms.appbackend.model.UserCourse: select usercourse0_.relationid as relationid10_0_, usercourse0_.type as type10_0_, usercourse0_.userid as userid10_0_, usercourse0_.applytime as applytime10_0_, usercourse0_.downloadcount as download5_10_0_, usercourse0_.expiretime as expiretime10_0_, usercourse0_.paystate as paystate10_0_, usercourse0_.state as state10_0_ from c_user_tab usercourse0_ where usercourse0_.relationid=? and usercourse0_.type=? and usercourse0_.userid=?
[DEBUG 15:52:49.171] - Static select for action ACTION_REFRESH on entity com.ulearning.ulms.appbackend.model.UserCourse: select usercourse0_.relationid as relationid10_0_, usercourse0_.type as type10_0_, usercourse0_.userid as userid10_0_, usercourse0_.applytime as applytime10_0_, usercourse0_.downloadcount as download5_10_0_, usercourse0_.expiretime as expiretime10_0_, usercourse0_.paystate as paystate10_0_, usercourse0_.state as state10_0_ from c_user_tab usercourse0_ where usercourse0_.relationid=? and usercourse0_.type=? and usercourse0_.userid=?
[DEBUG 15:52:49.171] - Static select for entity com.ulearning.ulms.appbackend.model.BookMark [NONE]: select bookmark0_.id as id1_0_, bookmark0_.courseid as courseid1_0_, bookmark0_.created as created1_0_, bookmark0_.lessonid as lessonid1_0_, bookmark0_.page as page1_0_, bookmark0_.text as text1_0_, bookmark0_.userid as userid1_0_ from u_bookmarks_tab bookmark0_ where bookmark0_.id=?
[DEBUG 15:52:49.171] - Static select for entity com.ulearning.ulms.appbackend.model.BookMark [READ]: select bookmark0_.id as id1_0_, bookmark0_.courseid as courseid1_0_, bookmark0_.created as created1_0_, bookmark0_.lessonid as lessonid1_0_, bookmark0_.page as page1_0_, bookmark0_.text as text1_0_, bookmark0_.userid as userid1_0_ from u_bookmarks_tab bookmark0_ where bookmark0_.id=?
[DEBUG 15:52:49.171] - Static select for entity com.ulearning.ulms.appbackend.model.BookMark [UPGRADE]: select bookmark0_.id as id1_0_, bookmark0_.courseid as courseid1_0_, bookmark0_.created as created1_0_, bookmark0_.lessonid as lessonid1_0_, bookmark0_.page as page1_0_, bookmark0_.text as text1_0_, bookmark0_.userid as userid1_0_ from u_bookmarks_tab bookmark0_ where bookmark0_.id=? for update
[DEBUG 15:52:49.171] - Static select for entity com.ulearning.ulms.appbackend.model.BookMark [UPGRADE_NOWAIT]: select bookmark0_.id as id1_0_, bookmark0_.courseid as courseid1_0_, bookmark0_.created as created1_0_, bookmark0_.lessonid as lessonid1_0_, bookmark0_.page as page1_0_, bookmark0_.text as text1_0_, bookmark0_.userid as userid1_0_ from u_bookmarks_tab bookmark0_ where bookmark0_.id=? for update
[DEBUG 15:52:49.171] - Static select for entity com.ulearning.ulms.appbackend.model.BookMark [FORCE]: select bookmark0_.id as id1_0_, bookmark0_.courseid as courseid1_0_, bookmark0_.created as created1_0_, bookmark0_.lessonid as lessonid1_0_, bookmark0_.page as page1_0_, bookmark0_.text as text1_0_, bookmark0_.userid as userid1_0_ from u_bookmarks_tab bookmark0_ where bookmark0_.id=? for update
[DEBUG 15:52:49.171] - Static select for entity com.ulearning.ulms.appbackend.model.BookMark [PESSIMISTIC_READ]: select bookmark0_.id as id1_0_, bookmark0_.courseid as courseid1_0_, bookmark0_.created as created1_0_, bookmark0_.lessonid as lessonid1_0_, bookmark0_.page as page1_0_, bookmark0_.text as text1_0_, bookmark0_.userid as userid1_0_ from u_bookmarks_tab bookmark0_ where bookmark0_.id=? lock in share mode
[DEBUG 15:52:49.171] - Static select for entity com.ulearning.ulms.appbackend.model.BookMark [PESSIMISTIC_WRITE]: select bookmark0_.id as id1_0_, bookmark0_.courseid as courseid1_0_, bookmark0_.created as created1_0_, bookmark0_.lessonid as lessonid1_0_, bookmark0_.page as page1_0_, bookmark0_.text as text1_0_, bookmark0_.userid as userid1_0_ from u_bookmarks_tab bookmark0_ where bookmark0_.id=? for update
[DEBUG 15:52:49.171] - Static select for entity com.ulearning.ulms.appbackend.model.BookMark [PESSIMISTIC_FORCE_INCREMENT]: select bookmark0_.id as id1_0_, bookmark0_.courseid as courseid1_0_, bookmark0_.created as created1_0_, bookmark0_.lessonid as lessonid1_0_, bookmark0_.page as page1_0_, bookmark0_.text as text1_0_, bookmark0_.userid as userid1_0_ from u_bookmarks_tab bookmark0_ where bookmark0_.id=? for update
[DEBUG 15:52:49.171] - Static select for entity com.ulearning.ulms.appbackend.model.BookMark [OPTIMISTIC]: select bookmark0_.id as id1_0_, bookmark0_.courseid as courseid1_0_, bookmark0_.created as created1_0_, bookmark0_.lessonid as lessonid1_0_, bookmark0_.page as page1_0_, bookmark0_.text as text1_0_, bookmark0_.userid as userid1_0_ from u_bookmarks_tab bookmark0_ where bookmark0_.id=?
[DEBUG 15:52:49.171] - Static select for entity com.ulearning.ulms.appbackend.model.BookMark [OPTIMISTIC_FORCE_INCREMENT]: select bookmark0_.id as id1_0_, bookmark0_.courseid as courseid1_0_, bookmark0_.created as created1_0_, bookmark0_.lessonid as lessonid1_0_, bookmark0_.page as page1_0_, bookmark0_.text as text1_0_, bookmark0_.userid as userid1_0_ from u_bookmarks_tab bookmark0_ where bookmark0_.id=?
[DEBUG 15:52:49.171] - Static select for action ACTION_MERGE on entity com.ulearning.ulms.appbackend.model.BookMark: select bookmark0_.id as id1_0_, bookmark0_.courseid as courseid1_0_, bookmark0_.created as created1_0_, bookmark0_.lessonid as lessonid1_0_, bookmark0_.page as page1_0_, bookmark0_.text as text1_0_, bookmark0_.userid as userid1_0_ from u_bookmarks_tab bookmark0_ where bookmark0_.id=?
[DEBUG 15:52:49.171] - Static select for action ACTION_REFRESH on entity com.ulearning.ulms.appbackend.model.BookMark: select bookmark0_.id as id1_0_, bookmark0_.courseid as courseid1_0_, bookmark0_.created as created1_0_, bookmark0_.lessonid as lessonid1_0_, bookmark0_.page as page1_0_, bookmark0_.text as text1_0_, bookmark0_.userid as userid1_0_ from u_bookmarks_tab bookmark0_ where bookmark0_.id=?
[DEBUG 15:52:49.171] - Static select for entity com.ulearning.ulms.appbackend.model.SDMRelation [NONE]: select sdmrelatio0_.id as id8_0_, sdmrelatio0_.completion as completion8_0_, sdmrelatio0_.courseid as courseid8_0_, sdmrelatio0_.lastpage as lastpage8_0_, sdmrelatio0_.lasttime as lasttime8_0_, sdmrelatio0_.lessonid as lessonid8_0_, sdmrelatio0_.pages as pages8_0_, sdmrelatio0_.score as score8_0_, sdmrelatio0_.totaltime as totaltime8_0_, sdmrelatio0_.userid as userid8_0_ from s_studyrecord_tab sdmrelatio0_ where sdmrelatio0_.id=?
[DEBUG 15:52:49.171] - Static select for entity com.ulearning.ulms.appbackend.model.SDMRelation [READ]: select sdmrelatio0_.id as id8_0_, sdmrelatio0_.completion as completion8_0_, sdmrelatio0_.courseid as courseid8_0_, sdmrelatio0_.lastpage as lastpage8_0_, sdmrelatio0_.lasttime as lasttime8_0_, sdmrelatio0_.lessonid as lessonid8_0_, sdmrelatio0_.pages as pages8_0_, sdmrelatio0_.score as score8_0_, sdmrelatio0_.totaltime as totaltime8_0_, sdmrelatio0_.userid as userid8_0_ from s_studyrecord_tab sdmrelatio0_ where sdmrelatio0_.id=?
[DEBUG 15:52:49.171] - Static select for entity com.ulearning.ulms.appbackend.model.SDMRelation [UPGRADE]: select sdmrelatio0_.id as id8_0_, sdmrelatio0_.completion as completion8_0_, sdmrelatio0_.courseid as courseid8_0_, sdmrelatio0_.lastpage as lastpage8_0_, sdmrelatio0_.lasttime as lasttime8_0_, sdmrelatio0_.lessonid as lessonid8_0_, sdmrelatio0_.pages as pages8_0_, sdmrelatio0_.score as score8_0_, sdmrelatio0_.totaltime as totaltime8_0_, sdmrelatio0_.userid as userid8_0_ from s_studyrecord_tab sdmrelatio0_ where sdmrelatio0_.id=? for update
[DEBUG 15:52:49.171] - Static select for entity com.ulearning.ulms.appbackend.model.SDMRelation [UPGRADE_NOWAIT]: select sdmrelatio0_.id as id8_0_, sdmrelatio0_.completion as completion8_0_, sdmrelatio0_.courseid as courseid8_0_, sdmrelatio0_.lastpage as lastpage8_0_, sdmrelatio0_.lasttime as lasttime8_0_, sdmrelatio0_.lessonid as lessonid8_0_, sdmrelatio0_.pages as pages8_0_, sdmrelatio0_.score as score8_0_, sdmrelatio0_.totaltime as totaltime8_0_, sdmrelatio0_.userid as userid8_0_ from s_studyrecord_tab sdmrelatio0_ where sdmrelatio0_.id=? for update
[DEBUG 15:52:49.171] - Static select for entity com.ulearning.ulms.appbackend.model.SDMRelation [FORCE]: select sdmrelatio0_.id as id8_0_, sdmrelatio0_.completion as completion8_0_, sdmrelatio0_.courseid as courseid8_0_, sdmrelatio0_.lastpage as lastpage8_0_, sdmrelatio0_.lasttime as lasttime8_0_, sdmrelatio0_.lessonid as lessonid8_0_, sdmrelatio0_.pages as pages8_0_, sdmrelatio0_.score as score8_0_, sdmrelatio0_.totaltime as totaltime8_0_, sdmrelatio0_.userid as userid8_0_ from s_studyrecord_tab sdmrelatio0_ where sdmrelatio0_.id=? for update
[DEBUG 15:52:49.171] - Static select for entity com.ulearning.ulms.appbackend.model.SDMRelation [PESSIMISTIC_READ]: select sdmrelatio0_.id as id8_0_, sdmrelatio0_.completion as completion8_0_, sdmrelatio0_.courseid as courseid8_0_, sdmrelatio0_.lastpage as lastpage8_0_, sdmrelatio0_.lasttime as lasttime8_0_, sdmrelatio0_.lessonid as lessonid8_0_, sdmrelatio0_.pages as pages8_0_, sdmrelatio0_.score as score8_0_, sdmrelatio0_.totaltime as totaltime8_0_, sdmrelatio0_.userid as userid8_0_ from s_studyrecord_tab sdmrelatio0_ where sdmrelatio0_.id=? lock in share mode
[DEBUG 15:52:49.171] - Static select for entity com.ulearning.ulms.appbackend.model.SDMRelation [PESSIMISTIC_WRITE]: select sdmrelatio0_.id as id8_0_, sdmrelatio0_.completion as completion8_0_, sdmrelatio0_.courseid as courseid8_0_, sdmrelatio0_.lastpage as lastpage8_0_, sdmrelatio0_.lasttime as lasttime8_0_, sdmrelatio0_.lessonid as lessonid8_0_, sdmrelatio0_.pages as pages8_0_, sdmrelatio0_.score as score8_0_, sdmrelatio0_.totaltime as totaltime8_0_, sdmrelatio0_.userid as userid8_0_ from s_studyrecord_tab sdmrelatio0_ where sdmrelatio0_.id=? for update
[DEBUG 15:52:49.187] - Static select for entity com.ulearning.ulms.appbackend.model.SDMRelation [PESSIMISTIC_FORCE_INCREMENT]: select sdmrelatio0_.id as id8_0_, sdmrelatio0_.completion as completion8_0_, sdmrelatio0_.courseid as courseid8_0_, sdmrelatio0_.lastpage as lastpage8_0_, sdmrelatio0_.lasttime as lasttime8_0_, sdmrelatio0_.lessonid as lessonid8_0_, sdmrelatio0_.pages as pages8_0_, sdmrelatio0_.score as score8_0_, sdmrelatio0_.totaltime as totaltime8_0_, sdmrelatio0_.userid as userid8_0_ from s_studyrecord_tab sdmrelatio0_ where sdmrelatio0_.id=? for update
[DEBUG 15:52:49.187] - Static select for entity com.ulearning.ulms.appbackend.model.SDMRelation [OPTIMISTIC]: select sdmrelatio0_.id as id8_0_, sdmrelatio0_.completion as completion8_0_, sdmrelatio0_.courseid as courseid8_0_, sdmrelatio0_.lastpage as lastpage8_0_, sdmrelatio0_.lasttime as lasttime8_0_, sdmrelatio0_.lessonid as lessonid8_0_, sdmrelatio0_.pages as pages8_0_, sdmrelatio0_.score as score8_0_, sdmrelatio0_.totaltime as totaltime8_0_, sdmrelatio0_.userid as userid8_0_ from s_studyrecord_tab sdmrelatio0_ where sdmrelatio0_.id=?
[DEBUG 15:52:49.187] - Static select for entity com.ulearning.ulms.appbackend.model.SDMRelation [OPTIMISTIC_FORCE_INCREMENT]: select sdmrelatio0_.id as id8_0_, sdmrelatio0_.completion as completion8_0_, sdmrelatio0_.courseid as courseid8_0_, sdmrelatio0_.lastpage as lastpage8_0_, sdmrelatio0_.lasttime as lasttime8_0_, sdmrelatio0_.lessonid as lessonid8_0_, sdmrelatio0_.pages as pages8_0_, sdmrelatio0_.score as score8_0_, sdmrelatio0_.totaltime as totaltime8_0_, sdmrelatio0_.userid as userid8_0_ from s_studyrecord_tab sdmrelatio0_ where sdmrelatio0_.id=?
[DEBUG 15:52:49.187] - Static select for action ACTION_MERGE on entity com.ulearning.ulms.appbackend.model.SDMRelation: select sdmrelatio0_.id as id8_0_, sdmrelatio0_.completion as completion8_0_, sdmrelatio0_.courseid as courseid8_0_, sdmrelatio0_.lastpage as lastpage8_0_, sdmrelatio0_.lasttime as lasttime8_0_, sdmrelatio0_.lessonid as lessonid8_0_, sdmrelatio0_.pages as pages8_0_, sdmrelatio0_.score as score8_0_, sdmrelatio0_.totaltime as totaltime8_0_, sdmrelatio0_.userid as userid8_0_ from s_studyrecord_tab sdmrelatio0_ where sdmrelatio0_.id=?
[DEBUG 15:52:49.187] - Static select for action ACTION_REFRESH on entity com.ulearning.ulms.appbackend.model.SDMRelation: select sdmrelatio0_.id as id8_0_, sdmrelatio0_.completion as completion8_0_, sdmrelatio0_.courseid as courseid8_0_, sdmrelatio0_.lastpage as lastpage8_0_, sdmrelatio0_.lasttime as lasttime8_0_, sdmrelatio0_.lessonid as lessonid8_0_, sdmrelatio0_.pages as pages8_0_, sdmrelatio0_.score as score8_0_, sdmrelatio0_.totaltime as totaltime8_0_, sdmrelatio0_.userid as userid8_0_ from s_studyrecord_tab sdmrelatio0_ where sdmrelatio0_.id=?
[DEBUG 15:52:49.187] - Static select for entity com.ulearning.ulms.appbackend.model.Apns [NONE]: select apns0_.id as id0_0_, apns0_.created as created0_0_, apns0_.devicetoken as deviceto3_0_0_, apns0_.status as status0_0_, apns0_.userid as userid0_0_ from u_devicetoken_tab apns0_ where apns0_.id=?
[DEBUG 15:52:49.187] - Static select for entity com.ulearning.ulms.appbackend.model.Apns [READ]: select apns0_.id as id0_0_, apns0_.created as created0_0_, apns0_.devicetoken as deviceto3_0_0_, apns0_.status as status0_0_, apns0_.userid as userid0_0_ from u_devicetoken_tab apns0_ where apns0_.id=?
[DEBUG 15:52:49.187] - Static select for entity com.ulearning.ulms.appbackend.model.Apns [UPGRADE]: select apns0_.id as id0_0_, apns0_.created as created0_0_, apns0_.devicetoken as deviceto3_0_0_, apns0_.status as status0_0_, apns0_.userid as userid0_0_ from u_devicetoken_tab apns0_ where apns0_.id=? for update
[DEBUG 15:52:49.187] - Static select for entity com.ulearning.ulms.appbackend.model.Apns [UPGRADE_NOWAIT]: select apns0_.id as id0_0_, apns0_.created as created0_0_, apns0_.devicetoken as deviceto3_0_0_, apns0_.status as status0_0_, apns0_.userid as userid0_0_ from u_devicetoken_tab apns0_ where apns0_.id=? for update
[DEBUG 15:52:49.187] - Static select for entity com.ulearning.ulms.appbackend.model.Apns [FORCE]: select apns0_.id as id0_0_, apns0_.created as created0_0_, apns0_.devicetoken as deviceto3_0_0_, apns0_.status as status0_0_, apns0_.userid as userid0_0_ from u_devicetoken_tab apns0_ where apns0_.id=? for update
[DEBUG 15:52:49.187] - Static select for entity com.ulearning.ulms.appbackend.model.Apns [PESSIMISTIC_READ]: select apns0_.id as id0_0_, apns0_.created as created0_0_, apns0_.devicetoken as deviceto3_0_0_, apns0_.status as status0_0_, apns0_.userid as userid0_0_ from u_devicetoken_tab apns0_ where apns0_.id=? lock in share mode
[DEBUG 15:52:49.187] - Static select for entity com.ulearning.ulms.appbackend.model.Apns [PESSIMISTIC_WRITE]: select apns0_.id as id0_0_, apns0_.created as created0_0_, apns0_.devicetoken as deviceto3_0_0_, apns0_.status as status0_0_, apns0_.userid as userid0_0_ from u_devicetoken_tab apns0_ where apns0_.id=? for update
[DEBUG 15:52:49.187] - Static select for entity com.ulearning.ulms.appbackend.model.Apns [PESSIMISTIC_FORCE_INCREMENT]: select apns0_.id as id0_0_, apns0_.created as created0_0_, apns0_.devicetoken as deviceto3_0_0_, apns0_.status as status0_0_, apns0_.userid as userid0_0_ from u_devicetoken_tab apns0_ where apns0_.id=? for update
[DEBUG 15:52:49.187] - Static select for entity com.ulearning.ulms.appbackend.model.Apns [OPTIMISTIC]: select apns0_.id as id0_0_, apns0_.created as created0_0_, apns0_.devicetoken as deviceto3_0_0_, apns0_.status as status0_0_, apns0_.userid as userid0_0_ from u_devicetoken_tab apns0_ where apns0_.id=?
[DEBUG 15:52:49.187] - Static select for entity com.ulearning.ulms.appbackend.model.Apns [OPTIMISTIC_FORCE_INCREMENT]: select apns0_.id as id0_0_, apns0_.created as created0_0_, apns0_.devicetoken as deviceto3_0_0_, apns0_.status as status0_0_, apns0_.userid as userid0_0_ from u_devicetoken_tab apns0_ where apns0_.id=?
[DEBUG 15:52:49.187] - Static select for action ACTION_MERGE on entity com.ulearning.ulms.appbackend.model.Apns: select apns0_.id as id0_0_, apns0_.created as created0_0_, apns0_.devicetoken as deviceto3_0_0_, apns0_.status as status0_0_, apns0_.userid as userid0_0_ from u_devicetoken_tab apns0_ where apns0_.id=?
[DEBUG 15:52:49.187] - Static select for action ACTION_REFRESH on entity com.ulearning.ulms.appbackend.model.Apns: select apns0_.id as id0_0_, apns0_.created as created0_0_, apns0_.devicetoken as deviceto3_0_0_, apns0_.status as status0_0_, apns0_.userid as userid0_0_ from u_devicetoken_tab apns0_ where apns0_.id=?
[DEBUG 15:52:49.187] - Static select for entity com.ulearning.ulms.appbackend.model.Note [NONE]: select note0_.id as id5_0_, note0_.courseid as courseid5_0_, note0_.created as created5_0_, note0_.length as length5_0_, note0_.lessonid as lessonid5_0_, note0_.page as page5_0_, note0_.start as start5_0_, note0_.style as style5_0_, note0_.text as text5_0_, note0_.userid as userid5_0_ from u_notes_tab note0_ where note0_.id=?
[DEBUG 15:52:49.187] - Static select for entity com.ulearning.ulms.appbackend.model.Note [READ]: select note0_.id as id5_0_, note0_.courseid as courseid5_0_, note0_.created as created5_0_, note0_.length as length5_0_, note0_.lessonid as lessonid5_0_, note0_.page as page5_0_, note0_.start as start5_0_, note0_.style as style5_0_, note0_.text as text5_0_, note0_.userid as userid5_0_ from u_notes_tab note0_ where note0_.id=?
[DEBUG 15:52:49.187] - Static select for entity com.ulearning.ulms.appbackend.model.Note [UPGRADE]: select note0_.id as id5_0_, note0_.courseid as courseid5_0_, note0_.created as created5_0_, note0_.length as length5_0_, note0_.lessonid as lessonid5_0_, note0_.page as page5_0_, note0_.start as start5_0_, note0_.style as style5_0_, note0_.text as text5_0_, note0_.userid as userid5_0_ from u_notes_tab note0_ where note0_.id=? for update
[DEBUG 15:52:49.187] - Static select for entity com.ulearning.ulms.appbackend.model.Note [UPGRADE_NOWAIT]: select note0_.id as id5_0_, note0_.courseid as courseid5_0_, note0_.created as created5_0_, note0_.length as length5_0_, note0_.lessonid as lessonid5_0_, note0_.page as page5_0_, note0_.start as start5_0_, note0_.style as style5_0_, note0_.text as text5_0_, note0_.userid as userid5_0_ from u_notes_tab note0_ where note0_.id=? for update
[DEBUG 15:52:49.187] - Static select for entity com.ulearning.ulms.appbackend.model.Note [FORCE]: select note0_.id as id5_0_, note0_.courseid as courseid5_0_, note0_.created as created5_0_, note0_.length as length5_0_, note0_.lessonid as lessonid5_0_, note0_.page as page5_0_, note0_.start as start5_0_, note0_.style as style5_0_, note0_.text as text5_0_, note0_.userid as userid5_0_ from u_notes_tab note0_ where note0_.id=? for update
[DEBUG 15:52:49.187] - Static select for entity com.ulearning.ulms.appbackend.model.Note [PESSIMISTIC_READ]: select note0_.id as id5_0_, note0_.courseid as courseid5_0_, note0_.created as created5_0_, note0_.length as length5_0_, note0_.lessonid as lessonid5_0_, note0_.page as page5_0_, note0_.start as start5_0_, note0_.style as style5_0_, note0_.text as text5_0_, note0_.userid as userid5_0_ from u_notes_tab note0_ where note0_.id=? lock in share mode
[DEBUG 15:52:49.187] - Static select for entity com.ulearning.ulms.appbackend.model.Note [PESSIMISTIC_WRITE]: select note0_.id as id5_0_, note0_.courseid as courseid5_0_, note0_.created as created5_0_, note0_.length as length5_0_, note0_.lessonid as lessonid5_0_, note0_.page as page5_0_, note0_.start as start5_0_, note0_.style as style5_0_, note0_.text as text5_0_, note0_.userid as userid5_0_ from u_notes_tab note0_ where note0_.id=? for update
[DEBUG 15:52:49.187] - Static select for entity com.ulearning.ulms.appbackend.model.Note [PESSIMISTIC_FORCE_INCREMENT]: select note0_.id as id5_0_, note0_.courseid as courseid5_0_, note0_.created as created5_0_, note0_.length as length5_0_, note0_.lessonid as lessonid5_0_, note0_.page as page5_0_, note0_.start as start5_0_, note0_.style as style5_0_, note0_.text as text5_0_, note0_.userid as userid5_0_ from u_notes_tab note0_ where note0_.id=? for update
[DEBUG 15:52:49.187] - Static select for entity com.ulearning.ulms.appbackend.model.Note [OPTIMISTIC]: select note0_.id as id5_0_, note0_.courseid as courseid5_0_, note0_.created as created5_0_, note0_.length as length5_0_, note0_.lessonid as lessonid5_0_, note0_.page as page5_0_, note0_.start as start5_0_, note0_.style as style5_0_, note0_.text as text5_0_, note0_.userid as userid5_0_ from u_notes_tab note0_ where note0_.id=?
[DEBUG 15:52:49.187] - Static select for entity com.ulearning.ulms.appbackend.model.Note [OPTIMISTIC_FORCE_INCREMENT]: select note0_.id as id5_0_, note0_.courseid as courseid5_0_, note0_.created as created5_0_, note0_.length as length5_0_, note0_.lessonid as lessonid5_0_, note0_.page as page5_0_, note0_.start as start5_0_, note0_.style as style5_0_, note0_.text as text5_0_, note0_.userid as userid5_0_ from u_notes_tab note0_ where note0_.id=?
[DEBUG 15:52:49.187] - Static select for action ACTION_MERGE on entity com.ulearning.ulms.appbackend.model.Note: select note0_.id as id5_0_, note0_.courseid as courseid5_0_, note0_.created as created5_0_, note0_.length as length5_0_, note0_.lessonid as lessonid5_0_, note0_.page as page5_0_, note0_.start as start5_0_, note0_.style as style5_0_, note0_.text as text5_0_, note0_.userid as userid5_0_ from u_notes_tab note0_ where note0_.id=?
[DEBUG 15:52:49.187] - Static select for action ACTION_REFRESH on entity com.ulearning.ulms.appbackend.model.Note: select note0_.id as id5_0_, note0_.courseid as courseid5_0_, note0_.created as created5_0_, note0_.length as length5_0_, note0_.lessonid as lessonid5_0_, note0_.page as page5_0_, note0_.start as start5_0_, note0_.style as style5_0_, note0_.text as text5_0_, note0_.userid as userid5_0_ from u_notes_tab note0_ where note0_.id=?
[DEBUG 15:52:49.187] - Static select for entity com.ulearning.ulms.appbackend.model.Catalog [NONE]: select catalog0_.catalogid as catalogid2_0_, catalog0_.name as name2_0_, catalog0_.type as type2_0_ from c_catalog_tab catalog0_ where catalog0_.catalogid=?
[DEBUG 15:52:49.187] - Static select for entity com.ulearning.ulms.appbackend.model.Catalog [READ]: select catalog0_.catalogid as catalogid2_0_, catalog0_.name as name2_0_, catalog0_.type as type2_0_ from c_catalog_tab catalog0_ where catalog0_.catalogid=?
[DEBUG 15:52:49.187] - Static select for entity com.ulearning.ulms.appbackend.model.Catalog [UPGRADE]: select catalog0_.catalogid as catalogid2_0_, catalog0_.name as name2_0_, catalog0_.type as type2_0_ from c_catalog_tab catalog0_ where catalog0_.catalogid=? for update
[DEBUG 15:52:49.187] - Static select for entity com.ulearning.ulms.appbackend.model.Catalog [UPGRADE_NOWAIT]: select catalog0_.catalogid as catalogid2_0_, catalog0_.name as name2_0_, catalog0_.type as type2_0_ from c_catalog_tab catalog0_ where catalog0_.catalogid=? for update
[DEBUG 15:52:49.187] - Static select for entity com.ulearning.ulms.appbackend.model.Catalog [FORCE]: select catalog0_.catalogid as catalogid2_0_, catalog0_.name as name2_0_, catalog0_.type as type2_0_ from c_catalog_tab catalog0_ where catalog0_.catalogid=? for update
[DEBUG 15:52:49.203] - Static select for entity com.ulearning.ulms.appbackend.model.Catalog [PESSIMISTIC_READ]: select catalog0_.catalogid as catalogid2_0_, catalog0_.name as name2_0_, catalog0_.type as type2_0_ from c_catalog_tab catalog0_ where catalog0_.catalogid=? lock in share mode
[DEBUG 15:52:49.203] - Static select for entity com.ulearning.ulms.appbackend.model.Catalog [PESSIMISTIC_WRITE]: select catalog0_.catalogid as catalogid2_0_, catalog0_.name as name2_0_, catalog0_.type as type2_0_ from c_catalog_tab catalog0_ where catalog0_.catalogid=? for update
[DEBUG 15:52:49.203] - Static select for entity com.ulearning.ulms.appbackend.model.Catalog [PESSIMISTIC_FORCE_INCREMENT]: select catalog0_.catalogid as catalogid2_0_, catalog0_.name as name2_0_, catalog0_.type as type2_0_ from c_catalog_tab catalog0_ where catalog0_.catalogid=? for update
[DEBUG 15:52:49.203] - Static select for entity com.ulearning.ulms.appbackend.model.Catalog [OPTIMISTIC]: select catalog0_.catalogid as catalogid2_0_, catalog0_.name as name2_0_, catalog0_.type as type2_0_ from c_catalog_tab catalog0_ where catalog0_.catalogid=?
[DEBUG 15:52:49.203] - Static select for entity com.ulearning.ulms.appbackend.model.Catalog [OPTIMISTIC_FORCE_INCREMENT]: select catalog0_.catalogid as catalogid2_0_, catalog0_.name as name2_0_, catalog0_.type as type2_0_ from c_catalog_tab catalog0_ where catalog0_.catalogid=?
[DEBUG 15:52:49.203] - Static select for action ACTION_MERGE on entity com.ulearning.ulms.appbackend.model.Catalog: select catalog0_.catalogid as catalogid2_0_, catalog0_.name as name2_0_, catalog0_.type as type2_0_ from c_catalog_tab catalog0_ where catalog0_.catalogid=?
[DEBUG 15:52:49.203] - Static select for action ACTION_REFRESH on entity com.ulearning.ulms.appbackend.model.Catalog: select catalog0_.catalogid as catalogid2_1_, catalog0_.name as name2_1_, catalog0_.type as type2_1_, courselist1_.catalogid as catalogid2_3_, courselist1_.courseid as courseid4_3_, courselist1_.courseid as courseid4_0_, courselist1_.logopic as logopic4_0_, courselist1_.catalogid as catalogid4_0_, courselist1_.coursecode as coursecode4_0_, courselist1_.cover as cover4_0_, courselist1_.description as descript5_4_0_, courselist1_.iphone as iphone4_0_, courselist1_.remark as remark4_0_, courselist1_.period as period4_0_, courselist1_.charge as charge4_0_, courselist1_.name as name4_0_ from c_catalog_tab catalog0_ left outer join c_course_tab courselist1_ on catalog0_.catalogid=courselist1_.catalogid where catalog0_.catalogid=?
[DEBUG 15:52:49.203] - Static select for entity com.ulearning.ulms.appbackend.model.Comment [NONE]: select comment0_.id as id3_0_, comment0_.courseid as courseid3_0_, comment0_.created as created3_0_, comment0_.parentid as parentid3_0_, comment0_.text as text3_0_, comment0_.userid as userid3_0_, comment0_.username as username3_0_ from u_comments_tab comment0_ where comment0_.id=?
[DEBUG 15:52:49.203] - Static select for entity com.ulearning.ulms.appbackend.model.Comment [READ]: select comment0_.id as id3_0_, comment0_.courseid as courseid3_0_, comment0_.created as created3_0_, comment0_.parentid as parentid3_0_, comment0_.text as text3_0_, comment0_.userid as userid3_0_, comment0_.username as username3_0_ from u_comments_tab comment0_ where comment0_.id=?
[DEBUG 15:52:49.203] - Static select for entity com.ulearning.ulms.appbackend.model.Comment [UPGRADE]: select comment0_.id as id3_0_, comment0_.courseid as courseid3_0_, comment0_.created as created3_0_, comment0_.parentid as parentid3_0_, comment0_.text as text3_0_, comment0_.userid as userid3_0_, comment0_.username as username3_0_ from u_comments_tab comment0_ where comment0_.id=? for update
[DEBUG 15:52:49.203] - Static select for entity com.ulearning.ulms.appbackend.model.Comment [UPGRADE_NOWAIT]: select comment0_.id as id3_0_, comment0_.courseid as courseid3_0_, comment0_.created as created3_0_, comment0_.parentid as parentid3_0_, comment0_.text as text3_0_, comment0_.userid as userid3_0_, comment0_.username as username3_0_ from u_comments_tab comment0_ where comment0_.id=? for update
[DEBUG 15:52:49.203] - Static select for entity com.ulearning.ulms.appbackend.model.Comment [FORCE]: select comment0_.id as id3_0_, comment0_.courseid as courseid3_0_, comment0_.created as created3_0_, comment0_.parentid as parentid3_0_, comment0_.text as text3_0_, comment0_.userid as userid3_0_, comment0_.username as username3_0_ from u_comments_tab comment0_ where comment0_.id=? for update
[DEBUG 15:52:49.203] - Static select for entity com.ulearning.ulms.appbackend.model.Comment [PESSIMISTIC_READ]: select comment0_.id as id3_0_, comment0_.courseid as courseid3_0_, comment0_.created as created3_0_, comment0_.parentid as parentid3_0_, comment0_.text as text3_0_, comment0_.userid as userid3_0_, comment0_.username as username3_0_ from u_comments_tab comment0_ where comment0_.id=? lock in share mode
[DEBUG 15:52:49.203] - Static select for entity com.ulearning.ulms.appbackend.model.Comment [PESSIMISTIC_WRITE]: select comment0_.id as id3_0_, comment0_.courseid as courseid3_0_, comment0_.created as created3_0_, comment0_.parentid as parentid3_0_, comment0_.text as text3_0_, comment0_.userid as userid3_0_, comment0_.username as username3_0_ from u_comments_tab comment0_ where comment0_.id=? for update
[DEBUG 15:52:49.203] - Static select for entity com.ulearning.ulms.appbackend.model.Comment [PESSIMISTIC_FORCE_INCREMENT]: select comment0_.id as id3_0_, comment0_.courseid as courseid3_0_, comment0_.created as created3_0_, comment0_.parentid as parentid3_0_, comment0_.text as text3_0_, comment0_.userid as userid3_0_, comment0_.username as username3_0_ from u_comments_tab comment0_ where comment0_.id=? for update
[DEBUG 15:52:49.203] - Static select for entity com.ulearning.ulms.appbackend.model.Comment [OPTIMISTIC]: select comment0_.id as id3_0_, comment0_.courseid as courseid3_0_, comment0_.created as created3_0_, comment0_.parentid as parentid3_0_, comment0_.text as text3_0_, comment0_.userid as userid3_0_, comment0_.username as username3_0_ from u_comments_tab comment0_ where comment0_.id=?
[DEBUG 15:52:49.203] - Static select for entity com.ulearning.ulms.appbackend.model.Comment [OPTIMISTIC_FORCE_INCREMENT]: select comment0_.id as id3_0_, comment0_.courseid as courseid3_0_, comment0_.created as created3_0_, comment0_.parentid as parentid3_0_, comment0_.text as text3_0_, comment0_.userid as userid3_0_, comment0_.username as username3_0_ from u_comments_tab comment0_ where comment0_.id=?
[DEBUG 15:52:49.203] - Static select for action ACTION_MERGE on entity com.ulearning.ulms.appbackend.model.Comment: select comment0_.id as id3_0_, comment0_.courseid as courseid3_0_, comment0_.created as created3_0_, comment0_.parentid as parentid3_0_, comment0_.text as text3_0_, comment0_.userid as userid3_0_, comment0_.username as username3_0_ from u_comments_tab comment0_ where comment0_.id=?
[DEBUG 15:52:49.203] - Static select for action ACTION_REFRESH on entity com.ulearning.ulms.appbackend.model.Comment: select comment0_.id as id3_0_, comment0_.courseid as courseid3_0_, comment0_.created as created3_0_, comment0_.parentid as parentid3_0_, comment0_.text as text3_0_, comment0_.userid as userid3_0_, comment0_.username as username3_0_ from u_comments_tab comment0_ where comment0_.id=?
[DEBUG 15:52:49.203] - Static select for entity com.ulearning.ulms.appbackend.model.Course [NONE]: select course0_.courseid as courseid4_1_, course0_.logopic as logopic4_1_, course0_.catalogid as catalogid4_1_, course0_.coursecode as coursecode4_1_, course0_.cover as cover4_1_, course0_.description as descript5_4_1_, course0_.iphone as iphone4_1_, course0_.remark as remark4_1_, course0_.period as period4_1_, course0_.charge as charge4_1_, course0_.name as name4_1_, catalog1_.catalogid as catalogid2_0_, catalog1_.name as name2_0_, catalog1_.type as type2_0_ from c_course_tab course0_ left outer join c_catalog_tab catalog1_ on course0_.catalogid=catalog1_.catalogid where course0_.courseid=?
[DEBUG 15:52:49.203] - Static select for entity com.ulearning.ulms.appbackend.model.Course [READ]: select course0_.courseid as courseid4_1_, course0_.logopic as logopic4_1_, course0_.catalogid as catalogid4_1_, course0_.coursecode as coursecode4_1_, course0_.cover as cover4_1_, course0_.description as descript5_4_1_, course0_.iphone as iphone4_1_, course0_.remark as remark4_1_, course0_.period as period4_1_, course0_.charge as charge4_1_, course0_.name as name4_1_, catalog1_.catalogid as catalogid2_0_, catalog1_.name as name2_0_, catalog1_.type as type2_0_ from c_course_tab course0_ left outer join c_catalog_tab catalog1_ on course0_.catalogid=catalog1_.catalogid where course0_.courseid=?
[DEBUG 15:52:49.203] - Static select for entity com.ulearning.ulms.appbackend.model.Course [UPGRADE]: select course0_.courseid as courseid4_0_, course0_.logopic as logopic4_0_, course0_.catalogid as catalogid4_0_, course0_.coursecode as coursecode4_0_, course0_.cover as cover4_0_, course0_.description as descript5_4_0_, course0_.iphone as iphone4_0_, course0_.remark as remark4_0_, course0_.period as period4_0_, course0_.charge as charge4_0_, course0_.name as name4_0_ from c_course_tab course0_ where course0_.courseid=? for update
[DEBUG 15:52:49.203] - Static select for entity com.ulearning.ulms.appbackend.model.Course [UPGRADE_NOWAIT]: select course0_.courseid as courseid4_0_, course0_.logopic as logopic4_0_, course0_.catalogid as catalogid4_0_, course0_.coursecode as coursecode4_0_, course0_.cover as cover4_0_, course0_.description as descript5_4_0_, course0_.iphone as iphone4_0_, course0_.remark as remark4_0_, course0_.period as period4_0_, course0_.charge as charge4_0_, course0_.name as name4_0_ from c_course_tab course0_ where course0_.courseid=? for update
[DEBUG 15:52:49.218] - Static select for entity com.ulearning.ulms.appbackend.model.Course [FORCE]: select course0_.courseid as courseid4_0_, course0_.logopic as logopic4_0_, course0_.catalogid as catalogid4_0_, course0_.coursecode as coursecode4_0_, course0_.cover as cover4_0_, course0_.description as descript5_4_0_, course0_.iphone as iphone4_0_, course0_.remark as remark4_0_, course0_.period as period4_0_, course0_.charge as charge4_0_, course0_.name as name4_0_ from c_course_tab course0_ where course0_.courseid=? for update
[DEBUG 15:52:49.218] - Static select for entity com.ulearning.ulms.appbackend.model.Course [PESSIMISTIC_READ]: select course0_.courseid as courseid4_0_, course0_.logopic as logopic4_0_, course0_.catalogid as catalogid4_0_, course0_.coursecode as coursecode4_0_, course0_.cover as cover4_0_, course0_.description as descript5_4_0_, course0_.iphone as iphone4_0_, course0_.remark as remark4_0_, course0_.period as period4_0_, course0_.charge as charge4_0_, course0_.name as name4_0_ from c_course_tab course0_ where course0_.courseid=? lock in share mode
[DEBUG 15:52:49.218] - Static select for entity com.ulearning.ulms.appbackend.model.Course [PESSIMISTIC_WRITE]: select course0_.courseid as courseid4_0_, course0_.logopic as logopic4_0_, course0_.catalogid as catalogid4_0_, course0_.coursecode as coursecode4_0_, course0_.cover as cover4_0_, course0_.description as descript5_4_0_, course0_.iphone as iphone4_0_, course0_.remark as remark4_0_, course0_.period as period4_0_, course0_.charge as charge4_0_, course0_.name as name4_0_ from c_course_tab course0_ where course0_.courseid=? for update
[DEBUG 15:52:49.218] - Static select for entity com.ulearning.ulms.appbackend.model.Course [PESSIMISTIC_FORCE_INCREMENT]: select course0_.courseid as courseid4_0_, course0_.logopic as logopic4_0_, course0_.catalogid as catalogid4_0_, course0_.coursecode as coursecode4_0_, course0_.cover as cover4_0_, course0_.description as descript5_4_0_, course0_.iphone as iphone4_0_, course0_.remark as remark4_0_, course0_.period as period4_0_, course0_.charge as charge4_0_, course0_.name as name4_0_ from c_course_tab course0_ where course0_.courseid=? for update
[DEBUG 15:52:49.218] - Static select for entity com.ulearning.ulms.appbackend.model.Course [OPTIMISTIC]: select course0_.courseid as courseid4_0_, course0_.logopic as logopic4_0_, course0_.catalogid as catalogid4_0_, course0_.coursecode as coursecode4_0_, course0_.cover as cover4_0_, course0_.description as descript5_4_0_, course0_.iphone as iphone4_0_, course0_.remark as remark4_0_, course0_.period as period4_0_, course0_.charge as charge4_0_, course0_.name as name4_0_ from c_course_tab course0_ where course0_.courseid=?
[DEBUG 15:52:49.218] - Static select for entity com.ulearning.ulms.appbackend.model.Course [OPTIMISTIC_FORCE_INCREMENT]: select course0_.courseid as courseid4_0_, course0_.logopic as logopic4_0_, course0_.catalogid as catalogid4_0_, course0_.coursecode as coursecode4_0_, course0_.cover as cover4_0_, course0_.description as descript5_4_0_, course0_.iphone as iphone4_0_, course0_.remark as remark4_0_, course0_.period as period4_0_, course0_.charge as charge4_0_, course0_.name as name4_0_ from c_course_tab course0_ where course0_.courseid=?
[DEBUG 15:52:49.218] - Static select for action ACTION_MERGE on entity com.ulearning.ulms.appbackend.model.Course: select course0_.courseid as courseid4_0_, course0_.logopic as logopic4_0_, course0_.catalogid as catalogid4_0_, course0_.coursecode as coursecode4_0_, course0_.cover as cover4_0_, course0_.description as descript5_4_0_, course0_.iphone as iphone4_0_, course0_.remark as remark4_0_, course0_.period as period4_0_, course0_.charge as charge4_0_, course0_.name as name4_0_ from c_course_tab course0_ where course0_.courseid=?
[DEBUG 15:52:49.218] - Static select for action ACTION_REFRESH on entity com.ulearning.ulms.appbackend.model.Course: select course0_.courseid as courseid4_0_, course0_.logopic as logopic4_0_, course0_.catalogid as catalogid4_0_, course0_.coursecode as coursecode4_0_, course0_.cover as cover4_0_, course0_.description as descript5_4_0_, course0_.iphone as iphone4_0_, course0_.remark as remark4_0_, course0_.period as period4_0_, course0_.charge as charge4_0_, course0_.name as name4_0_ from c_course_tab course0_ where course0_.courseid=?
[DEBUG 15:52:49.218] - Static select for entity com.ulearning.ulms.appbackend.model.User [NONE]: select user0_.userid as userid9_0_, user0_.aspid as aspid9_0_, user0_.name as name9_0_, user0_.catalogid as catalogid9_0_, user0_.password as password9_0_, user0_.token as token9_0_, user0_.loginname as loginname9_0_ from u_user_tab user0_ where user0_.userid=?
[DEBUG 15:52:49.218] - Static select for entity com.ulearning.ulms.appbackend.model.User [READ]: select user0_.userid as userid9_0_, user0_.aspid as aspid9_0_, user0_.name as name9_0_, user0_.catalogid as catalogid9_0_, user0_.password as password9_0_, user0_.token as token9_0_, user0_.loginname as loginname9_0_ from u_user_tab user0_ where user0_.userid=?
[DEBUG 15:52:49.218] - Static select for entity com.ulearning.ulms.appbackend.model.User [UPGRADE]: select user0_.userid as userid9_0_, user0_.aspid as aspid9_0_, user0_.name as name9_0_, user0_.catalogid as catalogid9_0_, user0_.password as password9_0_, user0_.token as token9_0_, user0_.loginname as loginname9_0_ from u_user_tab user0_ where user0_.userid=? for update
[DEBUG 15:52:49.218] - Static select for entity com.ulearning.ulms.appbackend.model.User [UPGRADE_NOWAIT]: select user0_.userid as userid9_0_, user0_.aspid as aspid9_0_, user0_.name as name9_0_, user0_.catalogid as catalogid9_0_, user0_.password as password9_0_, user0_.token as token9_0_, user0_.loginname as loginname9_0_ from u_user_tab user0_ where user0_.userid=? for update
[DEBUG 15:52:49.218] - Static select for entity com.ulearning.ulms.appbackend.model.User [FORCE]: select user0_.userid as userid9_0_, user0_.aspid as aspid9_0_, user0_.name as name9_0_, user0_.catalogid as catalogid9_0_, user0_.password as password9_0_, user0_.token as token9_0_, user0_.loginname as loginname9_0_ from u_user_tab user0_ where user0_.userid=? for update
[DEBUG 15:52:49.218] - Static select for entity com.ulearning.ulms.appbackend.model.User [PESSIMISTIC_READ]: select user0_.userid as userid9_0_, user0_.aspid as aspid9_0_, user0_.name as name9_0_, user0_.catalogid as catalogid9_0_, user0_.password as password9_0_, user0_.token as token9_0_, user0_.loginname as loginname9_0_ from u_user_tab user0_ where user0_.userid=? lock in share mode
[DEBUG 15:52:49.218] - Static select for entity com.ulearning.ulms.appbackend.model.User [PESSIMISTIC_WRITE]: select user0_.userid as userid9_0_, user0_.aspid as aspid9_0_, user0_.name as name9_0_, user0_.catalogid as catalogid9_0_, user0_.password as password9_0_, user0_.token as token9_0_, user0_.loginname as loginname9_0_ from u_user_tab user0_ where user0_.userid=? for update
[DEBUG 15:52:49.218] - Static select for entity com.ulearning.ulms.appbackend.model.User [PESSIMISTIC_FORCE_INCREMENT]: select user0_.userid as userid9_0_, user0_.aspid as aspid9_0_, user0_.name as name9_0_, user0_.catalogid as catalogid9_0_, user0_.password as password9_0_, user0_.token as token9_0_, user0_.loginname as loginname9_0_ from u_user_tab user0_ where user0_.userid=? for update
[DEBUG 15:52:49.218] - Static select for entity com.ulearning.ulms.appbackend.model.User [OPTIMISTIC]: select user0_.userid as userid9_0_, user0_.aspid as aspid9_0_, user0_.name as name9_0_, user0_.catalogid as catalogid9_0_, user0_.password as password9_0_, user0_.token as token9_0_, user0_.loginname as loginname9_0_ from u_user_tab user0_ where user0_.userid=?
[DEBUG 15:52:49.218] - Static select for entity com.ulearning.ulms.appbackend.model.User [OPTIMISTIC_FORCE_INCREMENT]: select user0_.userid as userid9_0_, user0_.aspid as aspid9_0_, user0_.name as name9_0_, user0_.catalogid as catalogid9_0_, user0_.password as password9_0_, user0_.token as token9_0_, user0_.loginname as loginname9_0_ from u_user_tab user0_ where user0_.userid=?
[DEBUG 15:52:49.218] - Static select for action ACTION_MERGE on entity com.ulearning.ulms.appbackend.model.User: select user0_.userid as userid9_0_, user0_.aspid as aspid9_0_, user0_.name as name9_0_, user0_.catalogid as catalogid9_0_, user0_.password as password9_0_, user0_.token as token9_0_, user0_.loginname as loginname9_0_ from u_user_tab user0_ where user0_.userid=?
[DEBUG 15:52:49.218] - Static select for action ACTION_REFRESH on entity com.ulearning.ulms.appbackend.model.User: select user0_.userid as userid9_0_, user0_.aspid as aspid9_0_, user0_.name as name9_0_, user0_.catalogid as catalogid9_0_, user0_.password as password9_0_, user0_.token as token9_0_, user0_.loginname as loginname9_0_ from u_user_tab user0_ where user0_.userid=?
[DEBUG 15:52:49.218] - Static select for entity com.ulearning.ulms.appbackend.model.Order [NONE]: select order0_.orderID as orderID6_0_, order0_.aspID as aspID6_0_, order0_.createTime as createTime6_0_, order0_.orderNo as orderNo6_0_, order0_.orgID as orgID6_0_, order0_.paymentStatus as paymentS6_6_0_, order0_.paymentType as paymentT7_6_0_, order0_.totalPrice as totalPrice6_0_, order0_.updateTime as updateTime6_0_, order0_.userID as userID6_0_, order0_.remark1 as remark11_6_0_ from c_order_tab order0_ where order0_.orderID=?
[DEBUG 15:52:49.234] - Static select for entity com.ulearning.ulms.appbackend.model.Order [READ]: select order0_.orderID as orderID6_0_, order0_.aspID as aspID6_0_, order0_.createTime as createTime6_0_, order0_.orderNo as orderNo6_0_, order0_.orgID as orgID6_0_, order0_.paymentStatus as paymentS6_6_0_, order0_.paymentType as paymentT7_6_0_, order0_.totalPrice as totalPrice6_0_, order0_.updateTime as updateTime6_0_, order0_.userID as userID6_0_, order0_.remark1 as remark11_6_0_ from c_order_tab order0_ where order0_.orderID=?
[DEBUG 15:52:49.234] - Static select for entity com.ulearning.ulms.appbackend.model.Order [UPGRADE]: select order0_.orderID as orderID6_0_, order0_.aspID as aspID6_0_, order0_.createTime as createTime6_0_, order0_.orderNo as orderNo6_0_, order0_.orgID as orgID6_0_, order0_.paymentStatus as paymentS6_6_0_, order0_.paymentType as paymentT7_6_0_, order0_.totalPrice as totalPrice6_0_, order0_.updateTime as updateTime6_0_, order0_.userID as userID6_0_, order0_.remark1 as remark11_6_0_ from c_order_tab order0_ where order0_.orderID=? for update
[DEBUG 15:52:49.234] - Static select for entity com.ulearning.ulms.appbackend.model.Order [UPGRADE_NOWAIT]: select order0_.orderID as orderID6_0_, order0_.aspID as aspID6_0_, order0_.createTime as createTime6_0_, order0_.orderNo as orderNo6_0_, order0_.orgID as orgID6_0_, order0_.paymentStatus as paymentS6_6_0_, order0_.paymentType as paymentT7_6_0_, order0_.totalPrice as totalPrice6_0_, order0_.updateTime as updateTime6_0_, order0_.userID as userID6_0_, order0_.remark1 as remark11_6_0_ from c_order_tab order0_ where order0_.orderID=? for update
[DEBUG 15:52:49.234] - Static select for entity com.ulearning.ulms.appbackend.model.Order [FORCE]: select order0_.orderID as orderID6_0_, order0_.aspID as aspID6_0_, order0_.createTime as createTime6_0_, order0_.orderNo as orderNo6_0_, order0_.orgID as orgID6_0_, order0_.paymentStatus as paymentS6_6_0_, order0_.paymentType as paymentT7_6_0_, order0_.totalPrice as totalPrice6_0_, order0_.updateTime as updateTime6_0_, order0_.userID as userID6_0_, order0_.remark1 as remark11_6_0_ from c_order_tab order0_ where order0_.orderID=? for update
[DEBUG 15:52:49.234] - Static select for entity com.ulearning.ulms.appbackend.model.Order [PESSIMISTIC_READ]: select order0_.orderID as orderID6_0_, order0_.aspID as aspID6_0_, order0_.createTime as createTime6_0_, order0_.orderNo as orderNo6_0_, order0_.orgID as orgID6_0_, order0_.paymentStatus as paymentS6_6_0_, order0_.paymentType as paymentT7_6_0_, order0_.totalPrice as totalPrice6_0_, order0_.updateTime as updateTime6_0_, order0_.userID as userID6_0_, order0_.remark1 as remark11_6_0_ from c_order_tab order0_ where order0_.orderID=? lock in share mode
[DEBUG 15:52:49.234] - Static select for entity com.ulearning.ulms.appbackend.model.Order [PESSIMISTIC_WRITE]: select order0_.orderID as orderID6_0_, order0_.aspID as aspID6_0_, order0_.createTime as createTime6_0_, order0_.orderNo as orderNo6_0_, order0_.orgID as orgID6_0_, order0_.paymentStatus as paymentS6_6_0_, order0_.paymentType as paymentT7_6_0_, order0_.totalPrice as totalPrice6_0_, order0_.updateTime as updateTime6_0_, order0_.userID as userID6_0_, order0_.remark1 as remark11_6_0_ from c_order_tab order0_ where order0_.orderID=? for update
[DEBUG 15:52:49.234] - Static select for entity com.ulearning.ulms.appbackend.model.Order [PESSIMISTIC_FORCE_INCREMENT]: select order0_.orderID as orderID6_0_, order0_.aspID as aspID6_0_, order0_.createTime as createTime6_0_, order0_.orderNo as orderNo6_0_, order0_.orgID as orgID6_0_, order0_.paymentStatus as paymentS6_6_0_, order0_.paymentType as paymentT7_6_0_, order0_.totalPrice as totalPrice6_0_, order0_.updateTime as updateTime6_0_, order0_.userID as userID6_0_, order0_.remark1 as remark11_6_0_ from c_order_tab order0_ where order0_.orderID=? for update
[DEBUG 15:52:49.234] - Static select for entity com.ulearning.ulms.appbackend.model.Order [OPTIMISTIC]: select order0_.orderID as orderID6_0_, order0_.aspID as aspID6_0_, order0_.createTime as createTime6_0_, order0_.orderNo as orderNo6_0_, order0_.orgID as orgID6_0_, order0_.paymentStatus as paymentS6_6_0_, order0_.paymentType as paymentT7_6_0_, order0_.totalPrice as totalPrice6_0_, order0_.updateTime as updateTime6_0_, order0_.userID as userID6_0_, order0_.remark1 as remark11_6_0_ from c_order_tab order0_ where order0_.orderID=?
[DEBUG 15:52:49.234] - Static select for entity com.ulearning.ulms.appbackend.model.Order [OPTIMISTIC_FORCE_INCREMENT]: select order0_.orderID as orderID6_0_, order0_.aspID as aspID6_0_, order0_.createTime as createTime6_0_, order0_.orderNo as orderNo6_0_, order0_.orgID as orgID6_0_, order0_.paymentStatus as paymentS6_6_0_, order0_.paymentType as paymentT7_6_0_, order0_.totalPrice as totalPrice6_0_, order0_.updateTime as updateTime6_0_, order0_.userID as userID6_0_, order0_.remark1 as remark11_6_0_ from c_order_tab order0_ where order0_.orderID=?
[DEBUG 15:52:49.234] - Static select for action ACTION_MERGE on entity com.ulearning.ulms.appbackend.model.Order: select order0_.orderID as orderID6_1_, order0_.aspID as aspID6_1_, order0_.createTime as createTime6_1_, order0_.orderNo as orderNo6_1_, order0_.orgID as orgID6_1_, order0_.paymentStatus as paymentS6_6_1_, order0_.paymentType as paymentT7_6_1_, order0_.totalPrice as totalPrice6_1_, order0_.updateTime as updateTime6_1_, order0_.userID as userID6_1_, order0_.remark1 as remark11_6_1_, orderdetai1_.orderID as orderID6_3_, orderdetai1_.orderDetailID as orderDet1_7_3_, orderdetai1_.orderDetailID as orderDet1_7_0_, orderdetai1_.createTime as createTime7_0_, orderdetai1_.discountPrice as discount3_7_0_, orderdetai1_.itemCount as itemCount7_0_, orderdetai1_.itemPrice as itemPrice7_0_, orderdetai1_.orderID as orderID7_0_, orderdetai1_.remark1 as remark6_7_0_, orderdetai1_.relationID as relationID7_0_, orderdetai1_.relationName as relation8_7_0_, orderdetai1_.remark2 as remark9_7_0_, orderdetai1_.updateTime as updateTime7_0_ from c_order_tab order0_ left outer join c_orderdetail_tab orderdetai1_ on order0_.orderID=orderdetai1_.orderID where order0_.orderID=?
[DEBUG 15:52:49.234] - Static select for action ACTION_REFRESH on entity com.ulearning.ulms.appbackend.model.Order: select order0_.orderID as orderID6_1_, order0_.aspID as aspID6_1_, order0_.createTime as createTime6_1_, order0_.orderNo as orderNo6_1_, order0_.orgID as orgID6_1_, order0_.paymentStatus as paymentS6_6_1_, order0_.paymentType as paymentT7_6_1_, order0_.totalPrice as totalPrice6_1_, order0_.updateTime as updateTime6_1_, order0_.userID as userID6_1_, order0_.remark1 as remark11_6_1_, orderdetai1_.orderID as orderID6_3_, orderdetai1_.orderDetailID as orderDet1_7_3_, orderdetai1_.orderDetailID as orderDet1_7_0_, orderdetai1_.createTime as createTime7_0_, orderdetai1_.discountPrice as discount3_7_0_, orderdetai1_.itemCount as itemCount7_0_, orderdetai1_.itemPrice as itemPrice7_0_, orderdetai1_.orderID as orderID7_0_, orderdetai1_.remark1 as remark6_7_0_, orderdetai1_.relationID as relationID7_0_, orderdetai1_.relationName as relation8_7_0_, orderdetai1_.remark2 as remark9_7_0_, orderdetai1_.updateTime as updateTime7_0_ from c_order_tab order0_ left outer join c_orderdetail_tab orderdetai1_ on order0_.orderID=orderdetai1_.orderID where order0_.orderID=?
[DEBUG 15:52:49.249] - Static select for one-to-many com.ulearning.ulms.appbackend.model.Order.orderDetails: select orderdetai0_.orderID as orderID6_1_, orderdetai0_.orderDetailID as orderDet1_7_1_, orderdetai0_.orderDetailID as orderDet1_7_0_, orderdetai0_.createTime as createTime7_0_, orderdetai0_.discountPrice as discount3_7_0_, orderdetai0_.itemCount as itemCount7_0_, orderdetai0_.itemPrice as itemPrice7_0_, orderdetai0_.orderID as orderID7_0_, orderdetai0_.remark1 as remark6_7_0_, orderdetai0_.relationID as relationID7_0_, orderdetai0_.relationName as relation8_7_0_, orderdetai0_.remark2 as remark9_7_0_, orderdetai0_.updateTime as updateTime7_0_ from c_orderdetail_tab orderdetai0_ where orderdetai0_.orderID=?
[DEBUG 15:52:49.249] - Static select for one-to-many com.ulearning.ulms.appbackend.model.Catalog.courseList: select courselist0_.catalogid as catalogid2_1_, courselist0_.courseid as courseid4_1_, courselist0_.courseid as courseid4_0_, courselist0_.logopic as logopic4_0_, courselist0_.catalogid as catalogid4_0_, courselist0_.coursecode as coursecode4_0_, courselist0_.cover as cover4_0_, courselist0_.description as descript5_4_0_, courselist0_.iphone as iphone4_0_, courselist0_.remark as remark4_0_, courselist0_.period as period4_0_, courselist0_.charge as charge4_0_, courselist0_.name as name4_0_ from c_course_tab courselist0_ where courselist0_.catalogid=?
[DEBUG 15:52:49.249] - Initializing SessionFactoryRegistry : org.hibernate.internal.SessionFactoryRegistry@74ac576f
[DEBUG 15:52:49.249] - Registering SessionFactory: ab4ba63d-02ac-4916-b95e-06d2b1879b09 (&lt;unnamed&gt;)
[DEBUG 15:52:49.249] - Not binding SessionFactory to JNDI, no JNDI name configured
[DEBUG 15:52:49.249] - Instantiated session factory
[DEBUG 15:52:49.249] - Checking 0 named HQL queries
[DEBUG 15:52:49.249] - Checking 0 named SQL queries
[DEBUG 15:52:49.265] - Statistics initialized [enabled=false]
[DEBUG 15:52:49.265] - Returning cached instance of singleton bean &apos;org.springframework.aop.support.DefaultBeanFactoryPointcutAdvisor#0&apos;
[DEBUG 15:52:49.265] - Returning cached instance of singleton bean &apos;org.springframework.aop.support.DefaultBeanFactoryPointcutAdvisor#0&apos;
[DEBUG 15:52:49.296] - Finished creating instance of bean &apos;sessionFactory&apos;
[DEBUG 15:52:49.296] - Returning cached instance of singleton bean &apos;org.springframework.aop.support.DefaultBeanFactoryPointcutAdvisor#0&apos;
[DEBUG 15:52:49.296] - Returning cached instance of singleton bean &apos;org.springframework.aop.support.DefaultBeanFactoryPointcutAdvisor#0&apos;
[DEBUG 15:52:49.374] - Returning cached instance of singleton bean &apos;org.springframework.aop.support.DefaultBeanFactoryPointcutAdvisor#0&apos;
[DEBUG 15:52:49.374] - Returning cached instance of singleton bean &apos;org.springframework.aop.support.DefaultBeanFactoryPointcutAdvisor#0&apos;
[DEBUG 15:52:49.374] - Finished creating instance of bean &apos;apnsDaoImpl&apos;
[DEBUG 15:52:49.374] - Creating shared instance of singleton bean &apos;bookMarkDaoImpl&apos;
[DEBUG 15:52:49.374] - Creating instance of bean &apos;bookMarkDaoImpl&apos;
[DEBUG 15:52:49.374] - Returning cached instance of singleton bean &apos;org.springframework.aop.support.DefaultBeanFactoryPointcutAdvisor#0&apos;
[DEBUG 15:52:49.374] - Found injected element on class [com.ulearning.ulms.appbackend.dao.impl.BookMarkDaoImpl]: AutowiredMethodElement for public void com.ulearning.ulms.appbackend.dao.impl.DaoImpl.setSessionFactory(org.hibernate.SessionFactory)
[DEBUG 15:52:49.374] - Eagerly caching bean &apos;bookMarkDaoImpl&apos; to allow for resolving potential circular references
[DEBUG 15:52:49.390] - Processing injected method of bean &apos;bookMarkDaoImpl&apos;: AutowiredMethodElement for public void com.ulearning.ulms.appbackend.dao.impl.DaoImpl.setSessionFactory(org.hibernate.SessionFactory)
[DEBUG 15:52:49.390] - Returning cached instance of singleton bean &apos;sessionFactory&apos;
[DEBUG 15:52:49.390] - Returning cached instance of singleton bean &apos;org.springframework.aop.support.DefaultBeanFactoryPointcutAdvisor#0&apos;
[DEBUG 15:52:49.390] - Returning cached instance of singleton bean &apos;org.springframework.aop.support.DefaultBeanFactoryPointcutAdvisor#0&apos;
[DEBUG 15:52:49.390] - Finished creating instance of bean &apos;bookMarkDaoImpl&apos;
[DEBUG 15:52:49.390] - Creating shared instance of singleton bean &apos;catalogDaoImpl&apos;
[DEBUG 15:52:49.390] - Creating instance of bean &apos;catalogDaoImpl&apos;
[DEBUG 15:52:49.390] - Returning cached instance of singleton bean &apos;org.springframework.aop.support.DefaultBeanFactoryPointcutAdvisor#0&apos;
[DEBUG 15:52:49.390] - Found injected element on class [com.ulearning.ulms.appbackend.dao.impl.CatalogDaoImpl]: AutowiredMethodElement for public void com.ulearning.ulms.appbackend.dao.impl.DaoImpl.setSessionFactory(org.hibernate.SessionFactory)
[DEBUG 15:52:49.390] - Eagerly caching bean &apos;catalogDaoImpl&apos; to allow for resolving potential circular references
[DEBUG 15:52:49.390] - Processing injected method of bean &apos;catalogDaoImpl&apos;: AutowiredMethodElement for public void com.ulearning.ulms.appbackend.dao.impl.DaoImpl.setSessionFactory(org.hibernate.SessionFactory)
[DEBUG 15:52:49.390] - Returning cached instance of singleton bean &apos;sessionFactory&apos;
[DEBUG 15:52:49.390] - Returning cached instance of singleton bean &apos;org.springframework.aop.support.DefaultBeanFactoryPointcutAdvisor#0&apos;
[DEBUG 15:52:49.390] - Returning cached instance of singleton bean &apos;org.springframework.aop.support.DefaultBeanFactoryPointcutAdvisor#0&apos;
[DEBUG 15:52:49.405] - Finished creating instance of bean &apos;catalogDaoImpl&apos;
[DEBUG 15:52:49.405] - Creating shared instance of singleton bean &apos;commentDaoImpl&apos;
[DEBUG 15:52:49.405] - Creating instance of bean &apos;commentDaoImpl&apos;
[DEBUG 15:52:49.405] - Returning cached instance of singleton bean &apos;org.springframework.aop.support.DefaultBeanFactoryPointcutAdvisor#0&apos;
[DEBUG 15:52:49.405] - Found injected element on class [com.ulearning.ulms.appbackend.dao.impl.CommentDaoImpl]: AutowiredMethodElement for public void com.ulearning.ulms.appbackend.dao.impl.DaoImpl.setSessionFactory(org.hibernate.SessionFactory)
[DEBUG 15:52:49.405] - Found injected element on class [com.ulearning.ulms.appbackend.dao.impl.CommentDaoImpl]: AutowiredFieldElement for private org.springframework.jdbc.core.JdbcTemplate com.ulearning.ulms.appbackend.dao.impl.CommentDaoImpl.jdbcTemplate
[DEBUG 15:52:49.405] - Eagerly caching bean &apos;commentDaoImpl&apos; to allow for resolving potential circular references
[DEBUG 15:52:49.421] - Processing injected method of bean &apos;commentDaoImpl&apos;: AutowiredMethodElement for public void com.ulearning.ulms.appbackend.dao.impl.DaoImpl.setSessionFactory(org.hibernate.SessionFactory)
[DEBUG 15:52:49.421] - Returning cached instance of singleton bean &apos;sessionFactory&apos;
[DEBUG 15:52:49.421] - Processing injected method of bean &apos;commentDaoImpl&apos;: AutowiredFieldElement for private org.springframework.jdbc.core.JdbcTemplate com.ulearning.ulms.appbackend.dao.impl.CommentDaoImpl.jdbcTemplate
[DEBUG 15:52:49.421] - Creating shared instance of singleton bean &apos;jdbcTemplate&apos;
[DEBUG 15:52:49.421] - Creating instance of bean &apos;jdbcTemplate&apos;
[DEBUG 15:52:49.421] - Returning cached instance of singleton bean &apos;org.springframework.aop.support.DefaultBeanFactoryPointcutAdvisor#0&apos;
[DEBUG 15:52:49.483] - Returning cached instance of singleton bean &apos;dataSource&apos;
[DEBUG 15:52:49.515] - Eagerly caching bean &apos;jdbcTemplate&apos; to allow for resolving potential circular references
[DEBUG 15:52:49.530] - Invoking afterPropertiesSet() on bean with name &apos;jdbcTemplate&apos;
[DEBUG 15:52:49.530] - Returning cached instance of singleton bean &apos;org.springframework.aop.support.DefaultBeanFactoryPointcutAdvisor#0&apos;
[DEBUG 15:52:49.530] - Returning cached instance of singleton bean &apos;org.springframework.aop.support.DefaultBeanFactoryPointcutAdvisor#0&apos;
[DEBUG 15:52:49.951] - Finished creating instance of bean &apos;jdbcTemplate&apos;
[DEBUG 15:52:49.951] - Autowiring by type from bean name &apos;commentDaoImpl&apos; to bean named &apos;jdbcTemplate&apos;
[DEBUG 15:52:49.951] - Returning cached instance of singleton bean &apos;org.springframework.aop.support.DefaultBeanFactoryPointcutAdvisor#0&apos;
[DEBUG 15:52:49.951] - Returning cached instance of singleton bean &apos;org.springframework.aop.support.DefaultBeanFactoryPointcutAdvisor#0&apos;
[DEBUG 15:52:49.951] - Finished creating instance of bean &apos;commentDaoImpl&apos;
[DEBUG 15:52:49.951] - Creating shared instance of singleton bean &apos;courseDaoImpl&apos;
[DEBUG 15:52:49.951] - Creating instance of bean &apos;courseDaoImpl&apos;
[DEBUG 15:52:49.951] - Returning cached instance of singleton bean &apos;org.springframework.aop.support.DefaultBeanFactoryPointcutAdvisor#0&apos;
[DEBUG 15:52:49.951] - Found injected element on class [com.ulearning.ulms.appbackend.dao.impl.CourseDaoImpl]: AutowiredMethodElement for public void com.ulearning.ulms.appbackend.dao.impl.DaoImpl.setSessionFactory(org.hibernate.SessionFactory)
[DEBUG 15:52:49.951] - Eagerly caching bean &apos;courseDaoImpl&apos; to allow for resolving potential circular references
[DEBUG 15:52:49.951] - Processing injected method of bean &apos;courseDaoImpl&apos;: AutowiredMethodElement for public void com.ulearning.ulms.appbackend.dao.impl.DaoImpl.setSessionFactory(org.hibernate.SessionFactory)
[DEBUG 15:52:49.951] - Returning cached instance of singleton bean &apos;sessionFactory&apos;
[DEBUG 15:52:49.951] - Returning cached instance of singleton bean &apos;org.springframework.aop.support.DefaultBeanFactoryPointcutAdvisor#0&apos;
[DEBUG 15:52:49.951] - Returning cached instance of singleton bean &apos;org.springframework.aop.support.DefaultBeanFactoryPointcutAdvisor#0&apos;
[DEBUG 15:52:49.951] - Finished creating instance of bean &apos;courseDaoImpl&apos;
[DEBUG 15:52:49.951] - Creating shared instance of singleton bean &apos;noteDaoImpl&apos;
[DEBUG 15:52:49.951] - Creating instance of bean &apos;noteDaoImpl&apos;
[DEBUG 15:52:49.951] - Returning cached instance of singleton bean &apos;org.springframework.aop.support.DefaultBeanFactoryPointcutAdvisor#0&apos;
[DEBUG 15:52:49.967] - Found injected element on class [com.ulearning.ulms.appbackend.dao.impl.NoteDaoImpl]: AutowiredMethodElement for public void com.ulearning.ulms.appbackend.dao.impl.DaoImpl.setSessionFactory(org.hibernate.SessionFactory)
[DEBUG 15:52:49.967] - Eagerly caching bean &apos;noteDaoImpl&apos; to allow for resolving potential circular references
[DEBUG 15:52:49.967] - Processing injected method of bean &apos;noteDaoImpl&apos;: AutowiredMethodElement for public void com.ulearning.ulms.appbackend.dao.impl.DaoImpl.setSessionFactory(org.hibernate.SessionFactory)
[DEBUG 15:52:49.967] - Returning cached instance of singleton bean &apos;sessionFactory&apos;
[DEBUG 15:52:49.967] - Returning cached instance of singleton bean &apos;org.springframework.aop.support.DefaultBeanFactoryPointcutAdvisor#0&apos;
[DEBUG 15:52:49.967] - Returning cached instance of singleton bean &apos;org.springframework.aop.support.DefaultBeanFactoryPointcutAdvisor#0&apos;
[DEBUG 15:52:49.967] - Finished creating instance of bean &apos;noteDaoImpl&apos;
[DEBUG 15:52:49.967] - Creating shared instance of singleton bean &apos;orderDaoImpl&apos;
[DEBUG 15:52:49.967] - Creating instance of bean &apos;orderDaoImpl&apos;
[DEBUG 15:52:49.967] - Returning cached instance of singleton bean &apos;org.springframework.aop.support.DefaultBeanFactoryPointcutAdvisor#0&apos;
[DEBUG 15:52:49.967] - Found injected element on class [com.ulearning.ulms.appbackend.dao.impl.OrderDaoImpl]: AutowiredMethodElement for public void com.ulearning.ulms.appbackend.dao.impl.DaoImpl.setSessionFactory(org.hibernate.SessionFactory)
[DEBUG 15:52:49.967] - Found injected element on class [com.ulearning.ulms.appbackend.dao.impl.OrderDaoImpl]: AutowiredFieldElement for private org.springframework.jdbc.core.JdbcTemplate com.ulearning.ulms.appbackend.dao.impl.OrderDaoImpl.jdbcTemplate
[DEBUG 15:52:49.967] - Eagerly caching bean &apos;orderDaoImpl&apos; to allow for resolving potential circular references
[DEBUG 15:52:49.967] - Processing injected method of bean &apos;orderDaoImpl&apos;: AutowiredMethodElement for public void com.ulearning.ulms.appbackend.dao.impl.DaoImpl.setSessionFactory(org.hibernate.SessionFactory)
[DEBUG 15:52:49.967] - Returning cached instance of singleton bean &apos;sessionFactory&apos;
[DEBUG 15:52:49.967] - Processing injected method of bean &apos;orderDaoImpl&apos;: AutowiredFieldElement for private org.springframework.jdbc.core.JdbcTemplate com.ulearning.ulms.appbackend.dao.impl.OrderDaoImpl.jdbcTemplate
[DEBUG 15:52:49.967] - Returning cached instance of singleton bean &apos;jdbcTemplate&apos;
[DEBUG 15:52:49.983] - Autowiring by type from bean name &apos;orderDaoImpl&apos; to bean named &apos;jdbcTemplate&apos;
[DEBUG 15:52:49.983] - Returning cached instance of singleton bean &apos;org.springframework.aop.support.DefaultBeanFactoryPointcutAdvisor#0&apos;
[DEBUG 15:52:49.983] - Returning cached instance of singleton bean &apos;org.springframework.aop.support.DefaultBeanFactoryPointcutAdvisor#0&apos;
[DEBUG 15:52:49.983] - Finished creating instance of bean &apos;orderDaoImpl&apos;
[DEBUG 15:52:49.983] - Creating shared instance of singleton bean &apos;SCODaoImpl&apos;
[DEBUG 15:52:49.983] - Creating instance of bean &apos;SCODaoImpl&apos;
[DEBUG 15:52:49.983] - Returning cached instance of singleton bean &apos;org.springframework.aop.support.DefaultBeanFactoryPointcutAdvisor#0&apos;
[DEBUG 15:52:49.983] - Found injected element on class [com.ulearning.ulms.appbackend.dao.impl.SCODaoImpl]: AutowiredMethodElement for public void com.ulearning.ulms.appbackend.dao.impl.DaoImpl.setSessionFactory(org.hibernate.SessionFactory)
[DEBUG 15:52:49.983] - Eagerly caching bean &apos;SCODaoImpl&apos; to allow for resolving potential circular references
[DEBUG 15:52:49.983] - Processing injected method of bean &apos;SCODaoImpl&apos;: AutowiredMethodElement for public void com.ulearning.ulms.appbackend.dao.impl.DaoImpl.setSessionFactory(org.hibernate.SessionFactory)
[DEBUG 15:52:49.983] - Returning cached instance of singleton bean &apos;sessionFactory&apos;
[DEBUG 15:52:49.983] - Returning cached instance of singleton bean &apos;org.springframework.aop.support.DefaultBeanFactoryPointcutAdvisor#0&apos;
[DEBUG 15:52:49.983] - Returning cached instance of singleton bean &apos;org.springframework.aop.support.DefaultBeanFactoryPointcutAdvisor#0&apos;
[DEBUG 15:52:49.983] - Finished creating instance of bean &apos;SCODaoImpl&apos;
[DEBUG 15:52:49.983] - Creating shared instance of singleton bean &apos;userCourseDaoImpl&apos;
[DEBUG 15:52:49.983] - Creating instance of bean &apos;userCourseDaoImpl&apos;
[DEBUG 15:52:49.983] - Returning cached instance of singleton bean &apos;org.springframework.aop.support.DefaultBeanFactoryPointcutAdvisor#0&apos;
[DEBUG 15:52:49.983] - Found injected element on class [com.ulearning.ulms.appbackend.dao.impl.UserCourseDaoImpl]: AutowiredMethodElement for public void com.ulearning.ulms.appbackend.dao.impl.DaoImpl.setSessionFactory(org.hibernate.SessionFactory)
[DEBUG 15:52:49.983] - Eagerly caching bean &apos;userCourseDaoImpl&apos; to allow for resolving potential circular references
[DEBUG 15:52:49.998] - Processing injected method of bean &apos;userCourseDaoImpl&apos;: AutowiredMethodElement for public void com.ulearning.ulms.appbackend.dao.impl.DaoImpl.setSessionFactory(org.hibernate.SessionFactory)
[DEBUG 15:52:49.998] - Returning cached instance of singleton bean &apos;sessionFactory&apos;
[DEBUG 15:52:49.998] - Returning cached instance of singleton bean &apos;org.springframework.aop.support.DefaultBeanFactoryPointcutAdvisor#0&apos;
[DEBUG 15:52:49.998] - Returning cached instance of singleton bean &apos;org.springframework.aop.support.DefaultBeanFactoryPointcutAdvisor#0&apos;
[DEBUG 15:52:49.998] - Finished creating instance of bean &apos;userCourseDaoImpl&apos;
[DEBUG 15:52:49.998] - Creating shared instance of singleton bean &apos;userDaoImpl&apos;
[DEBUG 15:52:49.998] - Creating instance of bean &apos;userDaoImpl&apos;
[DEBUG 15:52:49.998] - Returning cached instance of singleton bean &apos;org.springframework.aop.support.DefaultBeanFactoryPointcutAdvisor#0&apos;
[DEBUG 15:52:49.998] - Found injected element on class [com.ulearning.ulms.appbackend.dao.impl.UserDaoImpl]: AutowiredMethodElement for public void com.ulearning.ulms.appbackend.dao.impl.DaoImpl.setSessionFactory(org.hibernate.SessionFactory)
[DEBUG 15:52:49.998] - Eagerly caching bean &apos;userDaoImpl&apos; to allow for resolving potential circular references
[DEBUG 15:52:49.998] - Processing injected method of bean &apos;userDaoImpl&apos;: AutowiredMethodElement for public void com.ulearning.ulms.appbackend.dao.impl.DaoImpl.setSessionFactory(org.hibernate.SessionFactory)
[DEBUG 15:52:49.998] - Returning cached instance of singleton bean &apos;sessionFactory&apos;
[DEBUG 15:52:49.998] - Returning cached instance of singleton bean &apos;org.springframework.aop.support.DefaultBeanFactoryPointcutAdvisor#0&apos;
[DEBUG 15:52:49.998] - Returning cached instance of singleton bean &apos;org.springframework.aop.support.DefaultBeanFactoryPointcutAdvisor#0&apos;
[DEBUG 15:52:49.998] - Finished creating instance of bean &apos;userDaoImpl&apos;
[DEBUG 15:52:49.998] - Creating shared instance of singleton bean &apos;OAuthTokenFilter&apos;
[DEBUG 15:52:49.998] - Creating instance of bean &apos;OAuthTokenFilter&apos;
[DEBUG 15:52:49.998] - Returning cached instance of singleton bean &apos;org.springframework.aop.support.DefaultBeanFactoryPointcutAdvisor#0&apos;
[DEBUG 15:52:50.014] - Found injected element on class [com.ulearning.ulms.appbackend.oauth.OAuthTokenFilter]: AutowiredFieldElement for private com.ulearning.ulms.appbackend.oauth.TokenValidator com.ulearning.ulms.appbackend.oauth.OAuthTokenFilter.tokenValidator
[DEBUG 15:52:50.014] - Eagerly caching bean &apos;OAuthTokenFilter&apos; to allow for resolving potential circular references
[DEBUG 15:52:50.014] - Processing injected method of bean &apos;OAuthTokenFilter&apos;: AutowiredFieldElement for private com.ulearning.ulms.appbackend.oauth.TokenValidator com.ulearning.ulms.appbackend.oauth.OAuthTokenFilter.tokenValidator
[DEBUG 15:52:50.014] - Creating shared instance of singleton bean &apos;tokenValidator&apos;
[DEBUG 15:52:50.014] - Creating instance of bean &apos;tokenValidator&apos;
[DEBUG 15:52:50.014] - Returning cached instance of singleton bean &apos;org.springframework.aop.support.DefaultBeanFactoryPointcutAdvisor#0&apos;
[DEBUG 15:52:50.014] - Found injected element on class [com.ulearning.ulms.appbackend.oauth.TokenValidator]: AutowiredFieldElement for private com.ulearning.ulms.appbackend.util.support.MemcachedTemplate com.ulearning.ulms.appbackend.oauth.TokenValidator.memcachedTemplate
[DEBUG 15:52:50.014] - Found injected element on class [com.ulearning.ulms.appbackend.oauth.TokenValidator]: AutowiredFieldElement for private com.ulearning.ulms.appbackend.service.UserManager com.ulearning.ulms.appbackend.oauth.TokenValidator.manager
[DEBUG 15:52:50.014] - Eagerly caching bean &apos;tokenValidator&apos; to allow for resolving potential circular references
[DEBUG 15:52:50.014] - Processing injected method of bean &apos;tokenValidator&apos;: AutowiredFieldElement for private com.ulearning.ulms.appbackend.util.support.MemcachedTemplate com.ulearning.ulms.appbackend.oauth.TokenValidator.memcachedTemplate
[DEBUG 15:52:50.014] - Creating shared instance of singleton bean &apos;memcachedClient&apos;
[DEBUG 15:52:50.014] - Creating instance of bean &apos;memcachedClient&apos;
[DEBUG 15:52:50.014] - Creating shared instance of singleton bean &apos;memcachedClientBuilder&apos;
[DEBUG 15:52:50.014] - Creating instance of bean &apos;memcachedClientBuilder&apos;
[DEBUG 15:52:50.014] - Returning cached instance of singleton bean &apos;org.springframework.aop.support.DefaultBeanFactoryPointcutAdvisor#0&apos;
[DEBUG 15:52:50.014] - Creating instance of bean &apos;java.net.InetSocketAddress#3b49a794&apos;
[DEBUG 15:52:50.014] - Returning cached instance of singleton bean &apos;org.springframework.aop.support.DefaultBeanFactoryPointcutAdvisor#0&apos;
[DEBUG 15:52:50.029] - Initializing new StandardEnvironment
[DEBUG 15:52:50.029] - Adding [systemProperties] PropertySource with lowest search precedence
[DEBUG 15:52:50.029] - Adding [systemEnvironment] PropertySource with lowest search precedence
[DEBUG 15:52:50.029] - Initialized StandardEnvironment with PropertySources [systemProperties,systemEnvironment]
[DEBUG 15:52:50.029] - Initializing new StandardEnvironment
[DEBUG 15:52:50.029] - Adding [systemProperties] PropertySource with lowest search precedence
[DEBUG 15:52:50.029] - Adding [systemEnvironment] PropertySource with lowest search precedence
[DEBUG 15:52:50.029] - Initialized StandardEnvironment with PropertySources [systemProperties,systemEnvironment]
[DEBUG 15:52:50.029] - Initializing new StandardEnvironment
[DEBUG 15:52:50.029] - Adding [systemProperties] PropertySource with lowest search precedence
[DEBUG 15:52:50.029] - Adding [systemEnvironment] PropertySource with lowest search precedence
[DEBUG 15:52:50.029] - Initialized StandardEnvironment with PropertySources [systemProperties,systemEnvironment]
[DEBUG 15:52:50.029] - Initializing new StandardEnvironment
[DEBUG 15:52:50.029] - Adding [systemProperties] PropertySource with lowest search precedence
[DEBUG 15:52:50.029] - Adding [systemEnvironment] PropertySource with lowest search precedence
[DEBUG 15:52:50.029] - Initialized StandardEnvironment with PropertySources [systemProperties,systemEnvironment]
[DEBUG 15:52:50.029] - Initializing new StandardEnvironment
[DEBUG 15:52:50.029] - Adding [systemProperties] PropertySource with lowest search precedence
[DEBUG 15:52:50.029] - Adding [systemEnvironment] PropertySource with lowest search precedence
[DEBUG 15:52:50.029] - Initialized StandardEnvironment with PropertySources [systemProperties,systemEnvironment]
[DEBUG 15:52:50.029] - No property editor [java.net.InetAddressEditor] found for type java.net.InetAddress according to &apos;Editor&apos; suffix convention
[DEBUG 15:52:50.029] - Returning cached instance of singleton bean &apos;org.springframework.aop.support.DefaultBeanFactoryPointcutAdvisor#0&apos;
[DEBUG 15:52:50.029] - Returning cached instance of singleton bean &apos;org.springframework.aop.support.DefaultBeanFactoryPointcutAdvisor#0&apos;
[DEBUG 15:52:50.029] - Finished creating instance of bean &apos;java.net.InetSocketAddress#3b49a794&apos;
[DEBUG 15:52:50.029] - Initializing new StandardEnvironment
[DEBUG 15:52:50.029] - Adding [systemProperties] PropertySource with lowest search precedence
[DEBUG 15:52:50.029] - Adding [systemEnvironment] PropertySource with lowest search precedence
[DEBUG 15:52:50.029] - Initialized StandardEnvironment with PropertySources [systemProperties,systemEnvironment]
[DEBUG 15:52:50.045] - Initializing new StandardEnvironment
[DEBUG 15:52:50.045] - Adding [systemProperties] PropertySource with lowest search precedence
[DEBUG 15:52:50.045] - Adding [systemEnvironment] PropertySource with lowest search precedence
[DEBUG 15:52:50.045] - Initialized StandardEnvironment with PropertySources [systemProperties,systemEnvironment]
[DEBUG 15:52:50.045] - Initializing new StandardEnvironment
[DEBUG 15:52:50.045] - Adding [systemProperties] PropertySource with lowest search precedence
[DEBUG 15:52:50.045] - Adding [systemEnvironment] PropertySource with lowest search precedence
[DEBUG 15:52:50.045] - Initialized StandardEnvironment with PropertySources [systemProperties,systemEnvironment]
[DEBUG 15:52:50.045] - Initializing new StandardEnvironment
[DEBUG 15:52:50.045] - Adding [systemProperties] PropertySource with lowest search precedence
[DEBUG 15:52:50.045] - Adding [systemEnvironment] PropertySource with lowest search precedence
[DEBUG 15:52:50.045] - Initialized StandardEnvironment with PropertySources [systemProperties,systemEnvironment]
[DEBUG 15:52:50.045] - Initializing new StandardEnvironment
[DEBUG 15:52:50.045] - Adding [systemProperties] PropertySource with lowest search precedence
[DEBUG 15:52:50.045] - Adding [systemEnvironment] PropertySource with lowest search precedence
[DEBUG 15:52:50.045] - Initialized StandardEnvironment with PropertySources [systemProperties,systemEnvironment]
[DEBUG 15:52:50.045] - No property editor [java.util.MapEditor] found for type java.util.Map according to &apos;Editor&apos; suffix convention
[DEBUG 15:52:50.154] - Checking for update...
[DEBUG 15:52:50.154] - Eagerly caching bean &apos;memcachedClientBuilder&apos; to allow for resolving potential circular references
[DEBUG 15:52:50.170] - Returning cached instance of singleton bean &apos;org.springframework.aop.support.DefaultBeanFactoryPointcutAdvisor#0&apos;
[DEBUG 15:52:50.170] - Returning cached instance of singleton bean &apos;org.springframework.aop.support.DefaultBeanFactoryPointcutAdvisor#0&apos;
[DEBUG 15:52:50.170] - Finished creating instance of bean &apos;memcachedClientBuilder&apos;
[DEBUG 15:52:50.373] - Eagerly caching bean &apos;memcachedClient&apos; to allow for resolving potential circular references
[DEBUG 15:52:50.388] - Returning cached instance of singleton bean &apos;org.springframework.aop.support.DefaultBeanFactoryPointcutAdvisor#0&apos;
[DEBUG 15:52:50.388] - Returning cached instance of singleton bean &apos;org.springframework.aop.support.DefaultBeanFactoryPointcutAdvisor#0&apos;
[DEBUG 15:52:50.451] - Finished creating instance of bean &apos;memcachedClient&apos;
[DEBUG 15:52:50.451] - Creating shared instance of singleton bean &apos;memcachedTemplate&apos;
[DEBUG 15:52:50.451] - Creating instance of bean &apos;memcachedTemplate&apos;
[DEBUG 15:52:50.451] - Returning cached instance of singleton bean &apos;org.springframework.aop.support.DefaultBeanFactoryPointcutAdvisor#0&apos;
[DEBUG 15:52:50.451] - Eagerly caching bean &apos;memcachedTemplate&apos; to allow for resolving potential circular references
[DEBUG 15:52:50.451] - Returning cached instance of singleton bean &apos;memcachedClient&apos;
[DEBUG 15:52:50.451] - Returning cached instance of singleton bean &apos;org.springframework.aop.support.DefaultBeanFactoryPointcutAdvisor#0&apos;
[DEBUG 15:52:50.451] - Returning cached instance of singleton bean &apos;org.springframework.aop.support.DefaultBeanFactoryPointcutAdvisor#0&apos;
[DEBUG 15:52:50.451] - Finished creating instance of bean &apos;memcachedTemplate&apos;
[DEBUG 15:52:50.451] - Autowiring by type from bean name &apos;tokenValidator&apos; to bean named &apos;memcachedTemplate&apos;
[DEBUG 15:52:50.451] - Processing injected method of bean &apos;tokenValidator&apos;: AutowiredFieldElement for private com.ulearning.ulms.appbackend.service.UserManager com.ulearning.ulms.appbackend.oauth.TokenValidator.manager
[DEBUG 15:52:50.451] - Creating shared instance of singleton bean &apos;userManager&apos;
[DEBUG 15:52:50.451] - Creating instance of bean &apos;userManager&apos;
[DEBUG 15:52:50.451] - Returning cached instance of singleton bean &apos;org.springframework.aop.support.DefaultBeanFactoryPointcutAdvisor#0&apos;
[DEBUG 15:52:50.451] - Found injected element on class [com.ulearning.ulms.appbackend.service.UserManager]: AutowiredFieldElement for private com.ulearning.ulms.appbackend.dao.UserDao com.ulearning.ulms.appbackend.service.UserManager.userDao
[DEBUG 15:52:50.451] - Found injected element on class [com.ulearning.ulms.appbackend.service.UserManager]: AutowiredFieldElement for private com.ulearning.ulms.appbackend.oauth.TokenGenerator com.ulearning.ulms.appbackend.service.UserManager.tokenGenerator
[DEBUG 15:52:50.451] - Found injected element on class [com.ulearning.ulms.appbackend.service.UserManager]: AutowiredFieldElement for private com.ulearning.ulms.appbackend.oauth.TokenStorage com.ulearning.ulms.appbackend.service.UserManager.tokenStorage
[DEBUG 15:52:50.451] - Eagerly caching bean &apos;userManager&apos; to allow for resolving potential circular references
[DEBUG 15:52:50.451] - Processing injected method of bean &apos;userManager&apos;: AutowiredFieldElement for private com.ulearning.ulms.appbackend.dao.UserDao com.ulearning.ulms.appbackend.service.UserManager.userDao
[DEBUG 15:52:50.451] - Returning cached instance of singleton bean &apos;userDaoImpl&apos;
[DEBUG 15:52:50.451] - Autowiring by type from bean name &apos;userManager&apos; to bean named &apos;userDaoImpl&apos;
[DEBUG 15:52:50.451] - Processing injected method of bean &apos;userManager&apos;: AutowiredFieldElement for private com.ulearning.ulms.appbackend.oauth.TokenGenerator com.ulearning.ulms.appbackend.service.UserManager.tokenGenerator
[DEBUG 15:52:50.466] - Creating shared instance of singleton bean &apos;tokenGenerator&apos;
[DEBUG 15:52:50.466] - Creating instance of bean &apos;tokenGenerator&apos;
[DEBUG 15:52:50.466] - Returning cached instance of singleton bean &apos;org.springframework.aop.support.DefaultBeanFactoryPointcutAdvisor#0&apos;
[DEBUG 15:52:50.466] - Eagerly caching bean &apos;tokenGenerator&apos; to allow for resolving potential circular references
[DEBUG 15:52:50.466] - Returning cached instance of singleton bean &apos;org.springframework.aop.support.DefaultBeanFactoryPointcutAdvisor#0&apos;
[DEBUG 15:52:50.466] - Returning cached instance of singleton bean &apos;org.springframework.aop.support.DefaultBeanFactoryPointcutAdvisor#0&apos;
[DEBUG 15:52:50.466] - Finished creating instance of bean &apos;tokenGenerator&apos;
[DEBUG 15:52:50.466] - Autowiring by type from bean name &apos;userManager&apos; to bean named &apos;tokenGenerator&apos;
[DEBUG 15:52:50.466] - Processing injected method of bean &apos;userManager&apos;: AutowiredFieldElement for private com.ulearning.ulms.appbackend.oauth.TokenStorage com.ulearning.ulms.appbackend.service.UserManager.tokenStorage
[DEBUG 15:52:50.466] - Creating shared instance of singleton bean &apos;tokenStorage&apos;
[DEBUG 15:52:50.466] - Creating instance of bean &apos;tokenStorage&apos;
[DEBUG 15:52:50.466] - Returning cached instance of singleton bean &apos;org.springframework.aop.support.DefaultBeanFactoryPointcutAdvisor#0&apos;
[DEBUG 15:52:50.466] - Found injected element on class [com.ulearning.ulms.appbackend.oauth.TokenStorage]: AutowiredFieldElement for private com.ulearning.ulms.appbackend.util.support.MemcachedTemplate com.ulearning.ulms.appbackend.oauth.TokenStorage.memcachedTemplate
[DEBUG 15:52:50.466] - Eagerly caching bean &apos;tokenStorage&apos; to allow for resolving potential circular references
[DEBUG 15:52:50.466] - Processing injected method of bean &apos;tokenStorage&apos;: AutowiredFieldElement for private com.ulearning.ulms.appbackend.util.support.MemcachedTemplate com.ulearning.ulms.appbackend.oauth.TokenStorage.memcachedTemplate
[DEBUG 15:52:50.466] - Returning cached instance of singleton bean &apos;memcachedTemplate&apos;
[DEBUG 15:52:50.466] - Autowiring by type from bean name &apos;tokenStorage&apos; to bean named &apos;memcachedTemplate&apos;
[DEBUG 15:52:50.466] - Returning cached instance of singleton bean &apos;org.springframework.aop.support.DefaultBeanFactoryPointcutAdvisor#0&apos;
[DEBUG 15:52:50.466] - Returning cached instance of singleton bean &apos;org.springframework.aop.support.DefaultBeanFactoryPointcutAdvisor#0&apos;
[DEBUG 15:52:50.466] - Finished creating instance of bean &apos;tokenStorage&apos;
[DEBUG 15:52:50.466] - Autowiring by type from bean name &apos;userManager&apos; to bean named &apos;tokenStorage&apos;
[DEBUG 15:52:50.466] - Returning cached instance of singleton bean &apos;org.springframework.aop.support.DefaultBeanFactoryPointcutAdvisor#0&apos;
[DEBUG 15:52:50.466] - Returning cached instance of singleton bean &apos;org.springframework.aop.support.DefaultBeanFactoryPointcutAdvisor#0&apos;
[DEBUG 15:52:50.466] - Creating shared instance of singleton bean &apos;txAdvice&apos;
[DEBUG 15:52:50.466] - Creating instance of bean &apos;txAdvice&apos;
[DEBUG 15:52:50.466] - Eagerly caching bean &apos;txAdvice&apos; to allow for resolving potential circular references
[DEBUG 15:52:50.482] - Creating shared instance of singleton bean &apos;transactionManager&apos;
[DEBUG 15:52:50.482] - Creating instance of bean &apos;transactionManager&apos;
[DEBUG 15:52:50.482] - Returning cached instance of singleton bean &apos;org.springframework.aop.support.DefaultBeanFactoryPointcutAdvisor#0&apos;
[DEBUG 15:52:50.482] - Eagerly caching bean &apos;transactionManager&apos; to allow for resolving potential circular references
[DEBUG 15:52:50.497] - Returning cached instance of singleton bean &apos;sessionFactory&apos;
[DEBUG 15:52:50.497] - Invoking afterPropertiesSet() on bean with name &apos;transactionManager&apos;
[INFO  15:52:50.513] - Using DataSource [com.mchange.v2.c3p0.ComboPooledDataSource [ acquireIncrement -&gt; 1, acquireRetryAttempts -&gt; 30, acquireRetryDelay -&gt; 1000, autoCommitOnClose -&gt; false, automaticTestTable -&gt; null, breakAfterAcquireFailure -&gt; false, checkoutTimeout -&gt; 0, connectionCustomizerClassName -&gt; null, connectionTesterClassName -&gt; com.mchange.v2.c3p0.impl.DefaultConnectionTester, dataSourceName -&gt; 1hge0xw8q1og439rzv3hs8|6c0ec436, debugUnreturnedConnectionStackTraces -&gt; false, description -&gt; null, driverClass -&gt; com.mysql.jdbc.Driver, factoryClassLocation -&gt; null, forceIgnoreUnresolvedTransactions -&gt; false, identityToken -&gt; 1hge0xw8q1og439rzv3hs8|6c0ec436, idleConnectionTestPeriod -&gt; 30, initialPoolSize -&gt; 1, jdbcUrl -&gt; jdbc:mysql://192.168.0.220:3306/ulms_staedu0922, maxAdministrativeTaskTime -&gt; 0, maxConnectionAge -&gt; 0, maxIdleTime -&gt; 30, maxIdleTimeExcessConnections -&gt; 0, maxPoolSize -&gt; 3, maxStatements -&gt; 10, maxStatementsPerConnection -&gt; 0, minPoolSize -&gt; 1, numHelperThreads -&gt; 100, numThreadsAwaitingCheckoutDefaultUser -&gt; 0, preferredTestQuery -&gt; null, properties -&gt; {user=******, password=******}, propertyCycle -&gt; 0, testConnectionOnCheckin -&gt; false, testConnectionOnCheckout -&gt; false, unreturnedConnectionTimeout -&gt; 0, usesTraditionalReflectiveProxies -&gt; false ]] of Hibernate SessionFactory for HibernateTransactionManager
[DEBUG 15:52:50.560] - Returning cached instance of singleton bean &apos;org.springframework.aop.support.DefaultBeanFactoryPointcutAdvisor#0&apos;
[DEBUG 15:52:50.560] - Returning cached instance of singleton bean &apos;org.springframework.aop.support.DefaultBeanFactoryPointcutAdvisor#0&apos;
[DEBUG 15:52:50.575] - Finished creating instance of bean &apos;transactionManager&apos;
[DEBUG 15:52:50.575] - Creating instance of bean &apos;(inner bean)&apos;
[DEBUG 15:52:50.575] - Returning cached instance of singleton bean &apos;org.springframework.aop.support.DefaultBeanFactoryPointcutAdvisor#0&apos;
[DEBUG 15:52:50.575] - Adding transactional method [get*] with attribute [PROPAGATION_REQUIRED,ISOLATION_DEFAULT,readOnly]
[DEBUG 15:52:50.575] - Adding transactional method [add*] with attribute [PROPAGATION_REQUIRED,ISOLATION_DEFAULT]
[DEBUG 15:52:50.575] - Adding transactional method [update*] with attribute [PROPAGATION_REQUIRED,ISOLATION_DEFAULT]
[DEBUG 15:52:50.575] - Adding transactional method [delete*] with attribute [PROPAGATION_REQUIRED,ISOLATION_DEFAULT]
[DEBUG 15:52:50.575] - Adding transactional method [*] with attribute [PROPAGATION_REQUIRED,ISOLATION_DEFAULT]
[DEBUG 15:52:50.575] - Returning cached instance of singleton bean &apos;org.springframework.aop.support.DefaultBeanFactoryPointcutAdvisor#0&apos;
[DEBUG 15:52:50.575] - Returning cached instance of singleton bean &apos;org.springframework.aop.support.DefaultBeanFactoryPointcutAdvisor#0&apos;
[DEBUG 15:52:50.575] - Finished creating instance of bean &apos;(inner bean)&apos;
[DEBUG 15:52:50.575] - Invoking afterPropertiesSet() on bean with name &apos;txAdvice&apos;
[DEBUG 15:52:50.575] - Finished creating instance of bean &apos;txAdvice&apos;
[DEBUG 15:52:50.638] - Creating implicit proxy for bean &apos;userManager&apos; with 0 common interceptors and 2 specific interceptors
[DEBUG 15:52:50.669] - Creating CGLIB2 proxy: target source is SingletonTargetSource for target object [com.ulearning.ulms.appbackend.service.UserManager@1240a1e1]
[DEBUG 15:52:50.825] - Unable to apply any optimisations to advised method: public java.lang.String com.ulearning.ulms.appbackend.service.UserManager.getUser(java.lang.String)
[DEBUG 15:52:50.825] - Unable to apply any optimisations to advised method: public boolean com.ulearning.ulms.appbackend.service.UserManager.isUserExistByToken(java.lang.String)
[DEBUG 15:52:50.825] - Found finalize() method - using NO_OVERRIDE
[DEBUG 15:52:50.825] - Found &apos;equals&apos; method: public boolean java.lang.Object.equals(java.lang.Object)
[DEBUG 15:52:50.825] - Unable to apply any optimisations to advised method: public java.lang.String java.lang.Object.toString()
[DEBUG 15:52:50.825] - Found &apos;hashCode&apos; method: public native int java.lang.Object.hashCode()
[DEBUG 15:52:50.825] - Unable to apply any optimisations to advised method: protected native java.lang.Object java.lang.Object.clone() throws java.lang.CloneNotSupportedException
[DEBUG 15:52:50.825] - Method is declared on Advised interface: public abstract int org.springframework.aop.framework.Advised.indexOf(org.aopalliance.aop.Advice)
[DEBUG 15:52:50.825] - Method is declared on Advised interface: public abstract int org.springframework.aop.framework.Advised.indexOf(org.springframework.aop.Advisor)
[DEBUG 15:52:50.825] - Method is declared on Advised interface: public abstract boolean org.springframework.aop.framework.Advised.isFrozen()
[DEBUG 15:52:50.825] - Method is declared on Advised interface: public abstract org.springframework.aop.TargetSource org.springframework.aop.framework.Advised.getTargetSource()
[DEBUG 15:52:50.825] - Method is declared on Advised interface: public abstract void org.springframework.aop.framework.Advised.addAdvisor(org.springframework.aop.Advisor) throws org.springframework.aop.framework.AopConfigException
[DEBUG 15:52:50.825] - Method is declared on Advised interface: public abstract void org.springframework.aop.framework.Advised.addAdvisor(int,org.springframework.aop.Advisor) throws org.springframework.aop.framework.AopConfigException
[DEBUG 15:52:50.825] - Method is declared on Advised interface: public abstract void org.springframework.aop.framework.Advised.setTargetSource(org.springframework.aop.TargetSource)
[DEBUG 15:52:50.825] - Method is declared on Advised interface: public abstract void org.springframework.aop.framework.Advised.setPreFiltered(boolean)
[DEBUG 15:52:50.825] - Method is declared on Advised interface: public abstract boolean org.springframework.aop.framework.Advised.isProxyTargetClass()
[DEBUG 15:52:50.825] - Method is declared on Advised interface: public abstract void org.springframework.aop.framework.Advised.setExposeProxy(boolean)
[DEBUG 15:52:50.825] - Method is declared on Advised interface: public abstract boolean org.springframework.aop.framework.Advised.isExposeProxy()
[DEBUG 15:52:50.825] - Method is declared on Advised interface: public abstract void org.springframework.aop.framework.Advised.addAdvice(org.aopalliance.aop.Advice) throws org.springframework.aop.framework.AopConfigException
[DEBUG 15:52:50.825] - Method is declared on Advised interface: public abstract void org.springframework.aop.framework.Advised.addAdvice(int,org.aopalliance.aop.Advice) throws org.springframework.aop.framework.AopConfigException
[DEBUG 15:52:50.825] - Method is declared on Advised interface: public abstract boolean org.springframework.aop.framework.Advised.isPreFiltered()
[DEBUG 15:52:50.825] - Method is declared on Advised interface: public abstract java.lang.Class[] org.springframework.aop.framework.Advised.getProxiedInterfaces()
[DEBUG 15:52:50.825] - Method is declared on Advised interface: public abstract boolean org.springframework.aop.framework.Advised.isInterfaceProxied(java.lang.Class)
[DEBUG 15:52:50.825] - Method is declared on Advised interface: public abstract org.springframework.aop.Advisor[] org.springframework.aop.framework.Advised.getAdvisors()
[DEBUG 15:52:50.825] - Method is declared on Advised interface: public abstract void org.springframework.aop.framework.Advised.removeAdvisor(int) throws org.springframework.aop.framework.AopConfigException
[DEBUG 15:52:50.825] - Method is declared on Advised interface: public abstract boolean org.springframework.aop.framework.Advised.removeAdvisor(org.springframework.aop.Advisor)
[DEBUG 15:52:50.825] - Method is declared on Advised interface: public abstract boolean org.springframework.aop.framework.Advised.replaceAdvisor(org.springframework.aop.Advisor,org.springframework.aop.Advisor) throws org.springframework.aop.framework.AopConfigException
[DEBUG 15:52:50.825] - Method is declared on Advised interface: public abstract boolean org.springframework.aop.framework.Advised.removeAdvice(org.aopalliance.aop.Advice)
[DEBUG 15:52:50.825] - Method is declared on Advised interface: public abstract java.lang.String org.springframework.aop.framework.Advised.toProxyConfigString()
[DEBUG 15:52:50.825] - Method is declared on Advised interface: public abstract java.lang.Class org.springframework.aop.TargetClassAware.getTargetClass()
[DEBUG 15:52:50.856] - Finished creating instance of bean &apos;userManager&apos;
[DEBUG 15:52:50.856] - Autowiring by type from bean name &apos;tokenValidator&apos; to bean named &apos;userManager&apos;
[DEBUG 15:52:50.856] - Returning cached instance of singleton bean &apos;org.springframework.aop.support.DefaultBeanFactoryPointcutAdvisor#0&apos;
[DEBUG 15:52:50.856] - Returning cached instance of singleton bean &apos;org.springframework.aop.support.DefaultBeanFactoryPointcutAdvisor#0&apos;
[DEBUG 15:52:50.856] - Finished creating instance of bean &apos;tokenValidator&apos;
[DEBUG 15:52:50.856] - Autowiring by type from bean name &apos;OAuthTokenFilter&apos; to bean named &apos;tokenValidator&apos;
[DEBUG 15:52:50.856] - Returning cached instance of singleton bean &apos;org.springframework.aop.support.DefaultBeanFactoryPointcutAdvisor#0&apos;
[DEBUG 15:52:50.856] - Returning cached instance of singleton bean &apos;org.springframework.aop.support.DefaultBeanFactoryPointcutAdvisor#0&apos;
[DEBUG 15:52:50.856] - Finished creating instance of bean &apos;OAuthTokenFilter&apos;
[DEBUG 15:52:50.856] - Returning cached instance of singleton bean &apos;tokenGenerator&apos;
[DEBUG 15:52:50.856] - Returning cached instance of singleton bean &apos;tokenStorage&apos;
[DEBUG 15:52:50.856] - Returning cached instance of singleton bean &apos;tokenValidator&apos;
[DEBUG 15:52:50.856] - Creating shared instance of singleton bean &apos;feedRepositoryImpl&apos;
[DEBUG 15:52:50.856] - Creating instance of bean &apos;feedRepositoryImpl&apos;
[DEBUG 15:52:50.856] - Returning cached instance of singleton bean &apos;org.springframework.aop.support.DefaultBeanFactoryPointcutAdvisor#0&apos;
[DEBUG 15:52:50.872] - Found injected element on class [com.ulearning.ulms.appbackend.repository.impl.FeedRepositoryImpl]: AutowiredFieldElement for protected org.springframework.data.mongodb.core.MongoTemplate com.ulearning.ulms.appbackend.repository.impl.MongoRepositoryImpl.mongoTemplate
[DEBUG 15:52:50.872] - Eagerly caching bean &apos;feedRepositoryImpl&apos; to allow for resolving potential circular references
[DEBUG 15:52:50.872] - Processing injected method of bean &apos;feedRepositoryImpl&apos;: AutowiredFieldElement for protected org.springframework.data.mongodb.core.MongoTemplate com.ulearning.ulms.appbackend.repository.impl.MongoRepositoryImpl.mongoTemplate
[INFO  15:52:50.872] - Destroying singletons in org.springframework.beans.factory.support.DefaultListableBeanFactory@609903f4: defining beans [trade,apnsDaoImpl,bookMarkDaoImpl,catalogDaoImpl,commentDaoImpl,courseDaoImpl,noteDaoImpl,orderDaoImpl,SCODaoImpl,userCourseDaoImpl,userDaoImpl,OAuthTokenFilter,tokenGenerator,tokenStorage,tokenValidator,feedRepositoryImpl,updateRecordRepositoryImpl,apnsManager,bookMarkManager,catalogManager,commentManager,courseManager,feedManager,noteManager,orderManager,SCOManager,userManager,org.springframework.context.annotation.internalConfigurationAnnotationProcessor,org.springframework.context.annotation.internalAutowiredAnnotationProcessor,org.springframework.context.annotation.internalRequiredAnnotationProcessor,org.springframework.context.annotation.internalCommonAnnotationProcessor,org.springframework.context.annotation.internalPersistenceAnnotationProcessor,org.springframework.context.support.PropertySourcesPlaceholderConfigurer#0,dataSource,sessionFactory,transactionManager,txAdvice,org.springframework.aop.config.internalAutoProxyCreator,Methods,org.springframework.aop.support.DefaultBeanFactoryPointcutAdvisor#0,jdbcTemplate,memcachedClientBuilder,memcachedClient,memcachedTemplate,org.springframework.context.annotation.ConfigurationClassPostProcessor$ImportAwareBeanPostProcessor#0]; root of factory hierarchy
[DEBUG 15:52:50.887] - Retrieved dependent beans for bean &apos;(inner bean)&apos;: [txAdvice]
[DEBUG 15:52:50.887] - Invoking destroy method &apos;shutdown&apos; on bean with name &apos;memcachedClient&apos;
[DEBUG 15:52:50.919] - Retrieved dependent beans for bean &apos;java.net.InetSocketAddress#3b49a794&apos;: [memcachedClientBuilder]
[DEBUG 15:52:50.919] - Invoking destroy() on bean with name &apos;sessionFactory&apos;
[DEBUG 15:52:50.919] - HHH000031: Closing
[DEBUG 15:52:50.934] - Invoking destroy method &apos;close&apos; on bean with name &apos;dataSource&apos;
[DEBUG 15:52:50.934] - MBean: com.mchange.v2.c3p0:type=PooledDataSource[1hge0xw8q1og439rzv3hs8|6c0ec436] unregistered.
[DEBUG 15:52:50.934] - Preparing to destroy resource: com.mchange.v2.c3p0.impl.NewPooledConnection@3bfc47
[DEBUG 15:52:50.934] - Preparing to destroy PooledConnection: com.mchange.v2.c3p0.impl.NewPooledConnection@3bfc47
[DEBUG 15:52:50.934] - Thread[com.mchange.v2.async.ThreadPoolAsynchronousRunner$PoolThread-#50,5,main] interrupted. Shutting down.
[DEBUG 15:52:50.934] - Thread[com.mchange.v2.async.ThreadPoolAsynchronousRunner$PoolThread-#64,5,main] interrupted. Shutting down.
[DEBUG 15:52:50.934] - Thread[com.mchange.v2.async.ThreadPoolAsynchronousRunner$PoolThread-#4,5,main] interrupted. Shutting down.
[DEBUG 15:52:50.934] - C3P0Registry mbean unregistered.
[DEBUG 15:52:50.934] - Thread[com.mchange.v2.async.ThreadPoolAsynchronousRunner$PoolThread-#85,5,main] interrupted. Shutting down.
[DEBUG 15:52:50.934] - Thread[com.mchange.v2.async.ThreadPoolAsynchronousRunner$PoolThread-#75,5,main] interrupted. Shutting down.
[DEBUG 15:52:50.934] - Thread[com.mchange.v2.async.ThreadPoolAsynchronousRunner$PoolThread-#43,5,main] interrupted. Shutting down.
[DEBUG 15:52:50.934] - Thread[com.mchange.v2.async.ThreadPoolAsynchronousRunner$PoolThread-#23,5,main] interrupted. Shutting down.
[DEBUG 15:52:50.934] - Thread[com.mchange.v2.async.ThreadPoolAsynchronousRunner$PoolThread-#79,5,main] interrupted. Shutting down.
[DEBUG 15:52:50.934] - Thread[com.mchange.v2.async.ThreadPoolAsynchronousRunner$PoolThread-#37,5,main] interrupted. Shutting down.
[DEBUG 15:52:50.934] - Thread[com.mchange.v2.async.ThreadPoolAsynchronousRunner$PoolThread-#63,5,main] interrupted. Shutting down.
[DEBUG 15:52:50.934] - Thread[com.mchange.v2.async.ThreadPoolAsynchronousRunner$PoolThread-#19,5,main] interrupted. Shutting down.
[DEBUG 15:52:50.934] - Thread[com.mchange.v2.async.ThreadPoolAsynchronousRunner$PoolThread-#1,5,main] interrupted. Shutting down.
[DEBUG 15:52:50.934] - Thread[com.mchange.v2.async.ThreadPoolAsynchronousRunner$PoolThread-#13,5,main] interrupted. Shutting down.
[DEBUG 15:52:50.934] - Thread[com.mchange.v2.async.ThreadPoolAsynchronousRunner$PoolThread-#27,5,main] interrupted. Shutting down.
[DEBUG 15:52:50.934] - Thread[com.mchange.v2.async.ThreadPoolAsynchronousRunner$PoolThread-#35,5,main] interrupted. Shutting down.
[DEBUG 15:52:50.934] - Thread[com.mchange.v2.async.ThreadPoolAsynchronousRunner$PoolThread-#53,5,main] interrupted. Shutting down.
[DEBUG 15:52:50.934] - Thread[com.mchange.v2.async.ThreadPoolAsynchronousRunner$PoolThread-#41,5,main] interrupted. Shutting down.
[DEBUG 15:52:50.934] - Thread[com.mchange.v2.async.ThreadPoolAsynchronousRunner$PoolThread-#93,5,main] interrupted. Shutting down.
[DEBUG 15:52:50.934] - Thread[com.mchange.v2.async.ThreadPoolAsynchronousRunner$PoolThread-#45,5,main] interrupted. Shutting down.
[DEBUG 15:52:50.934] - Thread[com.mchange.v2.async.ThreadPoolAsynchronousRunner$PoolThread-#33,5,main] interrupted. Shutting down.
[DEBUG 15:52:50.950] - Thread[com.mchange.v2.async.ThreadPoolAsynchronousRunner$PoolThread-#29,5,main] interrupted. Shutting down.
[DEBUG 15:52:50.950] - Thread[com.mchange.v2.async.ThreadPoolAsynchronousRunner$PoolThread-#24,5,main] interrupted. Shutting down.
[DEBUG 15:52:50.950] - Thread[com.mchange.v2.async.ThreadPoolAsynchronousRunner$PoolThread-#36,5,main] interrupted. Shutting down.
[DEBUG 15:52:50.965] - Thread[com.mchange.v2.async.ThreadPoolAsynchronousRunner$PoolThread-#14,5,main] interrupted. Shutting down.
[DEBUG 15:52:50.950] - Thread[com.mchange.v2.async.ThreadPoolAsynchronousRunner$PoolThread-#88,5,main] interrupted. Shutting down.
[DEBUG 15:52:50.950] - Thread[com.mchange.v2.async.ThreadPoolAsynchronousRunner$PoolThread-#28,5,main] interrupted. Shutting down.
[DEBUG 15:52:50.950] - Thread[com.mchange.v2.async.ThreadPoolAsynchronousRunner$PoolThread-#40,5,main] interrupted. Shutting down.
[DEBUG 15:52:50.950] - Thread[com.mchange.v2.async.ThreadPoolAsynchronousRunner$PoolThread-#6,5,main] interrupted. Shutting down.
[DEBUG 15:52:50.950] - com.mchange.v2.c3p0.impl.NewPooledConnection@3bfc47 closed by a client.
java.lang.Exception: DEBUG -- CLOSE BY CLIENT STACK TRACE
	at com.mchange.v2.c3p0.impl.NewPooledConnection.close(NewPooledConnection.java:566) [c3p0-0.9.1.2.jar:0.9.1.2]
	at com.mchange.v2.c3p0.impl.NewPooledConnection.close(NewPooledConnection.java:234) [c3p0-0.9.1.2.jar:0.9.1.2]
	at com.mchange.v2.c3p0.impl.C3P0PooledConnectionPool$1PooledConnectionResourcePoolManager.destroyResource(C3P0PooledConnectionPool.java:470) [c3p0-0.9.1.2.jar:0.9.1.2]
	at com.mchange.v2.resourcepool.BasicResourcePool$1DestroyResourceTask.run(BasicResourcePool.java:964) [c3p0-0.9.1.2.jar:0.9.1.2]
	at com.mchange.v2.resourcepool.BasicResourcePool.destroyResource(BasicResourcePool.java:989) [c3p0-0.9.1.2.jar:0.9.1.2]
	at com.mchange.v2.resourcepool.BasicResourcePool.access$100(BasicResourcePool.java:32) [c3p0-0.9.1.2.jar:0.9.1.2]
	at com.mchange.v2.resourcepool.BasicResourcePool$5.run(BasicResourcePool.java:1174) [c3p0-0.9.1.2.jar:0.9.1.2]
[DEBUG 15:52:50.965] - Successfully destroyed PooledConnection: com.mchange.v2.c3p0.impl.NewPooledConnection@3bfc47
[DEBUG 15:52:50.965] - Successfully destroyed resource: com.mchange.v2.c3p0.impl.NewPooledConnection@3bfc47
[DEBUG 15:52:50.965] - com.mchange.v2.c3p0.ComboPooledDataSource@6c0ec436 has been closed. 
java.lang.Exception: DEBUG STACK TRACE for PoolBackedDataSource.close().
	at com.mchange.v2.c3p0.impl.AbstractPoolBackedDataSource.close(AbstractPoolBackedDataSource.java:417) [c3p0-0.9.1.2.jar:0.9.1.2]
	at sun.reflect.NativeMethodAccessorImpl.invoke0(Native Method) ~[na:1.6.0_34]
	at sun.reflect.NativeMethodAccessorImpl.invoke(NativeMethodAccessorImpl.java:39) ~[na:1.6.0_34]
	at sun.reflect.DelegatingMethodAccessorImpl.invoke(DelegatingMethodAccessorImpl.java:25) ~[na:1.6.0_34]
	at java.lang.reflect.Method.invoke(Method.java:597) ~[na:1.6.0_34]
	at org.springframework.beans.factory.support.DisposableBeanAdapter.invokeCustomDestroyMethod(DisposableBeanAdapter.java:300) [spring-beans-3.1.2.RELEASE.jar:3.1.2.RELEASE]
	at org.springframework.beans.factory.support.DisposableBeanAdapter.destroy(DisposableBeanAdapter.java:226) [spring-beans-3.1.2.RELEASE.jar:3.1.2.RELEASE]
	at org.springframework.beans.factory.support.DefaultSingletonBeanRegistry.destroyBean(DefaultSingletonBeanRegistry.java:498) [spring-beans-3.1.2.RELEASE.jar:3.1.2.RELEASE]
	at org.springframework.beans.factory.support.DefaultSingletonBeanRegistry.destroySingleton(DefaultSingletonBeanRegistry.java:474) [spring-beans-3.1.2.RELEASE.jar:3.1.2.RELEASE]
	at org.springframework.beans.factory.support.DefaultSingletonBeanRegistry.destroySingletons(DefaultSingletonBeanRegistry.java:442) [spring-beans-3.1.2.RELEASE.jar:3.1.2.RELEASE]
	at org.springframework.context.support.AbstractApplicationContext.destroyBeans(AbstractApplicationContext.java:1071) [spring-context-3.1.2.RELEASE.jar:3.1.2.RELEASE]
	at org.springframework.context.support.AbstractApplicationContext.refresh(AbstractApplicationContext.java:477) [spring-context-3.1.2.RELEASE.jar:3.1.2.RELEASE]
	at org.springframework.test.context.support.AbstractGenericContextLoader.loadContext(AbstractGenericContextLoader.java:103) [spring-test-3.1.2.RELEASE.jar:3.1.2.RELEASE]
	at org.springframework.test.context.support.AbstractGenericContextLoader.loadContext(AbstractGenericContextLoader.java:1) [spring-test-3.1.2.RELEASE.jar:3.1.2.RELEASE]
	at org.springframework.test.context.support.DelegatingSmartContextLoader.loadContext(DelegatingSmartContextLoader.java:228) [spring-test-3.1.2.RELEASE.jar:3.1.2.RELEASE]
	at org.springframework.test.context.TestContext.loadApplicationContext(TestContext.java:124) [spring-test-3.1.2.RELEASE.jar:3.1.2.RELEASE]
	at org.springframework.test.context.TestContext.getApplicationContext(TestContext.java:148) [spring-test-3.1.2.RELEASE.jar:3.1.2.RELEASE]
	at org.springframework.test.context.support.DependencyInjectionTestExecutionListener.injectDependencies(DependencyInjectionTestExecutionListener.java:109) [spring-test-3.1.2.RELEASE.jar:3.1.2.RELEASE]
	at org.springframework.test.context.support.DependencyInjectionTestExecutionListener.prepareTestInstance(DependencyInjectionTestExecutionListener.java:75) [spring-test-3.1.2.RELEASE.jar:3.1.2.RELEASE]
	at org.springframework.test.context.TestContextManager.prepareTestInstance(TestContextManager.java:321) [spring-test-3.1.2.RELEASE.jar:3.1.2.RELEASE]
	at org.springframework.test.context.junit4.SpringJUnit4ClassRunner.createTest(SpringJUnit4ClassRunner.java:211) [spring-test-3.1.2.RELEASE.jar:3.1.2.RELEASE]
	at org.springframework.test.context.junit4.SpringJUnit4ClassRunner$1.runReflectiveCall(SpringJUnit4ClassRunner.java:288) [spring-test-3.1.2.RELEASE.jar:3.1.2.RELEASE]
	at org.junit.internal.runners.model.ReflectiveCallable.run(ReflectiveCallable.java:15) [junit-4.9.jar:na]
	at org.springframework.test.context.junit4.SpringJUnit4ClassRunner.methodBlock(SpringJUnit4ClassRunner.java:290) [spring-test-3.1.2.RELEASE.jar:3.1.2.RELEASE]
	at org.springframework.test.context.junit4.SpringJUnit4ClassRunner.runChild(SpringJUnit4ClassRunner.java:231) [spring-test-3.1.2.RELEASE.jar:3.1.2.RELEASE]
	at org.junit.runners.BlockJUnit4ClassRunner.runChild(BlockJUnit4ClassRunner.java:48) [junit-4.9.jar:na]
	at org.junit.runners.ParentRunner$3.run(ParentRunner.java:231) [junit-4.9.jar:na]
	at org.junit.runners.ParentRunner$1.schedule(ParentRunner.java:60) [junit-4.9.jar:na]
	at org.junit.runners.ParentRunner.runChildren(ParentRunner.java:229) [junit-4.9.jar:na]
	at org.junit.runners.ParentRunner.access$000(ParentRunner.java:50) [junit-4.9.jar:na]
	at org.junit.runners.ParentRunner$2.evaluate(ParentRunner.java:222) [junit-4.9.jar:na]
	at org.springframework.test.context.junit4.statements.RunBeforeTestClassCallbacks.evaluate(RunBeforeTestClassCallbacks.java:61) [spring-test-3.1.2.RELEASE.jar:3.1.2.RELEASE]
	at org.springframework.test.context.junit4.statements.RunAfterTestClassCallbacks.evaluate(RunAfterTestClassCallbacks.java:71) [spring-test-3.1.2.RELEASE.jar:3.1.2.RELEASE]
	at org.junit.runners.ParentRunner.run(ParentRunner.java:292) [junit-4.9.jar:na]
	at org.springframework.test.context.junit4.SpringJUnit4ClassRunner.run(SpringJUnit4ClassRunner.java:174) [spring-test-3.1.2.RELEASE.jar:3.1.2.RELEASE]
	at org.apache.maven.surefire.junit4.JUnit4TestSet.execute(JUnit4TestSet.java:53) [surefire-junit4-2.10.jar:2.10]
	at org.apache.maven.surefire.junit4.JUnit4Provider.executeTestSet(JUnit4Provider.java:123) [surefire-junit4-2.10.jar:2.10]
	at org.apache.maven.surefire.junit4.JUnit4Provider.invoke(JUnit4Provider.java:104) [surefire-junit4-2.10.jar:2.10]
	at sun.reflect.NativeMethodAccessorImpl.invoke0(Native Method) ~[na:1.6.0_34]
	at sun.reflect.NativeMethodAccessorImpl.invoke(NativeMethodAccessorImpl.java:39) ~[na:1.6.0_34]
	at sun.reflect.DelegatingMethodAccessorImpl.invoke(DelegatingMethodAccessorImpl.java:25) ~[na:1.6.0_34]
	at java.lang.reflect.Method.invoke(Method.java:597) ~[na:1.6.0_34]
	at org.apache.maven.surefire.util.ReflectionUtils.invokeMethodWithArray(ReflectionUtils.java:164) [surefire-api-2.10.jar:2.10]
	at org.apache.maven.surefire.booter.ProviderFactory$ProviderProxy.invoke(ProviderFactory.java:110) [surefire-booter-2.10.jar:2.10]
	at org.apache.maven.surefire.booter.SurefireStarter.invokeProvider(SurefireStarter.java:175) [surefire-booter-2.10.jar:2.10]
	at org.apache.maven.surefire.booter.SurefireStarter.runSuitesInProcessWhenForked(SurefireStarter.java:107) [surefire-booter-2.10.jar:2.10]
	at org.apache.maven.surefire.booter.ForkedBooter.main(ForkedBooter.java:68) [surefire-booter-2.10.jar:2.10]
[ERROR 15:52:50.965] - Caught exception while allowing TestExecutionListener [org.springframework.test.context.support.DependencyInjectionTestExecutionListener@469c15d2] to prepare test instance [com.ulearning.ulms.appbackend.dao.UserDaoTest@783c342b]
java.lang.IllegalStateException: Failed to load ApplicationContext
	at org.springframework.test.context.TestContext.getApplicationContext(TestContext.java:157) ~[spring-test-3.1.2.RELEASE.jar:3.1.2.RELEASE]
	at org.springframework.test.context.support.DependencyInjectionTestExecutionListener.injectDependencies(DependencyInjectionTestExecutionListener.java:109) ~[spring-test-3.1.2.RELEASE.jar:3.1.2.RELEASE]
	at org.springframework.test.context.support.DependencyInjectionTestExecutionListener.prepareTestInstance(DependencyInjectionTestExecutionListener.java:75) ~[spring-test-3.1.2.RELEASE.jar:3.1.2.RELEASE]
	at org.springframework.test.context.TestContextManager.prepareTestInstance(TestContextManager.java:321) ~[spring-test-3.1.2.RELEASE.jar:3.1.2.RELEASE]
	at org.springframework.test.context.junit4.SpringJUnit4ClassRunner.createTest(SpringJUnit4ClassRunner.java:211) [spring-test-3.1.2.RELEASE.jar:3.1.2.RELEASE]
	at org.springframework.test.context.junit4.SpringJUnit4ClassRunner$1.runReflectiveCall(SpringJUnit4ClassRunner.java:288) [spring-test-3.1.2.RELEASE.jar:3.1.2.RELEASE]
	at org.junit.internal.runners.model.ReflectiveCallable.run(ReflectiveCallable.java:15) [junit-4.9.jar:na]
	at org.springframework.test.context.junit4.SpringJUnit4ClassRunner.methodBlock(SpringJUnit4ClassRunner.java:290) [spring-test-3.1.2.RELEASE.jar:3.1.2.RELEASE]
	at org.springframework.test.context.junit4.SpringJUnit4ClassRunner.runChild(SpringJUnit4ClassRunner.java:231) [spring-test-3.1.2.RELEASE.jar:3.1.2.RELEASE]
	at org.junit.runners.BlockJUnit4ClassRunner.runChild(BlockJUnit4ClassRunner.java:48) [junit-4.9.jar:na]
	at org.junit.runners.ParentRunner$3.run(ParentRunner.java:231) [junit-4.9.jar:na]
	at org.junit.runners.ParentRunner$1.schedule(ParentRunner.java:60) [junit-4.9.jar:na]
	at org.junit.runners.ParentRunner.runChildren(ParentRunner.java:229) [junit-4.9.jar:na]
	at org.junit.runners.ParentRunner.access$000(ParentRunner.java:50) [junit-4.9.jar:na]
	at org.junit.runners.ParentRunner$2.evaluate(ParentRunner.java:222) [junit-4.9.jar:na]
	at org.springframework.test.context.junit4.statements.RunBeforeTestClassCallbacks.evaluate(RunBeforeTestClassCallbacks.java:61) [spring-test-3.1.2.RELEASE.jar:3.1.2.RELEASE]
	at org.springframework.test.context.junit4.statements.RunAfterTestClassCallbacks.evaluate(RunAfterTestClassCallbacks.java:71) [spring-test-3.1.2.RELEASE.jar:3.1.2.RELEASE]
	at org.junit.runners.ParentRunner.run(ParentRunner.java:292) [junit-4.9.jar:na]
	at org.springframework.test.context.junit4.SpringJUnit4ClassRunner.run(SpringJUnit4ClassRunner.java:174) [spring-test-3.1.2.RELEASE.jar:3.1.2.RELEASE]
	at org.apache.maven.surefire.junit4.JUnit4TestSet.execute(JUnit4TestSet.java:53) [surefire-junit4-2.10.jar:2.10]
	at org.apache.maven.surefire.junit4.JUnit4Provider.executeTestSet(JUnit4Provider.java:123) [surefire-junit4-2.10.jar:2.10]
	at org.apache.maven.surefire.junit4.JUnit4Provider.invoke(JUnit4Provider.java:104) [surefire-junit4-2.10.jar:2.10]
	at sun.reflect.NativeMethodAccessorImpl.invoke0(Native Method) ~[na:1.6.0_34]
	at sun.reflect.NativeMethodAccessorImpl.invoke(NativeMethodAccessorImpl.java:39) ~[na:1.6.0_34]
	at sun.reflect.DelegatingMethodAccessorImpl.invoke(DelegatingMethodAccessorImpl.java:25) ~[na:1.6.0_34]
	at java.lang.reflect.Method.invoke(Method.java:597) ~[na:1.6.0_34]
	at org.apache.maven.surefire.util.ReflectionUtils.invokeMethodWithArray(ReflectionUtils.java:164) [surefire-api-2.10.jar:2.10]
	at org.apache.maven.surefire.booter.ProviderFactory$ProviderProxy.invoke(ProviderFactory.java:110) [surefire-booter-2.10.jar:2.10]
	at org.apache.maven.surefire.booter.SurefireStarter.invokeProvider(SurefireStarter.java:175) [surefire-booter-2.10.jar:2.10]
	at org.apache.maven.surefire.booter.SurefireStarter.runSuitesInProcessWhenForked(SurefireStarter.java:107) [surefire-booter-2.10.jar:2.10]
	at org.apache.maven.surefire.booter.ForkedBooter.main(ForkedBooter.java:68) [surefire-booter-2.10.jar:2.10]
Caused by: org.springframework.beans.factory.BeanCreationException: Error creating bean with name &apos;feedRepositoryImpl&apos;: Injection of autowired dependencies failed; nested exception is org.springframework.beans.factory.BeanCreationException: Could not autowire field: protected org.springframework.data.mongodb.core.MongoTemplate com.ulearning.ulms.appbackend.repository.impl.MongoRepositoryImpl.mongoTemplate; nested exception is org.springframework.beans.factory.NoSuchBeanDefinitionException: No matching bean of type [org.springframework.data.mongodb.core.MongoTemplate] found for dependency: expected at least 1 bean which qualifies as autowire candidate for this dependency. Dependency annotations: {@org.springframework.beans.factory.annotation.Autowired(required=true)}
	at org.springframework.beans.factory.annotation.AutowiredAnnotationBeanPostProcessor.postProcessPropertyValues(AutowiredAnnotationBeanPostProcessor.java:287) ~[spring-beans-3.1.2.RELEASE.jar:3.1.2.RELEASE]
	at org.springframework.beans.factory.support.AbstractAutowireCapableBeanFactory.populateBean(AbstractAutowireCapableBeanFactory.java:1106) ~[spring-beans-3.1.2.RELEASE.jar:3.1.2.RELEASE]
	at org.springframework.beans.factory.support.AbstractAutowireCapableBeanFactory.doCreateBean(AbstractAutowireCapableBeanFactory.java:517) ~[spring-beans-3.1.2.RELEASE.jar:3.1.2.RELEASE]
	at org.springframework.beans.factory.support.AbstractAutowireCapableBeanFactory.createBean(AbstractAutowireCapableBeanFactory.java:456) ~[spring-beans-3.1.2.RELEASE.jar:3.1.2.RELEASE]
	at org.springframework.beans.factory.support.AbstractBeanFactory$1.getObject(AbstractBeanFactory.java:294) ~[spring-beans-3.1.2.RELEASE.jar:3.1.2.RELEASE]
	at org.springframework.beans.factory.support.DefaultSingletonBeanRegistry.getSingleton(DefaultSingletonBeanRegistry.java:225) ~[spring-beans-3.1.2.RELEASE.jar:3.1.2.RELEASE]
	at org.springframework.beans.factory.support.AbstractBeanFactory.doGetBean(AbstractBeanFactory.java:291) ~[spring-beans-3.1.2.RELEASE.jar:3.1.2.RELEASE]
	at org.springframework.beans.factory.support.AbstractBeanFactory.getBean(AbstractBeanFactory.java:193) ~[spring-beans-3.1.2.RELEASE.jar:3.1.2.RELEASE]
	at org.springframework.beans.factory.support.DefaultListableBeanFactory.preInstantiateSingletons(DefaultListableBeanFactory.java:609) ~[spring-beans-3.1.2.RELEASE.jar:3.1.2.RELEASE]
	at org.springframework.context.support.AbstractApplicationContext.finishBeanFactoryInitialization(AbstractApplicationContext.java:918) ~[spring-context-3.1.2.RELEASE.jar:3.1.2.RELEASE]
	at org.springframework.context.support.AbstractApplicationContext.refresh(AbstractApplicationContext.java:469) ~[spring-context-3.1.2.RELEASE.jar:3.1.2.RELEASE]
	at org.springframework.test.context.support.AbstractGenericContextLoader.loadContext(AbstractGenericContextLoader.java:103) ~[spring-test-3.1.2.RELEASE.jar:3.1.2.RELEASE]
	at org.springframework.test.context.support.AbstractGenericContextLoader.loadContext(AbstractGenericContextLoader.java:1) ~[spring-test-3.1.2.RELEASE.jar:3.1.2.RELEASE]
	at org.springframework.test.context.support.DelegatingSmartContextLoader.loadContext(DelegatingSmartContextLoader.java:228) ~[spring-test-3.1.2.RELEASE.jar:3.1.2.RELEASE]
	at org.springframework.test.context.TestContext.loadApplicationContext(TestContext.java:124) ~[spring-test-3.1.2.RELEASE.jar:3.1.2.RELEASE]
	at org.springframework.test.context.TestContext.getApplicationContext(TestContext.java:148) ~[spring-test-3.1.2.RELEASE.jar:3.1.2.RELEASE]
	... 30 common frames omitted
Caused by: org.springframework.beans.factory.BeanCreationException: Could not autowire field: protected org.springframework.data.mongodb.core.MongoTemplate com.ulearning.ulms.appbackend.repository.impl.MongoRepositoryImpl.mongoTemplate; nested exception is org.springframework.beans.factory.NoSuchBeanDefinitionException: No matching bean of type [org.springframework.data.mongodb.core.MongoTemplate] found for dependency: expected at least 1 bean which qualifies as autowire candidate for this dependency. Dependency annotations: {@org.springframework.beans.factory.annotation.Autowired(required=true)}
	at org.springframework.beans.factory.annotation.AutowiredAnnotationBeanPostProcessor$AutowiredFieldElement.inject(AutowiredAnnotationBeanPostProcessor.java:506) ~[spring-beans-3.1.2.RELEASE.jar:3.1.2.RELEASE]
	at org.springframework.beans.factory.annotation.InjectionMetadata.inject(InjectionMetadata.java:87) ~[spring-beans-3.1.2.RELEASE.jar:3.1.2.RELEASE]
	at org.springframework.beans.factory.annotation.AutowiredAnnotationBeanPostProcessor.postProcessPropertyValues(AutowiredAnnotationBeanPostProcessor.java:284) ~[spring-beans-3.1.2.RELEASE.jar:3.1.2.RELEASE]
	... 45 common frames omitted
Caused by: org.springframework.beans.factory.NoSuchBeanDefinitionException: No matching bean of type [org.springframework.data.mongodb.core.MongoTemplate] found for dependency: expected at least 1 bean which qualifies as autowire candidate for this dependency. Dependency annotations: {@org.springframework.beans.factory.annotation.Autowired(required=true)}
	at org.springframework.beans.factory.support.DefaultListableBeanFactory.raiseNoSuchBeanDefinitionException(DefaultListableBeanFactory.java:952) ~[spring-beans-3.1.2.RELEASE.jar:3.1.2.RELEASE]
	at org.springframework.beans.factory.support.DefaultListableBeanFactory.doResolveDependency(DefaultListableBeanFactory.java:821) ~[spring-beans-3.1.2.RELEASE.jar:3.1.2.RELEASE]
	at org.springframework.beans.factory.support.DefaultListableBeanFactory.resolveDependency(DefaultListableBeanFactory.java:735) ~[spring-beans-3.1.2.RELEASE.jar:3.1.2.RELEASE]
	at org.springframework.beans.factory.annotation.AutowiredAnnotationBeanPostProcessor$AutowiredFieldElement.inject(AutowiredAnnotationBeanPostProcessor.java:478) ~[spring-beans-3.1.2.RELEASE.jar:3.1.2.RELEASE]
	... 47 common frames omitted
</system-out>
  </testcase>
</testsuite>